<?xml version="1.0" encoding="UTF-8"?>
<testsuite xmlns:xsi="http://www.w3.org/2001/XMLSchema-instance" xsi:noNamespaceSchemaLocation="https://maven.apache.org/surefire/maven-surefire-plugin/xsd/surefire-test-report.xsd" name="com.unisoft.csinfotechbd.CsinfotechbdApplicationTests" time="56.879" tests="1" errors="1" skipped="0" failures="0">
  <properties>
    <property name="sun.desktop" value="windows"/>
    <property name="awt.toolkit" value="sun.awt.windows.WToolkit"/>
    <property name="file.encoding.pkg" value="sun.io"/>
    <property name="java.specification.version" value="1.8"/>
    <property name="sun.cpu.isalist" value="amd64"/>
    <property name="sun.jnu.encoding" value="Cp1252"/>
    <property name="java.class.path" value="E:\work\projects\IFIC_Collection\target\test-classes;E:\work\projects\IFIC_Collection\target\classes;C:\Users\User\.m2\repository\org\springframework\boot\spring-boot-starter-thymeleaf\2.0.7.RELEASE\spring-boot-starter-thymeleaf-2.0.7.RELEASE.jar;C:\Users\User\.m2\repository\org\springframework\boot\spring-boot-starter\2.0.7.RELEASE\spring-boot-starter-2.0.7.RELEASE.jar;C:\Users\User\.m2\repository\org\springframework\boot\spring-boot\2.0.7.RELEASE\spring-boot-2.0.7.RELEASE.jar;C:\Users\User\.m2\repository\org\springframework\boot\spring-boot-autoconfigure\2.0.7.RELEASE\spring-boot-autoconfigure-2.0.7.RELEASE.jar;C:\Users\User\.m2\repository\org\springframework\boot\spring-boot-starter-logging\2.0.7.RELEASE\spring-boot-starter-logging-2.0.7.RELEASE.jar;C:\Users\User\.m2\repository\ch\qos\logback\logback-classic\1.2.3\logback-classic-1.2.3.jar;C:\Users\User\.m2\repository\ch\qos\logback\logback-core\1.2.3\logback-core-1.2.3.jar;C:\Users\User\.m2\repository\org\apache\logging\log4j\log4j-to-slf4j\2.10.0\log4j-to-slf4j-2.10.0.jar;C:\Users\User\.m2\repository\org\apache\logging\log4j\log4j-api\2.10.0\log4j-api-2.10.0.jar;C:\Users\User\.m2\repository\org\slf4j\jul-to-slf4j\1.7.25\jul-to-slf4j-1.7.25.jar;C:\Users\User\.m2\repository\javax\annotation\javax.annotation-api\1.3.2\javax.annotation-api-1.3.2.jar;C:\Users\User\.m2\repository\org\yaml\snakeyaml\1.19\snakeyaml-1.19.jar;C:\Users\User\.m2\repository\org\thymeleaf\thymeleaf-spring5\3.0.11.RELEASE\thymeleaf-spring5-3.0.11.RELEASE.jar;C:\Users\User\.m2\repository\com\twilio\sdk\twilio-java-sdk\3.4.5\twilio-java-sdk-3.4.5.jar;C:\Users\User\.m2\repository\org\apache\httpcomponents\httpclient\4.5.6\httpclient-4.5.6.jar;C:\Users\User\.m2\repository\org\apache\httpcomponents\httpcore\4.4.10\httpcore-4.4.10.jar;C:\Users\User\.m2\repository\commons-codec\commons-codec\1.11\commons-codec-1.11.jar;C:\Users\User\.m2\repository\commons-lang\commons-lang\2.6\commons-lang-2.6.jar;C:\Users\User\.m2\repository\com\googlecode\json-simple\json-simple\1.1.1\json-simple-1.1.1.jar;C:\Users\User\.m2\repository\org\codehaus\jackson\jackson-mapper-asl\1.9.3\jackson-mapper-asl-1.9.3.jar;C:\Users\User\.m2\repository\org\codehaus\jackson\jackson-core-asl\1.9.3\jackson-core-asl-1.9.3.jar;C:\Users\User\.m2\repository\org\springframework\boot\spring-boot-starter-actuator\2.0.7.RELEASE\spring-boot-starter-actuator-2.0.7.RELEASE.jar;C:\Users\User\.m2\repository\org\springframework\boot\spring-boot-actuator-autoconfigure\2.0.7.RELEASE\spring-boot-actuator-autoconfigure-2.0.7.RELEASE.jar;C:\Users\User\.m2\repository\org\springframework\boot\spring-boot-actuator\2.0.7.RELEASE\spring-boot-actuator-2.0.7.RELEASE.jar;C:\Users\User\.m2\repository\com\fasterxml\jackson\datatype\jackson-datatype-jsr310\2.9.7\jackson-datatype-jsr310-2.9.7.jar;C:\Users\User\.m2\repository\io\micrometer\micrometer-core\1.0.8\micrometer-core-1.0.8.jar;C:\Users\User\.m2\repository\org\hdrhistogram\HdrHistogram\2.1.10\HdrHistogram-2.1.10.jar;C:\Users\User\.m2\repository\org\latencyutils\LatencyUtils\2.0.3\LatencyUtils-2.0.3.jar;C:\Users\User\.m2\repository\nz\net\ultraq\thymeleaf\thymeleaf-layout-dialect\2.3.0\thymeleaf-layout-dialect-2.3.0.jar;C:\Users\User\.m2\repository\nz\net\ultraq\thymeleaf\thymeleaf-expression-processor\1.1.3\thymeleaf-expression-processor-1.1.3.jar;C:\Users\User\.m2\repository\org\codehaus\groovy\groovy\2.4.15\groovy-2.4.15.jar;C:\Users\User\.m2\repository\org\thymeleaf\thymeleaf\3.0.11.RELEASE\thymeleaf-3.0.11.RELEASE.jar;C:\Users\User\.m2\repository\ognl\ognl\3.1.12\ognl-3.1.12.jar;C:\Users\User\.m2\repository\org\attoparser\attoparser\2.0.5.RELEASE\attoparser-2.0.5.RELEASE.jar;C:\Users\User\.m2\repository\org\unbescape\unbescape\1.1.6.RELEASE\unbescape-1.1.6.RELEASE.jar;C:\Users\User\.m2\repository\org\springframework\boot\spring-boot-starter-web\2.0.7.RELEASE\spring-boot-starter-web-2.0.7.RELEASE.jar;C:\Users\User\.m2\repository\org\springframework\boot\spring-boot-starter-json\2.0.7.RELEASE\spring-boot-starter-json-2.0.7.RELEASE.jar;C:\Users\User\.m2\repository\com\fasterxml\jackson\datatype\jackson-datatype-jdk8\2.9.7\jackson-datatype-jdk8-2.9.7.jar;C:\Users\User\.m2\repository\com\fasterxml\jackson\module\jackson-module-parameter-names\2.9.7\jackson-module-parameter-names-2.9.7.jar;C:\Users\User\.m2\repository\org\springframework\boot\spring-boot-starter-tomcat\2.0.7.RELEASE\spring-boot-starter-tomcat-2.0.7.RELEASE.jar;C:\Users\User\.m2\repository\org\apache\tomcat\embed\tomcat-embed-core\9.0.12\tomcat-embed-core-9.0.12.jar;C:\Users\User\.m2\repository\org\apache\tomcat\embed\tomcat-embed-el\9.0.12\tomcat-embed-el-9.0.12.jar;C:\Users\User\.m2\repository\org\apache\tomcat\embed\tomcat-embed-websocket\9.0.12\tomcat-embed-websocket-9.0.12.jar;C:\Users\User\.m2\repository\org\hibernate\validator\hibernate-validator\6.0.13.Final\hibernate-validator-6.0.13.Final.jar;C:\Users\User\.m2\repository\javax\validation\validation-api\2.0.1.Final\validation-api-2.0.1.Final.jar;C:\Users\User\.m2\repository\org\jboss\logging\jboss-logging\3.3.2.Final\jboss-logging-3.3.2.Final.jar;C:\Users\User\.m2\repository\com\fasterxml\classmate\1.3.4\classmate-1.3.4.jar;C:\Users\User\.m2\repository\org\springframework\spring-web\5.0.11.RELEASE\spring-web-5.0.11.RELEASE.jar;C:\Users\User\.m2\repository\org\springframework\spring-beans\5.0.11.RELEASE\spring-beans-5.0.11.RELEASE.jar;C:\Users\User\.m2\repository\org\springframework\spring-webmvc\5.0.11.RELEASE\spring-webmvc-5.0.11.RELEASE.jar;C:\Users\User\.m2\repository\org\springframework\spring-expression\5.0.11.RELEASE\spring-expression-5.0.11.RELEASE.jar;C:\Users\User\.m2\repository\org\springframework\boot\spring-boot-starter-data-jpa\2.0.7.RELEASE\spring-boot-starter-data-jpa-2.0.7.RELEASE.jar;C:\Users\User\.m2\repository\org\springframework\boot\spring-boot-starter-aop\2.0.7.RELEASE\spring-boot-starter-aop-2.0.7.RELEASE.jar;C:\Users\User\.m2\repository\org\aspectj\aspectjweaver\1.8.13\aspectjweaver-1.8.13.jar;C:\Users\User\.m2\repository\javax\transaction\javax.transaction-api\1.2\javax.transaction-api-1.2.jar;C:\Users\User\.m2\repository\org\hibernate\hibernate-core\5.2.17.Final\hibernate-core-5.2.17.Final.jar;C:\Users\User\.m2\repository\org\hibernate\javax\persistence\hibernate-jpa-2.1-api\1.0.2.Final\hibernate-jpa-2.1-api-1.0.2.Final.jar;C:\Users\User\.m2\repository\org\javassist\javassist\3.22.0-GA\javassist-3.22.0-GA.jar;C:\Users\User\.m2\repository\antlr\antlr\2.7.7\antlr-2.7.7.jar;C:\Users\User\.m2\repository\org\jboss\jandex\2.0.3.Final\jandex-2.0.3.Final.jar;C:\Users\User\.m2\repository\dom4j\dom4j\1.6.1\dom4j-1.6.1.jar;C:\Users\User\.m2\repository\org\hibernate\common\hibernate-commons-annotations\5.0.1.Final\hibernate-commons-annotations-5.0.1.Final.jar;C:\Users\User\.m2\repository\org\springframework\data\spring-data-jpa\2.0.12.RELEASE\spring-data-jpa-2.0.12.RELEASE.jar;C:\Users\User\.m2\repository\org\springframework\data\spring-data-commons\2.0.12.RELEASE\spring-data-commons-2.0.12.RELEASE.jar;C:\Users\User\.m2\repository\org\springframework\spring-orm\5.0.11.RELEASE\spring-orm-5.0.11.RELEASE.jar;C:\Users\User\.m2\repository\org\springframework\spring-tx\5.0.11.RELEASE\spring-tx-5.0.11.RELEASE.jar;C:\Users\User\.m2\repository\org\springframework\spring-aspects\5.0.11.RELEASE\spring-aspects-5.0.11.RELEASE.jar;C:\Users\User\.m2\repository\org\springframework\data\spring-data-envers\2.0.12.RELEASE\spring-data-envers-2.0.12.RELEASE.jar;C:\Users\User\.m2\repository\org\hibernate\hibernate-envers\5.2.17.Final\hibernate-envers-5.2.17.Final.jar;C:\Users\User\.m2\repository\joda-time\joda-time\2.9.9\joda-time-2.9.9.jar;C:\Users\User\.m2\repository\org\slf4j\slf4j-api\1.7.25\slf4j-api-1.7.25.jar;C:\Users\User\.m2\repository\org\springframework\boot\spring-boot-starter-jdbc\2.0.7.RELEASE\spring-boot-starter-jdbc-2.0.7.RELEASE.jar;C:\Users\User\.m2\repository\org\springframework\spring-jdbc\5.0.11.RELEASE\spring-jdbc-5.0.11.RELEASE.jar;C:\Users\User\.m2\repository\com\oracle\ojdbc\ojdbc8\19.3.0.0\ojdbc8-19.3.0.0.jar;C:\Users\User\.m2\repository\com\oracle\ojdbc\ucp\19.3.0.0\ucp-19.3.0.0.jar;C:\Users\User\.m2\repository\com\oracle\ojdbc\oraclepki\19.3.0.0\oraclepki-19.3.0.0.jar;C:\Users\User\.m2\repository\com\oracle\ojdbc\osdt_cert\19.3.0.0\osdt_cert-19.3.0.0.jar;C:\Users\User\.m2\repository\com\oracle\ojdbc\osdt_core\19.3.0.0\osdt_core-19.3.0.0.jar;C:\Users\User\.m2\repository\com\oracle\ojdbc\simplefan\19.3.0.0\simplefan-19.3.0.0.jar;C:\Users\User\.m2\repository\com\oracle\ojdbc\ons\19.3.0.0\ons-19.3.0.0.jar;C:\Users\User\.m2\repository\org\springframework\boot\spring-boot-starter-security\2.0.7.RELEASE\spring-boot-starter-security-2.0.7.RELEASE.jar;C:\Users\User\.m2\repository\org\springframework\spring-aop\5.0.11.RELEASE\spring-aop-5.0.11.RELEASE.jar;C:\Users\User\.m2\repository\org\springframework\security\spring-security-config\5.0.10.RELEASE\spring-security-config-5.0.10.RELEASE.jar;C:\Users\User\.m2\repository\org\springframework\security\spring-security-core\5.0.10.RELEASE\spring-security-core-5.0.10.RELEASE.jar;C:\Users\User\.m2\repository\org\springframework\security\spring-security-web\5.0.10.RELEASE\spring-security-web-5.0.10.RELEASE.jar;C:\Users\User\.m2\repository\org\thymeleaf\extras\thymeleaf-extras-springsecurity4\3.0.4.RELEASE\thymeleaf-extras-springsecurity4-3.0.4.RELEASE.jar;C:\Users\User\.m2\repository\org\projectlombok\lombok\1.16.22\lombok-1.16.22.jar;C:\Users\User\.m2\repository\org\springframework\boot\spring-boot-starter-test\2.0.7.RELEASE\spring-boot-starter-test-2.0.7.RELEASE.jar;C:\Users\User\.m2\repository\org\springframework\boot\spring-boot-test\2.0.7.RELEASE\spring-boot-test-2.0.7.RELEASE.jar;C:\Users\User\.m2\repository\org\springframework\boot\spring-boot-test-autoconfigure\2.0.7.RELEASE\spring-boot-test-autoconfigure-2.0.7.RELEASE.jar;C:\Users\User\.m2\repository\com\jayway\jsonpath\json-path\2.4.0\json-path-2.4.0.jar;C:\Users\User\.m2\repository\net\minidev\json-smart\2.3\json-smart-2.3.jar;C:\Users\User\.m2\repository\net\minidev\accessors-smart\1.2\accessors-smart-1.2.jar;C:\Users\User\.m2\repository\org\ow2\asm\asm\5.0.4\asm-5.0.4.jar;C:\Users\User\.m2\repository\junit\junit\4.12\junit-4.12.jar;C:\Users\User\.m2\repository\org\assertj\assertj-core\3.9.1\assertj-core-3.9.1.jar;C:\Users\User\.m2\repository\org\mockito\mockito-core\2.15.0\mockito-core-2.15.0.jar;C:\Users\User\.m2\repository\net\bytebuddy\byte-buddy\1.7.11\byte-buddy-1.7.11.jar;C:\Users\User\.m2\repository\net\bytebuddy\byte-buddy-agent\1.7.11\byte-buddy-agent-1.7.11.jar;C:\Users\User\.m2\repository\org\objenesis\objenesis\2.6\objenesis-2.6.jar;C:\Users\User\.m2\repository\org\hamcrest\hamcrest-core\1.3\hamcrest-core-1.3.jar;C:\Users\User\.m2\repository\org\hamcrest\hamcrest-library\1.3\hamcrest-library-1.3.jar;C:\Users\User\.m2\repository\org\skyscreamer\jsonassert\1.5.0\jsonassert-1.5.0.jar;C:\Users\User\.m2\repository\com\vaadin\external\google\android-json\0.0.20131108.vaadin1\android-json-0.0.20131108.vaadin1.jar;C:\Users\User\.m2\repository\org\springframework\spring-core\5.0.11.RELEASE\spring-core-5.0.11.RELEASE.jar;C:\Users\User\.m2\repository\org\springframework\spring-jcl\5.0.11.RELEASE\spring-jcl-5.0.11.RELEASE.jar;C:\Users\User\.m2\repository\org\springframework\spring-test\5.0.11.RELEASE\spring-test-5.0.11.RELEASE.jar;C:\Users\User\.m2\repository\org\xmlunit\xmlunit-core\2.5.1\xmlunit-core-2.5.1.jar;C:\Users\User\.m2\repository\commons-fileupload\commons-fileupload\1.4\commons-fileupload-1.4.jar;C:\Users\User\.m2\repository\org\springframework\boot\spring-boot-starter-mail\2.0.7.RELEASE\spring-boot-starter-mail-2.0.7.RELEASE.jar;C:\Users\User\.m2\repository\org\springframework\spring-context\5.0.11.RELEASE\spring-context-5.0.11.RELEASE.jar;C:\Users\User\.m2\repository\org\springframework\spring-context-support\5.0.11.RELEASE\spring-context-support-5.0.11.RELEASE.jar;C:\Users\User\.m2\repository\com\sun\mail\javax.mail\1.6.2\javax.mail-1.6.2.jar;C:\Users\User\.m2\repository\javax\activation\activation\1.1\activation-1.1.jar;C:\Users\User\.m2\repository\javax\mail\javax.mail-api\1.6.2\javax.mail-api-1.6.2.jar;C:\Users\User\.m2\repository\com\google\code\gson\gson\2.8.5\gson-2.8.5.jar;C:\Users\User\.m2\repository\commons-io\commons-io\2.6\commons-io-2.6.jar;C:\Users\User\.m2\repository\org\apache\chemistry\opencmis\chemistry-opencmis-client-impl\1.0.0\chemistry-opencmis-client-impl-1.0.0.jar;C:\Users\User\.m2\repository\org\apache\chemistry\opencmis\chemistry-opencmis-client-api\1.0.0\chemistry-opencmis-client-api-1.0.0.jar;C:\Users\User\.m2\repository\org\apache\chemistry\opencmis\chemistry-opencmis-commons-api\1.0.0\chemistry-opencmis-commons-api-1.0.0.jar;C:\Users\User\.m2\repository\org\apache\chemistry\opencmis\chemistry-opencmis-commons-impl\1.0.0\chemistry-opencmis-commons-impl-1.0.0.jar;C:\Users\User\.m2\repository\org\codehaus\woodstox\woodstox-core-asl\4.4.1\woodstox-core-asl-4.4.1.jar;C:\Users\User\.m2\repository\org\apache\chemistry\opencmis\chemistry-opencmis-client-bindings\1.0.0\chemistry-opencmis-client-bindings-1.0.0.jar;C:\Users\User\.m2\repository\org\apache\cxf\cxf-rt-frontend-jaxws\3.0.10\cxf-rt-frontend-jaxws-3.0.10.jar;C:\Users\User\.m2\repository\xml-resolver\xml-resolver\1.2\xml-resolver-1.2.jar;C:\Users\User\.m2\repository\asm\asm\3.3.1\asm-3.3.1.jar;C:\Users\User\.m2\repository\org\apache\cxf\cxf-core\3.0.10\cxf-core-3.0.10.jar;C:\Users\User\.m2\repository\org\apache\ws\xmlschema\xmlschema-core\2.2.1\xmlschema-core-2.2.1.jar;C:\Users\User\.m2\repository\org\apache\cxf\cxf-rt-bindings-soap\3.0.10\cxf-rt-bindings-soap-3.0.10.jar;C:\Users\User\.m2\repository\org\apache\cxf\cxf-rt-wsdl\3.0.10\cxf-rt-wsdl-3.0.10.jar;C:\Users\User\.m2\repository\org\apache\cxf\cxf-rt-databinding-jaxb\3.0.10\cxf-rt-databinding-jaxb-3.0.10.jar;C:\Users\User\.m2\repository\com\sun\xml\bind\jaxb-impl\2.2.11\jaxb-impl-2.2.11.jar;C:\Users\User\.m2\repository\com\sun\xml\bind\jaxb-core\2.2.11\jaxb-core-2.2.11.jar;C:\Users\User\.m2\repository\org\apache\cxf\cxf-rt-bindings-xml\3.0.10\cxf-rt-bindings-xml-3.0.10.jar;C:\Users\User\.m2\repository\org\apache\cxf\cxf-rt-frontend-simple\3.0.10\cxf-rt-frontend-simple-3.0.10.jar;C:\Users\User\.m2\repository\org\apache\cxf\cxf-rt-ws-addr\3.0.10\cxf-rt-ws-addr-3.0.10.jar;C:\Users\User\.m2\repository\org\apache\cxf\cxf-rt-transports-http\3.0.10\cxf-rt-transports-http-3.0.10.jar;C:\Users\User\.m2\repository\org\apache\cxf\cxf-rt-ws-policy\3.0.10\cxf-rt-ws-policy-3.0.10.jar;C:\Users\User\.m2\repository\wsdl4j\wsdl4j\1.6.3\wsdl4j-1.6.3.jar;C:\Users\User\.m2\repository\org\apache\neethi\neethi\3.0.3\neethi-3.0.3.jar;C:\Users\User\.m2\repository\org\apache\httpcomponents\fluent-hc\4.5.3\fluent-hc-4.5.3.jar;C:\Users\User\.m2\repository\commons-logging\commons-logging\1.2\commons-logging-1.2.jar;C:\Users\User\.m2\repository\org\apache\poi\poi-ooxml\3.12\poi-ooxml-3.12.jar;C:\Users\User\.m2\repository\org\apache\poi\poi\3.12\poi-3.12.jar;C:\Users\User\.m2\repository\org\apache\poi\poi-ooxml-schemas\3.12\poi-ooxml-schemas-3.12.jar;C:\Users\User\.m2\repository\org\apache\xmlbeans\xmlbeans\2.6.0\xmlbeans-2.6.0.jar;C:\Users\User\.m2\repository\stax\stax-api\1.0.1\stax-api-1.0.1.jar;C:\Users\User\.m2\repository\com\zaxxer\HikariCP\4.0.3\HikariCP-4.0.3.jar;C:\Users\User\.m2\repository\org\webjars\bootstrap\3.3.7\bootstrap-3.3.7.jar;C:\Users\User\.m2\repository\org\webjars\jquery\1.11.1\jquery-1.11.1.jar;C:\Users\User\.m2\repository\com\fasterxml\jackson\core\jackson-databind\2.9.8\jackson-databind-2.9.8.jar;C:\Users\User\.m2\repository\com\fasterxml\jackson\core\jackson-annotations\2.9.0\jackson-annotations-2.9.0.jar;C:\Users\User\.m2\repository\com\fasterxml\jackson\core\jackson-core\2.9.7\jackson-core-2.9.7.jar;C:\Users\User\.m2\repository\net\sf\jasperreports\jasperreports\6.6.0\jasperreports-6.6.0.jar;C:\Users\User\.m2\repository\commons-beanutils\commons-beanutils\1.9.3\commons-beanutils-1.9.3.jar;C:\Users\User\.m2\repository\commons-collections\commons-collections\3.2.2\commons-collections-3.2.2.jar;C:\Users\User\.m2\repository\commons-digester\commons-digester\2.1\commons-digester-2.1.jar;C:\Users\User\.m2\repository\com\lowagie\itext\2.1.7.js6\itext-2.1.7.js6.jar;C:\Users\User\.m2\repository\org\bouncycastle\bcprov-jdk15on\1.52\bcprov-jdk15on-1.52.jar;C:\Users\User\.m2\repository\org\jfree\jcommon\1.0.23\jcommon-1.0.23.jar;C:\Users\User\.m2\repository\org\jfree\jfreechart\1.0.19\jfreechart-1.0.19.jar;C:\Users\User\.m2\repository\org\eclipse\jdt\core\compiler\ecj\4.4.2\ecj-4.4.2.jar;C:\Users\User\.m2\repository\org\codehaus\castor\castor-xml\1.3.3\castor-xml-1.3.3.jar;C:\Users\User\.m2\repository\org\codehaus\castor\castor-core\1.3.3\castor-core-1.3.3.jar;C:\Users\User\.m2\repository\javax\inject\javax.inject\1\javax.inject-1.jar;C:\Users\User\.m2\repository\stax\stax\1.2.0\stax-1.2.0.jar;C:\Users\User\.m2\repository\javax\xml\stream\stax-api\1.0-2\stax-api-1.0-2.jar;C:\Users\User\.m2\repository\com\ibm\icu\icu4j\57.1\icu4j-57.1.jar;C:\Users\User\.m2\repository\org\thymeleaf\extras\thymeleaf-extras-java8time\3.0.1.RELEASE\thymeleaf-extras-java8time-3.0.1.RELEASE.jar;C:\Users\User\.m2\repository\com\fasterxml\jackson\dataformat\jackson-dataformat-xml\2.9.9\jackson-dataformat-xml-2.9.9.jar;C:\Users\User\.m2\repository\com\fasterxml\jackson\module\jackson-module-jaxb-annotations\2.9.7\jackson-module-jaxb-annotations-2.9.7.jar;C:\Users\User\.m2\repository\org\codehaus\woodstox\stax2-api\3.1.4\stax2-api-3.1.4.jar;C:\Users\User\.m2\repository\com\fasterxml\woodstox\woodstox-core\5.1.0\woodstox-core-5.1.0.jar;C:\Users\User\.m2\repository\org\springframework\boot\spring-boot-starter-web-services\2.0.7.RELEASE\spring-boot-starter-web-services-2.0.7.RELEASE.jar;C:\Users\User\.m2\repository\org\springframework\spring-oxm\5.0.11.RELEASE\spring-oxm-5.0.11.RELEASE.jar;C:\Users\User\.m2\repository\org\springframework\ws\spring-ws-core\3.0.4.RELEASE\spring-ws-core-3.0.4.RELEASE.jar;C:\Users\User\.m2\repository\org\springframework\ws\spring-xml\3.0.4.RELEASE\spring-xml-3.0.4.RELEASE.jar;C:\Users\User\.m2\repository\com\github\ulisesbocchio\jasypt-spring-boot-starter\3.0.3\jasypt-spring-boot-starter-3.0.3.jar;C:\Users\User\.m2\repository\com\github\ulisesbocchio\jasypt-spring-boot\3.0.3\jasypt-spring-boot-3.0.3.jar;C:\Users\User\.m2\repository\org\jasypt\jasypt\1.9.3\jasypt-1.9.3.jar;C:\Users\User\.m2\repository\org\json\json\20180130\json-20180130.jar;"/>
    <property name="java.vm.vendor" value="Oracle Corporation"/>
    <property name="sun.arch.data.model" value="64"/>
    <property name="user.variant" value=""/>
    <property name="java.vendor.url" value="http://java.oracle.com/"/>
    <property name="user.timezone" value=""/>
    <property name="java.vm.specification.version" value="1.8"/>
    <property name="os.name" value="Windows 10"/>
    <property name="user.country" value="US"/>
    <property name="sun.java.launcher" value="SUN_STANDARD"/>
    <property name="sun.boot.library.path" value="C:\Program Files\Java\jdk1.8.0_202\jre\bin"/>
    <property name="sun.java.command" value="C:\Users\User\AppData\Local\Temp\surefire5125157228918733205\surefirebooter2695171537084089234.jar C:\Users\User\AppData\Local\Temp\surefire5125157228918733205 2022-11-21T11-26-48_591-jvmRun1 surefire7799154978787324522tmp surefire_0952219748281942044tmp"/>
    <property name="surefire.test.class.path" value="E:\work\projects\IFIC_Collection\target\test-classes;E:\work\projects\IFIC_Collection\target\classes;C:\Users\User\.m2\repository\org\springframework\boot\spring-boot-starter-thymeleaf\2.0.7.RELEASE\spring-boot-starter-thymeleaf-2.0.7.RELEASE.jar;C:\Users\User\.m2\repository\org\springframework\boot\spring-boot-starter\2.0.7.RELEASE\spring-boot-starter-2.0.7.RELEASE.jar;C:\Users\User\.m2\repository\org\springframework\boot\spring-boot\2.0.7.RELEASE\spring-boot-2.0.7.RELEASE.jar;C:\Users\User\.m2\repository\org\springframework\boot\spring-boot-autoconfigure\2.0.7.RELEASE\spring-boot-autoconfigure-2.0.7.RELEASE.jar;C:\Users\User\.m2\repository\org\springframework\boot\spring-boot-starter-logging\2.0.7.RELEASE\spring-boot-starter-logging-2.0.7.RELEASE.jar;C:\Users\User\.m2\repository\ch\qos\logback\logback-classic\1.2.3\logback-classic-1.2.3.jar;C:\Users\User\.m2\repository\ch\qos\logback\logback-core\1.2.3\logback-core-1.2.3.jar;C:\Users\User\.m2\repository\org\apache\logging\log4j\log4j-to-slf4j\2.10.0\log4j-to-slf4j-2.10.0.jar;C:\Users\User\.m2\repository\org\apache\logging\log4j\log4j-api\2.10.0\log4j-api-2.10.0.jar;C:\Users\User\.m2\repository\org\slf4j\jul-to-slf4j\1.7.25\jul-to-slf4j-1.7.25.jar;C:\Users\User\.m2\repository\javax\annotation\javax.annotation-api\1.3.2\javax.annotation-api-1.3.2.jar;C:\Users\User\.m2\repository\org\yaml\snakeyaml\1.19\snakeyaml-1.19.jar;C:\Users\User\.m2\repository\org\thymeleaf\thymeleaf-spring5\3.0.11.RELEASE\thymeleaf-spring5-3.0.11.RELEASE.jar;C:\Users\User\.m2\repository\com\twilio\sdk\twilio-java-sdk\3.4.5\twilio-java-sdk-3.4.5.jar;C:\Users\User\.m2\repository\org\apache\httpcomponents\httpclient\4.5.6\httpclient-4.5.6.jar;C:\Users\User\.m2\repository\org\apache\httpcomponents\httpcore\4.4.10\httpcore-4.4.10.jar;C:\Users\User\.m2\repository\commons-codec\commons-codec\1.11\commons-codec-1.11.jar;C:\Users\User\.m2\repository\commons-lang\commons-lang\2.6\commons-lang-2.6.jar;C:\Users\User\.m2\repository\com\googlecode\json-simple\json-simple\1.1.1\json-simple-1.1.1.jar;C:\Users\User\.m2\repository\org\codehaus\jackson\jackson-mapper-asl\1.9.3\jackson-mapper-asl-1.9.3.jar;C:\Users\User\.m2\repository\org\codehaus\jackson\jackson-core-asl\1.9.3\jackson-core-asl-1.9.3.jar;C:\Users\User\.m2\repository\org\springframework\boot\spring-boot-starter-actuator\2.0.7.RELEASE\spring-boot-starter-actuator-2.0.7.RELEASE.jar;C:\Users\User\.m2\repository\org\springframework\boot\spring-boot-actuator-autoconfigure\2.0.7.RELEASE\spring-boot-actuator-autoconfigure-2.0.7.RELEASE.jar;C:\Users\User\.m2\repository\org\springframework\boot\spring-boot-actuator\2.0.7.RELEASE\spring-boot-actuator-2.0.7.RELEASE.jar;C:\Users\User\.m2\repository\com\fasterxml\jackson\datatype\jackson-datatype-jsr310\2.9.7\jackson-datatype-jsr310-2.9.7.jar;C:\Users\User\.m2\repository\io\micrometer\micrometer-core\1.0.8\micrometer-core-1.0.8.jar;C:\Users\User\.m2\repository\org\hdrhistogram\HdrHistogram\2.1.10\HdrHistogram-2.1.10.jar;C:\Users\User\.m2\repository\org\latencyutils\LatencyUtils\2.0.3\LatencyUtils-2.0.3.jar;C:\Users\User\.m2\repository\nz\net\ultraq\thymeleaf\thymeleaf-layout-dialect\2.3.0\thymeleaf-layout-dialect-2.3.0.jar;C:\Users\User\.m2\repository\nz\net\ultraq\thymeleaf\thymeleaf-expression-processor\1.1.3\thymeleaf-expression-processor-1.1.3.jar;C:\Users\User\.m2\repository\org\codehaus\groovy\groovy\2.4.15\groovy-2.4.15.jar;C:\Users\User\.m2\repository\org\thymeleaf\thymeleaf\3.0.11.RELEASE\thymeleaf-3.0.11.RELEASE.jar;C:\Users\User\.m2\repository\ognl\ognl\3.1.12\ognl-3.1.12.jar;C:\Users\User\.m2\repository\org\attoparser\attoparser\2.0.5.RELEASE\attoparser-2.0.5.RELEASE.jar;C:\Users\User\.m2\repository\org\unbescape\unbescape\1.1.6.RELEASE\unbescape-1.1.6.RELEASE.jar;C:\Users\User\.m2\repository\org\springframework\boot\spring-boot-starter-web\2.0.7.RELEASE\spring-boot-starter-web-2.0.7.RELEASE.jar;C:\Users\User\.m2\repository\org\springframework\boot\spring-boot-starter-json\2.0.7.RELEASE\spring-boot-starter-json-2.0.7.RELEASE.jar;C:\Users\User\.m2\repository\com\fasterxml\jackson\datatype\jackson-datatype-jdk8\2.9.7\jackson-datatype-jdk8-2.9.7.jar;C:\Users\User\.m2\repository\com\fasterxml\jackson\module\jackson-module-parameter-names\2.9.7\jackson-module-parameter-names-2.9.7.jar;C:\Users\User\.m2\repository\org\springframework\boot\spring-boot-starter-tomcat\2.0.7.RELEASE\spring-boot-starter-tomcat-2.0.7.RELEASE.jar;C:\Users\User\.m2\repository\org\apache\tomcat\embed\tomcat-embed-core\9.0.12\tomcat-embed-core-9.0.12.jar;C:\Users\User\.m2\repository\org\apache\tomcat\embed\tomcat-embed-el\9.0.12\tomcat-embed-el-9.0.12.jar;C:\Users\User\.m2\repository\org\apache\tomcat\embed\tomcat-embed-websocket\9.0.12\tomcat-embed-websocket-9.0.12.jar;C:\Users\User\.m2\repository\org\hibernate\validator\hibernate-validator\6.0.13.Final\hibernate-validator-6.0.13.Final.jar;C:\Users\User\.m2\repository\javax\validation\validation-api\2.0.1.Final\validation-api-2.0.1.Final.jar;C:\Users\User\.m2\repository\org\jboss\logging\jboss-logging\3.3.2.Final\jboss-logging-3.3.2.Final.jar;C:\Users\User\.m2\repository\com\fasterxml\classmate\1.3.4\classmate-1.3.4.jar;C:\Users\User\.m2\repository\org\springframework\spring-web\5.0.11.RELEASE\spring-web-5.0.11.RELEASE.jar;C:\Users\User\.m2\repository\org\springframework\spring-beans\5.0.11.RELEASE\spring-beans-5.0.11.RELEASE.jar;C:\Users\User\.m2\repository\org\springframework\spring-webmvc\5.0.11.RELEASE\spring-webmvc-5.0.11.RELEASE.jar;C:\Users\User\.m2\repository\org\springframework\spring-expression\5.0.11.RELEASE\spring-expression-5.0.11.RELEASE.jar;C:\Users\User\.m2\repository\org\springframework\boot\spring-boot-starter-data-jpa\2.0.7.RELEASE\spring-boot-starter-data-jpa-2.0.7.RELEASE.jar;C:\Users\User\.m2\repository\org\springframework\boot\spring-boot-starter-aop\2.0.7.RELEASE\spring-boot-starter-aop-2.0.7.RELEASE.jar;C:\Users\User\.m2\repository\org\aspectj\aspectjweaver\1.8.13\aspectjweaver-1.8.13.jar;C:\Users\User\.m2\repository\javax\transaction\javax.transaction-api\1.2\javax.transaction-api-1.2.jar;C:\Users\User\.m2\repository\org\hibernate\hibernate-core\5.2.17.Final\hibernate-core-5.2.17.Final.jar;C:\Users\User\.m2\repository\org\hibernate\javax\persistence\hibernate-jpa-2.1-api\1.0.2.Final\hibernate-jpa-2.1-api-1.0.2.Final.jar;C:\Users\User\.m2\repository\org\javassist\javassist\3.22.0-GA\javassist-3.22.0-GA.jar;C:\Users\User\.m2\repository\antlr\antlr\2.7.7\antlr-2.7.7.jar;C:\Users\User\.m2\repository\org\jboss\jandex\2.0.3.Final\jandex-2.0.3.Final.jar;C:\Users\User\.m2\repository\dom4j\dom4j\1.6.1\dom4j-1.6.1.jar;C:\Users\User\.m2\repository\org\hibernate\common\hibernate-commons-annotations\5.0.1.Final\hibernate-commons-annotations-5.0.1.Final.jar;C:\Users\User\.m2\repository\org\springframework\data\spring-data-jpa\2.0.12.RELEASE\spring-data-jpa-2.0.12.RELEASE.jar;C:\Users\User\.m2\repository\org\springframework\data\spring-data-commons\2.0.12.RELEASE\spring-data-commons-2.0.12.RELEASE.jar;C:\Users\User\.m2\repository\org\springframework\spring-orm\5.0.11.RELEASE\spring-orm-5.0.11.RELEASE.jar;C:\Users\User\.m2\repository\org\springframework\spring-tx\5.0.11.RELEASE\spring-tx-5.0.11.RELEASE.jar;C:\Users\User\.m2\repository\org\springframework\spring-aspects\5.0.11.RELEASE\spring-aspects-5.0.11.RELEASE.jar;C:\Users\User\.m2\repository\org\springframework\data\spring-data-envers\2.0.12.RELEASE\spring-data-envers-2.0.12.RELEASE.jar;C:\Users\User\.m2\repository\org\hibernate\hibernate-envers\5.2.17.Final\hibernate-envers-5.2.17.Final.jar;C:\Users\User\.m2\repository\joda-time\joda-time\2.9.9\joda-time-2.9.9.jar;C:\Users\User\.m2\repository\org\slf4j\slf4j-api\1.7.25\slf4j-api-1.7.25.jar;C:\Users\User\.m2\repository\org\springframework\boot\spring-boot-starter-jdbc\2.0.7.RELEASE\spring-boot-starter-jdbc-2.0.7.RELEASE.jar;C:\Users\User\.m2\repository\org\springframework\spring-jdbc\5.0.11.RELEASE\spring-jdbc-5.0.11.RELEASE.jar;C:\Users\User\.m2\repository\com\oracle\ojdbc\ojdbc8\19.3.0.0\ojdbc8-19.3.0.0.jar;C:\Users\User\.m2\repository\com\oracle\ojdbc\ucp\19.3.0.0\ucp-19.3.0.0.jar;C:\Users\User\.m2\repository\com\oracle\ojdbc\oraclepki\19.3.0.0\oraclepki-19.3.0.0.jar;C:\Users\User\.m2\repository\com\oracle\ojdbc\osdt_cert\19.3.0.0\osdt_cert-19.3.0.0.jar;C:\Users\User\.m2\repository\com\oracle\ojdbc\osdt_core\19.3.0.0\osdt_core-19.3.0.0.jar;C:\Users\User\.m2\repository\com\oracle\ojdbc\simplefan\19.3.0.0\simplefan-19.3.0.0.jar;C:\Users\User\.m2\repository\com\oracle\ojdbc\ons\19.3.0.0\ons-19.3.0.0.jar;C:\Users\User\.m2\repository\org\springframework\boot\spring-boot-starter-security\2.0.7.RELEASE\spring-boot-starter-security-2.0.7.RELEASE.jar;C:\Users\User\.m2\repository\org\springframework\spring-aop\5.0.11.RELEASE\spring-aop-5.0.11.RELEASE.jar;C:\Users\User\.m2\repository\org\springframework\security\spring-security-config\5.0.10.RELEASE\spring-security-config-5.0.10.RELEASE.jar;C:\Users\User\.m2\repository\org\springframework\security\spring-security-core\5.0.10.RELEASE\spring-security-core-5.0.10.RELEASE.jar;C:\Users\User\.m2\repository\org\springframework\security\spring-security-web\5.0.10.RELEASE\spring-security-web-5.0.10.RELEASE.jar;C:\Users\User\.m2\repository\org\thymeleaf\extras\thymeleaf-extras-springsecurity4\3.0.4.RELEASE\thymeleaf-extras-springsecurity4-3.0.4.RELEASE.jar;C:\Users\User\.m2\repository\org\projectlombok\lombok\1.16.22\lombok-1.16.22.jar;C:\Users\User\.m2\repository\org\springframework\boot\spring-boot-starter-test\2.0.7.RELEASE\spring-boot-starter-test-2.0.7.RELEASE.jar;C:\Users\User\.m2\repository\org\springframework\boot\spring-boot-test\2.0.7.RELEASE\spring-boot-test-2.0.7.RELEASE.jar;C:\Users\User\.m2\repository\org\springframework\boot\spring-boot-test-autoconfigure\2.0.7.RELEASE\spring-boot-test-autoconfigure-2.0.7.RELEASE.jar;C:\Users\User\.m2\repository\com\jayway\jsonpath\json-path\2.4.0\json-path-2.4.0.jar;C:\Users\User\.m2\repository\net\minidev\json-smart\2.3\json-smart-2.3.jar;C:\Users\User\.m2\repository\net\minidev\accessors-smart\1.2\accessors-smart-1.2.jar;C:\Users\User\.m2\repository\org\ow2\asm\asm\5.0.4\asm-5.0.4.jar;C:\Users\User\.m2\repository\junit\junit\4.12\junit-4.12.jar;C:\Users\User\.m2\repository\org\assertj\assertj-core\3.9.1\assertj-core-3.9.1.jar;C:\Users\User\.m2\repository\org\mockito\mockito-core\2.15.0\mockito-core-2.15.0.jar;C:\Users\User\.m2\repository\net\bytebuddy\byte-buddy\1.7.11\byte-buddy-1.7.11.jar;C:\Users\User\.m2\repository\net\bytebuddy\byte-buddy-agent\1.7.11\byte-buddy-agent-1.7.11.jar;C:\Users\User\.m2\repository\org\objenesis\objenesis\2.6\objenesis-2.6.jar;C:\Users\User\.m2\repository\org\hamcrest\hamcrest-core\1.3\hamcrest-core-1.3.jar;C:\Users\User\.m2\repository\org\hamcrest\hamcrest-library\1.3\hamcrest-library-1.3.jar;C:\Users\User\.m2\repository\org\skyscreamer\jsonassert\1.5.0\jsonassert-1.5.0.jar;C:\Users\User\.m2\repository\com\vaadin\external\google\android-json\0.0.20131108.vaadin1\android-json-0.0.20131108.vaadin1.jar;C:\Users\User\.m2\repository\org\springframework\spring-core\5.0.11.RELEASE\spring-core-5.0.11.RELEASE.jar;C:\Users\User\.m2\repository\org\springframework\spring-jcl\5.0.11.RELEASE\spring-jcl-5.0.11.RELEASE.jar;C:\Users\User\.m2\repository\org\springframework\spring-test\5.0.11.RELEASE\spring-test-5.0.11.RELEASE.jar;C:\Users\User\.m2\repository\org\xmlunit\xmlunit-core\2.5.1\xmlunit-core-2.5.1.jar;C:\Users\User\.m2\repository\commons-fileupload\commons-fileupload\1.4\commons-fileupload-1.4.jar;C:\Users\User\.m2\repository\org\springframework\boot\spring-boot-starter-mail\2.0.7.RELEASE\spring-boot-starter-mail-2.0.7.RELEASE.jar;C:\Users\User\.m2\repository\org\springframework\spring-context\5.0.11.RELEASE\spring-context-5.0.11.RELEASE.jar;C:\Users\User\.m2\repository\org\springframework\spring-context-support\5.0.11.RELEASE\spring-context-support-5.0.11.RELEASE.jar;C:\Users\User\.m2\repository\com\sun\mail\javax.mail\1.6.2\javax.mail-1.6.2.jar;C:\Users\User\.m2\repository\javax\activation\activation\1.1\activation-1.1.jar;C:\Users\User\.m2\repository\javax\mail\javax.mail-api\1.6.2\javax.mail-api-1.6.2.jar;C:\Users\User\.m2\repository\com\google\code\gson\gson\2.8.5\gson-2.8.5.jar;C:\Users\User\.m2\repository\commons-io\commons-io\2.6\commons-io-2.6.jar;C:\Users\User\.m2\repository\org\apache\chemistry\opencmis\chemistry-opencmis-client-impl\1.0.0\chemistry-opencmis-client-impl-1.0.0.jar;C:\Users\User\.m2\repository\org\apache\chemistry\opencmis\chemistry-opencmis-client-api\1.0.0\chemistry-opencmis-client-api-1.0.0.jar;C:\Users\User\.m2\repository\org\apache\chemistry\opencmis\chemistry-opencmis-commons-api\1.0.0\chemistry-opencmis-commons-api-1.0.0.jar;C:\Users\User\.m2\repository\org\apache\chemistry\opencmis\chemistry-opencmis-commons-impl\1.0.0\chemistry-opencmis-commons-impl-1.0.0.jar;C:\Users\User\.m2\repository\org\codehaus\woodstox\woodstox-core-asl\4.4.1\woodstox-core-asl-4.4.1.jar;C:\Users\User\.m2\repository\org\apache\chemistry\opencmis\chemistry-opencmis-client-bindings\1.0.0\chemistry-opencmis-client-bindings-1.0.0.jar;C:\Users\User\.m2\repository\org\apache\cxf\cxf-rt-frontend-jaxws\3.0.10\cxf-rt-frontend-jaxws-3.0.10.jar;C:\Users\User\.m2\repository\xml-resolver\xml-resolver\1.2\xml-resolver-1.2.jar;C:\Users\User\.m2\repository\asm\asm\3.3.1\asm-3.3.1.jar;C:\Users\User\.m2\repository\org\apache\cxf\cxf-core\3.0.10\cxf-core-3.0.10.jar;C:\Users\User\.m2\repository\org\apache\ws\xmlschema\xmlschema-core\2.2.1\xmlschema-core-2.2.1.jar;C:\Users\User\.m2\repository\org\apache\cxf\cxf-rt-bindings-soap\3.0.10\cxf-rt-bindings-soap-3.0.10.jar;C:\Users\User\.m2\repository\org\apache\cxf\cxf-rt-wsdl\3.0.10\cxf-rt-wsdl-3.0.10.jar;C:\Users\User\.m2\repository\org\apache\cxf\cxf-rt-databinding-jaxb\3.0.10\cxf-rt-databinding-jaxb-3.0.10.jar;C:\Users\User\.m2\repository\com\sun\xml\bind\jaxb-impl\2.2.11\jaxb-impl-2.2.11.jar;C:\Users\User\.m2\repository\com\sun\xml\bind\jaxb-core\2.2.11\jaxb-core-2.2.11.jar;C:\Users\User\.m2\repository\org\apache\cxf\cxf-rt-bindings-xml\3.0.10\cxf-rt-bindings-xml-3.0.10.jar;C:\Users\User\.m2\repository\org\apache\cxf\cxf-rt-frontend-simple\3.0.10\cxf-rt-frontend-simple-3.0.10.jar;C:\Users\User\.m2\repository\org\apache\cxf\cxf-rt-ws-addr\3.0.10\cxf-rt-ws-addr-3.0.10.jar;C:\Users\User\.m2\repository\org\apache\cxf\cxf-rt-transports-http\3.0.10\cxf-rt-transports-http-3.0.10.jar;C:\Users\User\.m2\repository\org\apache\cxf\cxf-rt-ws-policy\3.0.10\cxf-rt-ws-policy-3.0.10.jar;C:\Users\User\.m2\repository\wsdl4j\wsdl4j\1.6.3\wsdl4j-1.6.3.jar;C:\Users\User\.m2\repository\org\apache\neethi\neethi\3.0.3\neethi-3.0.3.jar;C:\Users\User\.m2\repository\org\apache\httpcomponents\fluent-hc\4.5.3\fluent-hc-4.5.3.jar;C:\Users\User\.m2\repository\commons-logging\commons-logging\1.2\commons-logging-1.2.jar;C:\Users\User\.m2\repository\org\apache\poi\poi-ooxml\3.12\poi-ooxml-3.12.jar;C:\Users\User\.m2\repository\org\apache\poi\poi\3.12\poi-3.12.jar;C:\Users\User\.m2\repository\org\apache\poi\poi-ooxml-schemas\3.12\poi-ooxml-schemas-3.12.jar;C:\Users\User\.m2\repository\org\apache\xmlbeans\xmlbeans\2.6.0\xmlbeans-2.6.0.jar;C:\Users\User\.m2\repository\stax\stax-api\1.0.1\stax-api-1.0.1.jar;C:\Users\User\.m2\repository\com\zaxxer\HikariCP\4.0.3\HikariCP-4.0.3.jar;C:\Users\User\.m2\repository\org\webjars\bootstrap\3.3.7\bootstrap-3.3.7.jar;C:\Users\User\.m2\repository\org\webjars\jquery\1.11.1\jquery-1.11.1.jar;C:\Users\User\.m2\repository\com\fasterxml\jackson\core\jackson-databind\2.9.8\jackson-databind-2.9.8.jar;C:\Users\User\.m2\repository\com\fasterxml\jackson\core\jackson-annotations\2.9.0\jackson-annotations-2.9.0.jar;C:\Users\User\.m2\repository\com\fasterxml\jackson\core\jackson-core\2.9.7\jackson-core-2.9.7.jar;C:\Users\User\.m2\repository\net\sf\jasperreports\jasperreports\6.6.0\jasperreports-6.6.0.jar;C:\Users\User\.m2\repository\commons-beanutils\commons-beanutils\1.9.3\commons-beanutils-1.9.3.jar;C:\Users\User\.m2\repository\commons-collections\commons-collections\3.2.2\commons-collections-3.2.2.jar;C:\Users\User\.m2\repository\commons-digester\commons-digester\2.1\commons-digester-2.1.jar;C:\Users\User\.m2\repository\com\lowagie\itext\2.1.7.js6\itext-2.1.7.js6.jar;C:\Users\User\.m2\repository\org\bouncycastle\bcprov-jdk15on\1.52\bcprov-jdk15on-1.52.jar;C:\Users\User\.m2\repository\org\jfree\jcommon\1.0.23\jcommon-1.0.23.jar;C:\Users\User\.m2\repository\org\jfree\jfreechart\1.0.19\jfreechart-1.0.19.jar;C:\Users\User\.m2\repository\org\eclipse\jdt\core\compiler\ecj\4.4.2\ecj-4.4.2.jar;C:\Users\User\.m2\repository\org\codehaus\castor\castor-xml\1.3.3\castor-xml-1.3.3.jar;C:\Users\User\.m2\repository\org\codehaus\castor\castor-core\1.3.3\castor-core-1.3.3.jar;C:\Users\User\.m2\repository\javax\inject\javax.inject\1\javax.inject-1.jar;C:\Users\User\.m2\repository\stax\stax\1.2.0\stax-1.2.0.jar;C:\Users\User\.m2\repository\javax\xml\stream\stax-api\1.0-2\stax-api-1.0-2.jar;C:\Users\User\.m2\repository\com\ibm\icu\icu4j\57.1\icu4j-57.1.jar;C:\Users\User\.m2\repository\org\thymeleaf\extras\thymeleaf-extras-java8time\3.0.1.RELEASE\thymeleaf-extras-java8time-3.0.1.RELEASE.jar;C:\Users\User\.m2\repository\com\fasterxml\jackson\dataformat\jackson-dataformat-xml\2.9.9\jackson-dataformat-xml-2.9.9.jar;C:\Users\User\.m2\repository\com\fasterxml\jackson\module\jackson-module-jaxb-annotations\2.9.7\jackson-module-jaxb-annotations-2.9.7.jar;C:\Users\User\.m2\repository\org\codehaus\woodstox\stax2-api\3.1.4\stax2-api-3.1.4.jar;C:\Users\User\.m2\repository\com\fasterxml\woodstox\woodstox-core\5.1.0\woodstox-core-5.1.0.jar;C:\Users\User\.m2\repository\org\springframework\boot\spring-boot-starter-web-services\2.0.7.RELEASE\spring-boot-starter-web-services-2.0.7.RELEASE.jar;C:\Users\User\.m2\repository\org\springframework\spring-oxm\5.0.11.RELEASE\spring-oxm-5.0.11.RELEASE.jar;C:\Users\User\.m2\repository\org\springframework\ws\spring-ws-core\3.0.4.RELEASE\spring-ws-core-3.0.4.RELEASE.jar;C:\Users\User\.m2\repository\org\springframework\ws\spring-xml\3.0.4.RELEASE\spring-xml-3.0.4.RELEASE.jar;C:\Users\User\.m2\repository\com\github\ulisesbocchio\jasypt-spring-boot-starter\3.0.3\jasypt-spring-boot-starter-3.0.3.jar;C:\Users\User\.m2\repository\com\github\ulisesbocchio\jasypt-spring-boot\3.0.3\jasypt-spring-boot-3.0.3.jar;C:\Users\User\.m2\repository\org\jasypt\jasypt\1.9.3\jasypt-1.9.3.jar;C:\Users\User\.m2\repository\org\json\json\20180130\json-20180130.jar;"/>
    <property name="sun.cpu.endian" value="little"/>
    <property name="user.home" value="C:\Users\User"/>
    <property name="user.language" value="en"/>
    <property name="java.specification.vendor" value="Oracle Corporation"/>
    <property name="java.home" value="C:\Program Files\Java\jdk1.8.0_202\jre"/>
    <property name="basedir" value="E:\work\projects\IFIC_Collection"/>
    <property name="file.separator" value="\"/>
    <property name="line.separator" value="&#10;"/>
    <property name="java.vm.specification.vendor" value="Oracle Corporation"/>
    <property name="java.specification.name" value="Java Platform API Specification"/>
    <property name="java.awt.graphicsenv" value="sun.awt.Win32GraphicsEnvironment"/>
    <property name="surefire.real.class.path" value="C:\Users\User\AppData\Local\Temp\surefire5125157228918733205\surefirebooter2695171537084089234.jar"/>
    <property name="sun.boot.class.path" value="C:\Program Files\Java\jdk1.8.0_202\jre\lib\resources.jar;C:\Program Files\Java\jdk1.8.0_202\jre\lib\rt.jar;C:\Program Files\Java\jdk1.8.0_202\jre\lib\sunrsasign.jar;C:\Program Files\Java\jdk1.8.0_202\jre\lib\jsse.jar;C:\Program Files\Java\jdk1.8.0_202\jre\lib\jce.jar;C:\Program Files\Java\jdk1.8.0_202\jre\lib\charsets.jar;C:\Program Files\Java\jdk1.8.0_202\jre\lib\jfr.jar;C:\Program Files\Java\jdk1.8.0_202\jre\classes"/>
    <property name="user.script" value=""/>
    <property name="sun.management.compiler" value="HotSpot 64-Bit Tiered Compilers"/>
    <property name="java.runtime.version" value="1.8.0_202-b08"/>
    <property name="user.name" value="User"/>
    <property name="path.separator" value=";"/>
    <property name="os.version" value="10.0"/>
    <property name="java.endorsed.dirs" value="C:\Program Files\Java\jdk1.8.0_202\jre\lib\endorsed"/>
    <property name="java.runtime.name" value="Java(TM) SE Runtime Environment"/>
    <property name="file.encoding" value="Cp1252"/>
    <property name="java.vm.name" value="Java HotSpot(TM) 64-Bit Server VM"/>
    <property name="localRepository" value="C:\Users\User\.m2\repository"/>
    <property name="java.vendor.url.bug" value="http://bugreport.sun.com/bugreport/"/>
    <property name="java.io.tmpdir" value="C:\Users\User\AppData\Local\Temp\"/>
    <property name="idea.version" value="2018.2.3"/>
    <property name="java.version" value="1.8.0_202"/>
    <property name="user.dir" value="E:\work\projects\IFIC_Collection"/>
    <property name="os.arch" value="amd64"/>
    <property name="java.vm.specification.name" value="Java Virtual Machine Specification"/>
    <property name="java.awt.printerjob" value="sun.awt.windows.WPrinterJob"/>
    <property name="sun.os.patch.level" value=""/>
    <property name="java.library.path" value="C:\Program Files\Java\jdk1.8.0_202\jre\bin;C:\Windows\Sun\Java\bin;C:\Windows\system32;C:\Windows;D:\oracle\db_home\bin;C:\Program Files (x86)\Common Files\Oracle\Java\javapath;C:\Windows\system32;C:\Windows;C:\Windows\System32\Wbem;C:\Windows\System32\WindowsPowerShell\v1.0\;C:\Windows\System32\OpenSSH\;C:\Program Files\Java\jdk1.8.0_202\bin;C:\mavenApp\apache-maven-3.8.5\bin;C:\Program Files\Git\cmd;C:\Program Files\nodejs\;C:\Program Files\MySQL\MySQL Shell 8.0\bin\;C:\Users\User\AppData\Local\Microsoft\WindowsApps;C:\Program Files\heroku\bin;C:\Users\User\AppData\Local\GitHubDesktop\bin;C:\Users\User\AppData\Local\Programs\Microsoft VS Code\bin;C:\Users\User\AppData\Roaming\npm;."/>
    <property name="java.vm.info" value="mixed mode"/>
    <property name="java.vendor" value="Oracle Corporation"/>
    <property name="java.vm.version" value="25.202-b08"/>
    <property name="java.ext.dirs" value="C:\Program Files\Java\jdk1.8.0_202\jre\lib\ext;C:\Windows\Sun\Java\lib\ext"/>
    <property name="sun.io.unicode.encoding" value="UnicodeLittle"/>
    <property name="java.class.version" value="52.0"/>
  </properties>
  <testcase name="contextLoads" classname="com.unisoft.csinfotechbd.CsinfotechbdApplicationTests" time="0">
    <error message="Failed to load ApplicationContext" type="java.lang.IllegalStateException">java.lang.IllegalStateException: Failed to load ApplicationContext
Caused by: org.springframework.beans.factory.UnsatisfiedDependencyException: Error creating bean with name 'accountInformationController': Unsatisfied dependency expressed through field 'accountInformationService'; nested exception is org.springframework.beans.factory.UnsatisfiedDependencyException: Error creating bean with name 'accountInformationService': Unsatisfied dependency expressed through field 'accountInformationDao'; nested exception is org.springframework.beans.factory.UnsatisfiedDependencyException: Error creating bean with name 'accountInformationDao': Unsatisfied dependency expressed through field 'clientDbServerIfic'; nested exception is org.springframework.beans.factory.BeanCreationException: Error creating bean with name 'clientDbServerIfic' defined in class path resource [com/unisoft/config/ClientDbServerConfig.class]: Bean instantiation via factory method failed; nested exception is org.springframework.beans.BeanInstantiationException: Failed to instantiate [javax.sql.DataSource]: Factory method 'ificClientDBDataSource' threw exception; nested exception is org.springframework.boot.autoconfigure.jdbc.DataSourceProperties$DataSourceBeanCreationException: Failed to determine a suitable driver class
Caused by: org.springframework.beans.factory.UnsatisfiedDependencyException: Error creating bean with name 'accountInformationService': Unsatisfied dependency expressed through field 'accountInformationDao'; nested exception is org.springframework.beans.factory.UnsatisfiedDependencyException: Error creating bean with name 'accountInformationDao': Unsatisfied dependency expressed through field 'clientDbServerIfic'; nested exception is org.springframework.beans.factory.BeanCreationException: Error creating bean with name 'clientDbServerIfic' defined in class path resource [com/unisoft/config/ClientDbServerConfig.class]: Bean instantiation via factory method failed; nested exception is org.springframework.beans.BeanInstantiationException: Failed to instantiate [javax.sql.DataSource]: Factory method 'ificClientDBDataSource' threw exception; nested exception is org.springframework.boot.autoconfigure.jdbc.DataSourceProperties$DataSourceBeanCreationException: Failed to determine a suitable driver class
Caused by: org.springframework.beans.factory.UnsatisfiedDependencyException: Error creating bean with name 'accountInformationDao': Unsatisfied dependency expressed through field 'clientDbServerIfic'; nested exception is org.springframework.beans.factory.BeanCreationException: Error creating bean with name 'clientDbServerIfic' defined in class path resource [com/unisoft/config/ClientDbServerConfig.class]: Bean instantiation via factory method failed; nested exception is org.springframework.beans.BeanInstantiationException: Failed to instantiate [javax.sql.DataSource]: Factory method 'ificClientDBDataSource' threw exception; nested exception is org.springframework.boot.autoconfigure.jdbc.DataSourceProperties$DataSourceBeanCreationException: Failed to determine a suitable driver class
Caused by: org.springframework.beans.factory.BeanCreationException: Error creating bean with name 'clientDbServerIfic' defined in class path resource [com/unisoft/config/ClientDbServerConfig.class]: Bean instantiation via factory method failed; nested exception is org.springframework.beans.BeanInstantiationException: Failed to instantiate [javax.sql.DataSource]: Factory method 'ificClientDBDataSource' threw exception; nested exception is org.springframework.boot.autoconfigure.jdbc.DataSourceProperties$DataSourceBeanCreationException: Failed to determine a suitable driver class
Caused by: org.springframework.beans.BeanInstantiationException: Failed to instantiate [javax.sql.DataSource]: Factory method 'ificClientDBDataSource' threw exception; nested exception is org.springframework.boot.autoconfigure.jdbc.DataSourceProperties$DataSourceBeanCreationException: Failed to determine a suitable driver class
Caused by: org.springframework.boot.autoconfigure.jdbc.DataSourceProperties$DataSourceBeanCreationException: Failed to determine a suitable driver class
</error>
    <system-out><![CDATA[11:26:50.001 [main] DEBUG org.springframework.test.context.junit4.SpringJUnit4ClassRunner - SpringJUnit4ClassRunner constructor called with [class com.unisoft.csinfotechbd.CsinfotechbdApplicationTests]
11:26:50.001 [main] DEBUG org.springframework.test.context.BootstrapUtils - Instantiating CacheAwareContextLoaderDelegate from class [org.springframework.test.context.cache.DefaultCacheAwareContextLoaderDelegate]
11:26:50.016 [main] DEBUG org.springframework.test.context.BootstrapUtils - Instantiating BootstrapContext using constructor [public org.springframework.test.context.support.DefaultBootstrapContext(java.lang.Class,org.springframework.test.context.CacheAwareContextLoaderDelegate)]
11:26:50.048 [main] DEBUG org.springframework.test.context.BootstrapUtils - Instantiating TestContextBootstrapper for test class [com.unisoft.csinfotechbd.CsinfotechbdApplicationTests] from class [org.springframework.boot.test.context.SpringBootTestContextBootstrapper]
11:26:50.079 [main] INFO org.springframework.boot.test.context.SpringBootTestContextBootstrapper - Neither @ContextConfiguration nor @ContextHierarchy found for test class [com.unisoft.csinfotechbd.CsinfotechbdApplicationTests], using SpringBootContextLoader
11:26:50.079 [main] DEBUG org.springframework.test.context.support.AbstractContextLoader - Did not detect default resource location for test class [com.unisoft.csinfotechbd.CsinfotechbdApplicationTests]: class path resource [com/unisoft/csinfotechbd/CsinfotechbdApplicationTests-context.xml] does not exist
11:26:50.079 [main] DEBUG org.springframework.test.context.support.AbstractContextLoader - Did not detect default resource location for test class [com.unisoft.csinfotechbd.CsinfotechbdApplicationTests]: class path resource [com/unisoft/csinfotechbd/CsinfotechbdApplicationTestsContext.groovy] does not exist
11:26:50.079 [main] INFO org.springframework.test.context.support.AbstractContextLoader - Could not detect default resource locations for test class [com.unisoft.csinfotechbd.CsinfotechbdApplicationTests]: no resource found for suffixes {-context.xml, Context.groovy}.
11:26:50.079 [main] INFO org.springframework.test.context.support.AnnotationConfigContextLoaderUtils - Could not detect default configuration classes for test class [com.unisoft.csinfotechbd.CsinfotechbdApplicationTests]: CsinfotechbdApplicationTests does not declare any static, non-private, non-final, nested classes annotated with @Configuration.
11:26:50.157 [main] DEBUG org.springframework.test.context.support.ActiveProfilesUtils - Could not find an 'annotation declaring class' for annotation type [org.springframework.test.context.ActiveProfiles] and class [com.unisoft.csinfotechbd.CsinfotechbdApplicationTests]
11:26:50.173 [main] DEBUG org.springframework.core.env.StandardEnvironment - Adding PropertySource 'systemProperties' with lowest search precedence
11:26:50.173 [main] DEBUG org.springframework.core.env.StandardEnvironment - Adding PropertySource 'systemEnvironment' with lowest search precedence
11:26:50.173 [main] DEBUG org.springframework.core.env.StandardEnvironment - Initialized StandardEnvironment with PropertySources [MapPropertySource@556529265 {name='systemProperties', properties={idea.version=2018.2.3, java.runtime.name=Java(TM) SE Runtime Environment, sun.boot.library.path=C:\Program Files\Java\jdk1.8.0_202\jre\bin, java.vm.version=25.202-b08, java.vm.vendor=Oracle Corporation, java.vendor.url=http://java.oracle.com/, path.separator=;, java.vm.name=Java HotSpot(TM) 64-Bit Server VM, file.encoding.pkg=sun.io, user.country=US, user.script=, sun.java.launcher=SUN_STANDARD, sun.os.patch.level=, java.vm.specification.name=Java Virtual Machine Specification, user.dir=E:\work\projects\IFIC_Collection, java.runtime.version=1.8.0_202-b08, basedir=E:\work\projects\IFIC_Collection, java.awt.graphicsenv=sun.awt.Win32GraphicsEnvironment, java.endorsed.dirs=C:\Program Files\Java\jdk1.8.0_202\jre\lib\endorsed, os.arch=amd64, surefire.real.class.path=C:\Users\User\AppData\Local\Temp\surefire5125157228918733205\surefirebooter2695171537084089234.jar, java.io.tmpdir=C:\Users\User\AppData\Local\Temp\, line.separator=
, java.vm.specification.vendor=Oracle Corporation, user.variant=, os.name=Windows 10, sun.jnu.encoding=Cp1252, java.library.path=C:\Program Files\Java\jdk1.8.0_202\jre\bin;C:\Windows\Sun\Java\bin;C:\Windows\system32;C:\Windows;D:\oracle\db_home\bin;C:\Program Files (x86)\Common Files\Oracle\Java\javapath;C:\Windows\system32;C:\Windows;C:\Windows\System32\Wbem;C:\Windows\System32\WindowsPowerShell\v1.0\;C:\Windows\System32\OpenSSH\;C:\Program Files\Java\jdk1.8.0_202\bin;C:\mavenApp\apache-maven-3.8.5\bin;C:\Program Files\Git\cmd;C:\Program Files\nodejs\;C:\Program Files\MySQL\MySQL Shell 8.0\bin\;C:\Users\User\AppData\Local\Microsoft\WindowsApps;C:\Program Files\heroku\bin;C:\Users\User\AppData\Local\GitHubDesktop\bin;C:\Users\User\AppData\Local\Programs\Microsoft VS Code\bin;C:\Users\User\AppData\Roaming\npm;., surefire.test.class.path=E:\work\projects\IFIC_Collection\target\test-classes;E:\work\projects\IFIC_Collection\target\classes;C:\Users\User\.m2\repository\org\springframework\boot\spring-boot-starter-thymeleaf\2.0.7.RELEASE\spring-boot-starter-thymeleaf-2.0.7.RELEASE.jar;C:\Users\User\.m2\repository\org\springframework\boot\spring-boot-starter\2.0.7.RELEASE\spring-boot-starter-2.0.7.RELEASE.jar;C:\Users\User\.m2\repository\org\springframework\boot\spring-boot\2.0.7.RELEASE\spring-boot-2.0.7.RELEASE.jar;C:\Users\User\.m2\repository\org\springframework\boot\spring-boot-autoconfigure\2.0.7.RELEASE\spring-boot-autoconfigure-2.0.7.RELEASE.jar;C:\Users\User\.m2\repository\org\springframework\boot\spring-boot-starter-logging\2.0.7.RELEASE\spring-boot-starter-logging-2.0.7.RELEASE.jar;C:\Users\User\.m2\repository\ch\qos\logback\logback-classic\1.2.3\logback-classic-1.2.3.jar;C:\Users\User\.m2\repository\ch\qos\logback\logback-core\1.2.3\logback-core-1.2.3.jar;C:\Users\User\.m2\repository\org\apache\logging\log4j\log4j-to-slf4j\2.10.0\log4j-to-slf4j-2.10.0.jar;C:\Users\User\.m2\repository\org\apache\logging\log4j\log4j-api\2.10.0\log4j-api-2.10.0.jar;C:\Users\User\.m2\repository\org\slf4j\jul-to-slf4j\1.7.25\jul-to-slf4j-1.7.25.jar;C:\Users\User\.m2\repository\javax\annotation\javax.annotation-api\1.3.2\javax.annotation-api-1.3.2.jar;C:\Users\User\.m2\repository\org\yaml\snakeyaml\1.19\snakeyaml-1.19.jar;C:\Users\User\.m2\repository\org\thymeleaf\thymeleaf-spring5\3.0.11.RELEASE\thymeleaf-spring5-3.0.11.RELEASE.jar;C:\Users\User\.m2\repository\com\twilio\sdk\twilio-java-sdk\3.4.5\twilio-java-sdk-3.4.5.jar;C:\Users\User\.m2\repository\org\apache\httpcomponents\httpclient\4.5.6\httpclient-4.5.6.jar;C:\Users\User\.m2\repository\org\apache\httpcomponents\httpcore\4.4.10\httpcore-4.4.10.jar;C:\Users\User\.m2\repository\commons-codec\commons-codec\1.11\commons-codec-1.11.jar;C:\Users\User\.m2\repository\commons-lang\commons-lang\2.6\commons-lang-2.6.jar;C:\Users\User\.m2\repository\com\googlecode\json-simple\json-simple\1.1.1\json-simple-1.1.1.jar;C:\Users\User\.m2\repository\org\codehaus\jackson\jackson-mapper-asl\1.9.3\jackson-mapper-asl-1.9.3.jar;C:\Users\User\.m2\repository\org\codehaus\jackson\jackson-core-asl\1.9.3\jackson-core-asl-1.9.3.jar;C:\Users\User\.m2\repository\org\springframework\boot\spring-boot-starter-actuator\2.0.7.RELEASE\spring-boot-starter-actuator-2.0.7.RELEASE.jar;C:\Users\User\.m2\repository\org\springframework\boot\spring-boot-actuator-autoconfigure\2.0.7.RELEASE\spring-boot-actuator-autoconfigure-2.0.7.RELEASE.jar;C:\Users\User\.m2\repository\org\springframework\boot\spring-boot-actuator\2.0.7.RELEASE\spring-boot-actuator-2.0.7.RELEASE.jar;C:\Users\User\.m2\repository\com\fasterxml\jackson\datatype\jackson-datatype-jsr310\2.9.7\jackson-datatype-jsr310-2.9.7.jar;C:\Users\User\.m2\repository\io\micrometer\micrometer-core\1.0.8\micrometer-core-1.0.8.jar;C:\Users\User\.m2\repository\org\hdrhistogram\HdrHistogram\2.1.10\HdrHistogram-2.1.10.jar;C:\Users\User\.m2\repository\org\latencyutils\LatencyUtils\2.0.3\LatencyUtils-2.0.3.jar;C:\Users\User\.m2\repository\nz\net\ultraq\thymeleaf\thymeleaf-layout-dialect\2.3.0\thymeleaf-layout-dialect-2.3.0.jar;C:\Users\User\.m2\repository\nz\net\ultraq\thymeleaf\thymeleaf-expression-processor\1.1.3\thymeleaf-expression-processor-1.1.3.jar;C:\Users\User\.m2\repository\org\codehaus\groovy\groovy\2.4.15\groovy-2.4.15.jar;C:\Users\User\.m2\repository\org\thymeleaf\thymeleaf\3.0.11.RELEASE\thymeleaf-3.0.11.RELEASE.jar;C:\Users\User\.m2\repository\ognl\ognl\3.1.12\ognl-3.1.12.jar;C:\Users\User\.m2\repository\org\attoparser\attoparser\2.0.5.RELEASE\attoparser-2.0.5.RELEASE.jar;C:\Users\User\.m2\repository\org\unbescape\unbescape\1.1.6.RELEASE\unbescape-1.1.6.RELEASE.jar;C:\Users\User\.m2\repository\org\springframework\boot\spring-boot-starter-web\2.0.7.RELEASE\spring-boot-starter-web-2.0.7.RELEASE.jar;C:\Users\User\.m2\repository\org\springframework\boot\spring-boot-starter-json\2.0.7.RELEASE\spring-boot-starter-json-2.0.7.RELEASE.jar;C:\Users\User\.m2\repository\com\fasterxml\jackson\datatype\jackson-datatype-jdk8\2.9.7\jackson-datatype-jdk8-2.9.7.jar;C:\Users\User\.m2\repository\com\fasterxml\jackson\module\jackson-module-parameter-names\2.9.7\jackson-module-parameter-names-2.9.7.jar;C:\Users\User\.m2\repository\org\springframework\boot\spring-boot-starter-tomcat\2.0.7.RELEASE\spring-boot-starter-tomcat-2.0.7.RELEASE.jar;C:\Users\User\.m2\repository\org\apache\tomcat\embed\tomcat-embed-core\9.0.12\tomcat-embed-core-9.0.12.jar;C:\Users\User\.m2\repository\org\apache\tomcat\embed\tomcat-embed-el\9.0.12\tomcat-embed-el-9.0.12.jar;C:\Users\User\.m2\repository\org\apache\tomcat\embed\tomcat-embed-websocket\9.0.12\tomcat-embed-websocket-9.0.12.jar;C:\Users\User\.m2\repository\org\hibernate\validator\hibernate-validator\6.0.13.Final\hibernate-validator-6.0.13.Final.jar;C:\Users\User\.m2\repository\javax\validation\validation-api\2.0.1.Final\validation-api-2.0.1.Final.jar;C:\Users\User\.m2\repository\org\jboss\logging\jboss-logging\3.3.2.Final\jboss-logging-3.3.2.Final.jar;C:\Users\User\.m2\repository\com\fasterxml\classmate\1.3.4\classmate-1.3.4.jar;C:\Users\User\.m2\repository\org\springframework\spring-web\5.0.11.RELEASE\spring-web-5.0.11.RELEASE.jar;C:\Users\User\.m2\repository\org\springframework\spring-beans\5.0.11.RELEASE\spring-beans-5.0.11.RELEASE.jar;C:\Users\User\.m2\repository\org\springframework\spring-webmvc\5.0.11.RELEASE\spring-webmvc-5.0.11.RELEASE.jar;C:\Users\User\.m2\repository\org\springframework\spring-expression\5.0.11.RELEASE\spring-expression-5.0.11.RELEASE.jar;C:\Users\User\.m2\repository\org\springframework\boot\spring-boot-starter-data-jpa\2.0.7.RELEASE\spring-boot-starter-data-jpa-2.0.7.RELEASE.jar;C:\Users\User\.m2\repository\org\springframework\boot\spring-boot-starter-aop\2.0.7.RELEASE\spring-boot-starter-aop-2.0.7.RELEASE.jar;C:\Users\User\.m2\repository\org\aspectj\aspectjweaver\1.8.13\aspectjweaver-1.8.13.jar;C:\Users\User\.m2\repository\javax\transaction\javax.transaction-api\1.2\javax.transaction-api-1.2.jar;C:\Users\User\.m2\repository\org\hibernate\hibernate-core\5.2.17.Final\hibernate-core-5.2.17.Final.jar;C:\Users\User\.m2\repository\org\hibernate\javax\persistence\hibernate-jpa-2.1-api\1.0.2.Final\hibernate-jpa-2.1-api-1.0.2.Final.jar;C:\Users\User\.m2\repository\org\javassist\javassist\3.22.0-GA\javassist-3.22.0-GA.jar;C:\Users\User\.m2\repository\antlr\antlr\2.7.7\antlr-2.7.7.jar;C:\Users\User\.m2\repository\org\jboss\jandex\2.0.3.Final\jandex-2.0.3.Final.jar;C:\Users\User\.m2\repository\dom4j\dom4j\1.6.1\dom4j-1.6.1.jar;C:\Users\User\.m2\repository\org\hibernate\common\hibernate-commons-annotations\5.0.1.Final\hibernate-commons-annotations-5.0.1.Final.jar;C:\Users\User\.m2\repository\org\springframework\data\spring-data-jpa\2.0.12.RELEASE\spring-data-jpa-2.0.12.RELEASE.jar;C:\Users\User\.m2\repository\org\springframework\data\spring-data-commons\2.0.12.RELEASE\spring-data-commons-2.0.12.RELEASE.jar;C:\Users\User\.m2\repository\org\springframework\spring-orm\5.0.11.RELEASE\spring-orm-5.0.11.RELEASE.jar;C:\Users\User\.m2\repository\org\springframework\spring-tx\5.0.11.RELEASE\spring-tx-5.0.11.RELEASE.jar;C:\Users\User\.m2\repository\org\springframework\spring-aspects\5.0.11.RELEASE\spring-aspects-5.0.11.RELEASE.jar;C:\Users\User\.m2\repository\org\springframework\data\spring-data-envers\2.0.12.RELEASE\spring-data-envers-2.0.12.RELEASE.jar;C:\Users\User\.m2\repository\org\hibernate\hibernate-envers\5.2.17.Final\hibernate-envers-5.2.17.Final.jar;C:\Users\User\.m2\repository\joda-time\joda-time\2.9.9\joda-time-2.9.9.jar;C:\Users\User\.m2\repository\org\slf4j\slf4j-api\1.7.25\slf4j-api-1.7.25.jar;C:\Users\User\.m2\repository\org\springframework\boot\spring-boot-starter-jdbc\2.0.7.RELEASE\spring-boot-starter-jdbc-2.0.7.RELEASE.jar;C:\Users\User\.m2\repository\org\springframework\spring-jdbc\5.0.11.RELEASE\spring-jdbc-5.0.11.RELEASE.jar;C:\Users\User\.m2\repository\com\oracle\ojdbc\ojdbc8\19.3.0.0\ojdbc8-19.3.0.0.jar;C:\Users\User\.m2\repository\com\oracle\ojdbc\ucp\19.3.0.0\ucp-19.3.0.0.jar;C:\Users\User\.m2\repository\com\oracle\ojdbc\oraclepki\19.3.0.0\oraclepki-19.3.0.0.jar;C:\Users\User\.m2\repository\com\oracle\ojdbc\osdt_cert\19.3.0.0\osdt_cert-19.3.0.0.jar;C:\Users\User\.m2\repository\com\oracle\ojdbc\osdt_core\19.3.0.0\osdt_core-19.3.0.0.jar;C:\Users\User\.m2\repository\com\oracle\ojdbc\simplefan\19.3.0.0\simplefan-19.3.0.0.jar;C:\Users\User\.m2\repository\com\oracle\ojdbc\ons\19.3.0.0\ons-19.3.0.0.jar;C:\Users\User\.m2\repository\org\springframework\boot\spring-boot-starter-security\2.0.7.RELEASE\spring-boot-starter-security-2.0.7.RELEASE.jar;C:\Users\User\.m2\repository\org\springframework\spring-aop\5.0.11.RELEASE\spring-aop-5.0.11.RELEASE.jar;C:\Users\User\.m2\repository\org\springframework\security\spring-security-config\5.0.10.RELEASE\spring-security-config-5.0.10.RELEASE.jar;C:\Users\User\.m2\repository\org\springframework\security\spring-security-core\5.0.10.RELEASE\spring-security-core-5.0.10.RELEASE.jar;C:\Users\User\.m2\repository\org\springframework\security\spring-security-web\5.0.10.RELEASE\spring-security-web-5.0.10.RELEASE.jar;C:\Users\User\.m2\repository\org\thymeleaf\extras\thymeleaf-extras-springsecurity4\3.0.4.RELEASE\thymeleaf-extras-springsecurity4-3.0.4.RELEASE.jar;C:\Users\User\.m2\repository\org\projectlombok\lombok\1.16.22\lombok-1.16.22.jar;C:\Users\User\.m2\repository\org\springframework\boot\spring-boot-starter-test\2.0.7.RELEASE\spring-boot-starter-test-2.0.7.RELEASE.jar;C:\Users\User\.m2\repository\org\springframework\boot\spring-boot-test\2.0.7.RELEASE\spring-boot-test-2.0.7.RELEASE.jar;C:\Users\User\.m2\repository\org\springframework\boot\spring-boot-test-autoconfigure\2.0.7.RELEASE\spring-boot-test-autoconfigure-2.0.7.RELEASE.jar;C:\Users\User\.m2\repository\com\jayway\jsonpath\json-path\2.4.0\json-path-2.4.0.jar;C:\Users\User\.m2\repository\net\minidev\json-smart\2.3\json-smart-2.3.jar;C:\Users\User\.m2\repository\net\minidev\accessors-smart\1.2\accessors-smart-1.2.jar;C:\Users\User\.m2\repository\org\ow2\asm\asm\5.0.4\asm-5.0.4.jar;C:\Users\User\.m2\repository\junit\junit\4.12\junit-4.12.jar;C:\Users\User\.m2\repository\org\assertj\assertj-core\3.9.1\assertj-core-3.9.1.jar;C:\Users\User\.m2\repository\org\mockito\mockito-core\2.15.0\mockito-core-2.15.0.jar;C:\Users\User\.m2\repository\net\bytebuddy\byte-buddy\1.7.11\byte-buddy-1.7.11.jar;C:\Users\User\.m2\repository\net\bytebuddy\byte-buddy-agent\1.7.11\byte-buddy-agent-1.7.11.jar;C:\Users\User\.m2\repository\org\objenesis\objenesis\2.6\objenesis-2.6.jar;C:\Users\User\.m2\repository\org\hamcrest\hamcrest-core\1.3\hamcrest-core-1.3.jar;C:\Users\User\.m2\repository\org\hamcrest\hamcrest-library\1.3\hamcrest-library-1.3.jar;C:\Users\User\.m2\repository\org\skyscreamer\jsonassert\1.5.0\jsonassert-1.5.0.jar;C:\Users\User\.m2\repository\com\vaadin\external\google\android-json\0.0.20131108.vaadin1\android-json-0.0.20131108.vaadin1.jar;C:\Users\User\.m2\repository\org\springframework\spring-core\5.0.11.RELEASE\spring-core-5.0.11.RELEASE.jar;C:\Users\User\.m2\repository\org\springframework\spring-jcl\5.0.11.RELEASE\spring-jcl-5.0.11.RELEASE.jar;C:\Users\User\.m2\repository\org\springframework\spring-test\5.0.11.RELEASE\spring-test-5.0.11.RELEASE.jar;C:\Users\User\.m2\repository\org\xmlunit\xmlunit-core\2.5.1\xmlunit-core-2.5.1.jar;C:\Users\User\.m2\repository\commons-fileupload\commons-fileupload\1.4\commons-fileupload-1.4.jar;C:\Users\User\.m2\repository\org\springframework\boot\spring-boot-starter-mail\2.0.7.RELEASE\spring-boot-starter-mail-2.0.7.RELEASE.jar;C:\Users\User\.m2\repository\org\springframework\spring-context\5.0.11.RELEASE\spring-context-5.0.11.RELEASE.jar;C:\Users\User\.m2\repository\org\springframework\spring-context-support\5.0.11.RELEASE\spring-context-support-5.0.11.RELEASE.jar;C:\Users\User\.m2\repository\com\sun\mail\javax.mail\1.6.2\javax.mail-1.6.2.jar;C:\Users\User\.m2\repository\javax\activation\activation\1.1\activation-1.1.jar;C:\Users\User\.m2\repository\javax\mail\javax.mail-api\1.6.2\javax.mail-api-1.6.2.jar;C:\Users\User\.m2\repository\com\google\code\gson\gson\2.8.5\gson-2.8.5.jar;C:\Users\User\.m2\repository\commons-io\commons-io\2.6\commons-io-2.6.jar;C:\Users\User\.m2\repository\org\apache\chemistry\opencmis\chemistry-opencmis-client-impl\1.0.0\chemistry-opencmis-client-impl-1.0.0.jar;C:\Users\User\.m2\repository\org\apache\chemistry\opencmis\chemistry-opencmis-client-api\1.0.0\chemistry-opencmis-client-api-1.0.0.jar;C:\Users\User\.m2\repository\org\apache\chemistry\opencmis\chemistry-opencmis-commons-api\1.0.0\chemistry-opencmis-commons-api-1.0.0.jar;C:\Users\User\.m2\repository\org\apache\chemistry\opencmis\chemistry-opencmis-commons-impl\1.0.0\chemistry-opencmis-commons-impl-1.0.0.jar;C:\Users\User\.m2\repository\org\codehaus\woodstox\woodstox-core-asl\4.4.1\woodstox-core-asl-4.4.1.jar;C:\Users\User\.m2\repository\org\apache\chemistry\opencmis\chemistry-opencmis-client-bindings\1.0.0\chemistry-opencmis-client-bindings-1.0.0.jar;C:\Users\User\.m2\repository\org\apache\cxf\cxf-rt-frontend-jaxws\3.0.10\cxf-rt-frontend-jaxws-3.0.10.jar;C:\Users\User\.m2\repository\xml-resolver\xml-resolver\1.2\xml-resolver-1.2.jar;C:\Users\User\.m2\repository\asm\asm\3.3.1\asm-3.3.1.jar;C:\Users\User\.m2\repository\org\apache\cxf\cxf-core\3.0.10\cxf-core-3.0.10.jar;C:\Users\User\.m2\repository\org\apache\ws\xmlschema\xmlschema-core\2.2.1\xmlschema-core-2.2.1.jar;C:\Users\User\.m2\repository\org\apache\cxf\cxf-rt-bindings-soap\3.0.10\cxf-rt-bindings-soap-3.0.10.jar;C:\Users\User\.m2\repository\org\apache\cxf\cxf-rt-wsdl\3.0.10\cxf-rt-wsdl-3.0.10.jar;C:\Users\User\.m2\repository\org\apache\cxf\cxf-rt-databinding-jaxb\3.0.10\cxf-rt-databinding-jaxb-3.0.10.jar;C:\Users\User\.m2\repository\com\sun\xml\bind\jaxb-impl\2.2.11\jaxb-impl-2.2.11.jar;C:\Users\User\.m2\repository\com\sun\xml\bind\jaxb-core\2.2.11\jaxb-core-2.2.11.jar;C:\Users\User\.m2\repository\org\apache\cxf\cxf-rt-bindings-xml\3.0.10\cxf-rt-bindings-xml-3.0.10.jar;C:\Users\User\.m2\repository\org\apache\cxf\cxf-rt-frontend-simple\3.0.10\cxf-rt-frontend-simple-3.0.10.jar;C:\Users\User\.m2\repository\org\apache\cxf\cxf-rt-ws-addr\3.0.10\cxf-rt-ws-addr-3.0.10.jar;C:\Users\User\.m2\repository\org\apache\cxf\cxf-rt-transports-http\3.0.10\cxf-rt-transports-http-3.0.10.jar;C:\Users\User\.m2\repository\org\apache\cxf\cxf-rt-ws-policy\3.0.10\cxf-rt-ws-policy-3.0.10.jar;C:\Users\User\.m2\repository\wsdl4j\wsdl4j\1.6.3\wsdl4j-1.6.3.jar;C:\Users\User\.m2\repository\org\apache\neethi\neethi\3.0.3\neethi-3.0.3.jar;C:\Users\User\.m2\repository\org\apache\httpcomponents\fluent-hc\4.5.3\fluent-hc-4.5.3.jar;C:\Users\User\.m2\repository\commons-logging\commons-logging\1.2\commons-logging-1.2.jar;C:\Users\User\.m2\repository\org\apache\poi\poi-ooxml\3.12\poi-ooxml-3.12.jar;C:\Users\User\.m2\repository\org\apache\poi\poi\3.12\poi-3.12.jar;C:\Users\User\.m2\repository\org\apache\poi\poi-ooxml-schemas\3.12\poi-ooxml-schemas-3.12.jar;C:\Users\User\.m2\repository\org\apache\xmlbeans\xmlbeans\2.6.0\xmlbeans-2.6.0.jar;C:\Users\User\.m2\repository\stax\stax-api\1.0.1\stax-api-1.0.1.jar;C:\Users\User\.m2\repository\com\zaxxer\HikariCP\4.0.3\HikariCP-4.0.3.jar;C:\Users\User\.m2\repository\org\webjars\bootstrap\3.3.7\bootstrap-3.3.7.jar;C:\Users\User\.m2\repository\org\webjars\jquery\1.11.1\jquery-1.11.1.jar;C:\Users\User\.m2\repository\com\fasterxml\jackson\core\jackson-databind\2.9.8\jackson-databind-2.9.8.jar;C:\Users\User\.m2\repository\com\fasterxml\jackson\core\jackson-annotations\2.9.0\jackson-annotations-2.9.0.jar;C:\Users\User\.m2\repository\com\fasterxml\jackson\core\jackson-core\2.9.7\jackson-core-2.9.7.jar;C:\Users\User\.m2\repository\net\sf\jasperreports\jasperreports\6.6.0\jasperreports-6.6.0.jar;C:\Users\User\.m2\repository\commons-beanutils\commons-beanutils\1.9.3\commons-beanutils-1.9.3.jar;C:\Users\User\.m2\repository\commons-collections\commons-collections\3.2.2\commons-collections-3.2.2.jar;C:\Users\User\.m2\repository\commons-digester\commons-digester\2.1\commons-digester-2.1.jar;C:\Users\User\.m2\repository\com\lowagie\itext\2.1.7.js6\itext-2.1.7.js6.jar;C:\Users\User\.m2\repository\org\bouncycastle\bcprov-jdk15on\1.52\bcprov-jdk15on-1.52.jar;C:\Users\User\.m2\repository\org\jfree\jcommon\1.0.23\jcommon-1.0.23.jar;C:\Users\User\.m2\repository\org\jfree\jfreechart\1.0.19\jfreechart-1.0.19.jar;C:\Users\User\.m2\repository\org\eclipse\jdt\core\compiler\ecj\4.4.2\ecj-4.4.2.jar;C:\Users\User\.m2\repository\org\codehaus\castor\castor-xml\1.3.3\castor-xml-1.3.3.jar;C:\Users\User\.m2\repository\org\codehaus\castor\castor-core\1.3.3\castor-core-1.3.3.jar;C:\Users\User\.m2\repository\javax\inject\javax.inject\1\javax.inject-1.jar;C:\Users\User\.m2\repository\stax\stax\1.2.0\stax-1.2.0.jar;C:\Users\User\.m2\repository\javax\xml\stream\stax-api\1.0-2\stax-api-1.0-2.jar;C:\Users\User\.m2\repository\com\ibm\icu\icu4j\57.1\icu4j-57.1.jar;C:\Users\User\.m2\repository\org\thymeleaf\extras\thymeleaf-extras-java8time\3.0.1.RELEASE\thymeleaf-extras-java8time-3.0.1.RELEASE.jar;C:\Users\User\.m2\repository\com\fasterxml\jackson\dataformat\jackson-dataformat-xml\2.9.9\jackson-dataformat-xml-2.9.9.jar;C:\Users\User\.m2\repository\com\fasterxml\jackson\module\jackson-module-jaxb-annotations\2.9.7\jackson-module-jaxb-annotations-2.9.7.jar;C:\Users\User\.m2\repository\org\codehaus\woodstox\stax2-api\3.1.4\stax2-api-3.1.4.jar;C:\Users\User\.m2\repository\com\fasterxml\woodstox\woodstox-core\5.1.0\woodstox-core-5.1.0.jar;C:\Users\User\.m2\repository\org\springframework\boot\spring-boot-starter-web-services\2.0.7.RELEASE\spring-boot-starter-web-services-2.0.7.RELEASE.jar;C:\Users\User\.m2\repository\org\springframework\spring-oxm\5.0.11.RELEASE\spring-oxm-5.0.11.RELEASE.jar;C:\Users\User\.m2\repository\org\springframework\ws\spring-ws-core\3.0.4.RELEASE\spring-ws-core-3.0.4.RELEASE.jar;C:\Users\User\.m2\repository\org\springframework\ws\spring-xml\3.0.4.RELEASE\spring-xml-3.0.4.RELEASE.jar;C:\Users\User\.m2\repository\com\github\ulisesbocchio\jasypt-spring-boot-starter\3.0.3\jasypt-spring-boot-starter-3.0.3.jar;C:\Users\User\.m2\repository\com\github\ulisesbocchio\jasypt-spring-boot\3.0.3\jasypt-spring-boot-3.0.3.jar;C:\Users\User\.m2\repository\org\jasypt\jasypt\1.9.3\jasypt-1.9.3.jar;C:\Users\User\.m2\repository\org\json\json\20180130\json-20180130.jar;, java.specification.name=Java Platform API Specification, java.class.version=52.0, sun.management.compiler=HotSpot 64-Bit Tiered Compilers, os.version=10.0, user.home=C:\Users\User, user.timezone=Asia/Dhaka, java.awt.printerjob=sun.awt.windows.WPrinterJob, file.encoding=Cp1252, java.specification.version=1.8, java.class.path=E:\work\projects\IFIC_Collection\target\test-classes;E:\work\projects\IFIC_Collection\target\classes;C:\Users\User\.m2\repository\org\springframework\boot\spring-boot-starter-thymeleaf\2.0.7.RELEASE\spring-boot-starter-thymeleaf-2.0.7.RELEASE.jar;C:\Users\User\.m2\repository\org\springframework\boot\spring-boot-starter\2.0.7.RELEASE\spring-boot-starter-2.0.7.RELEASE.jar;C:\Users\User\.m2\repository\org\springframework\boot\spring-boot\2.0.7.RELEASE\spring-boot-2.0.7.RELEASE.jar;C:\Users\User\.m2\repository\org\springframework\boot\spring-boot-autoconfigure\2.0.7.RELEASE\spring-boot-autoconfigure-2.0.7.RELEASE.jar;C:\Users\User\.m2\repository\org\springframework\boot\spring-boot-starter-logging\2.0.7.RELEASE\spring-boot-starter-logging-2.0.7.RELEASE.jar;C:\Users\User\.m2\repository\ch\qos\logback\logback-classic\1.2.3\logback-classic-1.2.3.jar;C:\Users\User\.m2\repository\ch\qos\logback\logback-core\1.2.3\logback-core-1.2.3.jar;C:\Users\User\.m2\repository\org\apache\logging\log4j\log4j-to-slf4j\2.10.0\log4j-to-slf4j-2.10.0.jar;C:\Users\User\.m2\repository\org\apache\logging\log4j\log4j-api\2.10.0\log4j-api-2.10.0.jar;C:\Users\User\.m2\repository\org\slf4j\jul-to-slf4j\1.7.25\jul-to-slf4j-1.7.25.jar;C:\Users\User\.m2\repository\javax\annotation\javax.annotation-api\1.3.2\javax.annotation-api-1.3.2.jar;C:\Users\User\.m2\repository\org\yaml\snakeyaml\1.19\snakeyaml-1.19.jar;C:\Users\User\.m2\repository\org\thymeleaf\thymeleaf-spring5\3.0.11.RELEASE\thymeleaf-spring5-3.0.11.RELEASE.jar;C:\Users\User\.m2\repository\com\twilio\sdk\twilio-java-sdk\3.4.5\twilio-java-sdk-3.4.5.jar;C:\Users\User\.m2\repository\org\apache\httpcomponents\httpclient\4.5.6\httpclient-4.5.6.jar;C:\Users\User\.m2\repository\org\apache\httpcomponents\httpcore\4.4.10\httpcore-4.4.10.jar;C:\Users\User\.m2\repository\commons-codec\commons-codec\1.11\commons-codec-1.11.jar;C:\Users\User\.m2\repository\commons-lang\commons-lang\2.6\commons-lang-2.6.jar;C:\Users\User\.m2\repository\com\googlecode\json-simple\json-simple\1.1.1\json-simple-1.1.1.jar;C:\Users\User\.m2\repository\org\codehaus\jackson\jackson-mapper-asl\1.9.3\jackson-mapper-asl-1.9.3.jar;C:\Users\User\.m2\repository\org\codehaus\jackson\jackson-core-asl\1.9.3\jackson-core-asl-1.9.3.jar;C:\Users\User\.m2\repository\org\springframework\boot\spring-boot-starter-actuator\2.0.7.RELEASE\spring-boot-starter-actuator-2.0.7.RELEASE.jar;C:\Users\User\.m2\repository\org\springframework\boot\spring-boot-actuator-autoconfigure\2.0.7.RELEASE\spring-boot-actuator-autoconfigure-2.0.7.RELEASE.jar;C:\Users\User\.m2\repository\org\springframework\boot\spring-boot-actuator\2.0.7.RELEASE\spring-boot-actuator-2.0.7.RELEASE.jar;C:\Users\User\.m2\repository\com\fasterxml\jackson\datatype\jackson-datatype-jsr310\2.9.7\jackson-datatype-jsr310-2.9.7.jar;C:\Users\User\.m2\repository\io\micrometer\micrometer-core\1.0.8\micrometer-core-1.0.8.jar;C:\Users\User\.m2\repository\org\hdrhistogram\HdrHistogram\2.1.10\HdrHistogram-2.1.10.jar;C:\Users\User\.m2\repository\org\latencyutils\LatencyUtils\2.0.3\LatencyUtils-2.0.3.jar;C:\Users\User\.m2\repository\nz\net\ultraq\thymeleaf\thymeleaf-layout-dialect\2.3.0\thymeleaf-layout-dialect-2.3.0.jar;C:\Users\User\.m2\repository\nz\net\ultraq\thymeleaf\thymeleaf-expression-processor\1.1.3\thymeleaf-expression-processor-1.1.3.jar;C:\Users\User\.m2\repository\org\codehaus\groovy\groovy\2.4.15\groovy-2.4.15.jar;C:\Users\User\.m2\repository\org\thymeleaf\thymeleaf\3.0.11.RELEASE\thymeleaf-3.0.11.RELEASE.jar;C:\Users\User\.m2\repository\ognl\ognl\3.1.12\ognl-3.1.12.jar;C:\Users\User\.m2\repository\org\attoparser\attoparser\2.0.5.RELEASE\attoparser-2.0.5.RELEASE.jar;C:\Users\User\.m2\repository\org\unbescape\unbescape\1.1.6.RELEASE\unbescape-1.1.6.RELEASE.jar;C:\Users\User\.m2\repository\org\springframework\boot\spring-boot-starter-web\2.0.7.RELEASE\spring-boot-starter-web-2.0.7.RELEASE.jar;C:\Users\User\.m2\repository\org\springframework\boot\spring-boot-starter-json\2.0.7.RELEASE\spring-boot-starter-json-2.0.7.RELEASE.jar;C:\Users\User\.m2\repository\com\fasterxml\jackson\datatype\jackson-datatype-jdk8\2.9.7\jackson-datatype-jdk8-2.9.7.jar;C:\Users\User\.m2\repository\com\fasterxml\jackson\module\jackson-module-parameter-names\2.9.7\jackson-module-parameter-names-2.9.7.jar;C:\Users\User\.m2\repository\org\springframework\boot\spring-boot-starter-tomcat\2.0.7.RELEASE\spring-boot-starter-tomcat-2.0.7.RELEASE.jar;C:\Users\User\.m2\repository\org\apache\tomcat\embed\tomcat-embed-core\9.0.12\tomcat-embed-core-9.0.12.jar;C:\Users\User\.m2\repository\org\apache\tomcat\embed\tomcat-embed-el\9.0.12\tomcat-embed-el-9.0.12.jar;C:\Users\User\.m2\repository\org\apache\tomcat\embed\tomcat-embed-websocket\9.0.12\tomcat-embed-websocket-9.0.12.jar;C:\Users\User\.m2\repository\org\hibernate\validator\hibernate-validator\6.0.13.Final\hibernate-validator-6.0.13.Final.jar;C:\Users\User\.m2\repository\javax\validation\validation-api\2.0.1.Final\validation-api-2.0.1.Final.jar;C:\Users\User\.m2\repository\org\jboss\logging\jboss-logging\3.3.2.Final\jboss-logging-3.3.2.Final.jar;C:\Users\User\.m2\repository\com\fasterxml\classmate\1.3.4\classmate-1.3.4.jar;C:\Users\User\.m2\repository\org\springframework\spring-web\5.0.11.RELEASE\spring-web-5.0.11.RELEASE.jar;C:\Users\User\.m2\repository\org\springframework\spring-beans\5.0.11.RELEASE\spring-beans-5.0.11.RELEASE.jar;C:\Users\User\.m2\repository\org\springframework\spring-webmvc\5.0.11.RELEASE\spring-webmvc-5.0.11.RELEASE.jar;C:\Users\User\.m2\repository\org\springframework\spring-expression\5.0.11.RELEASE\spring-expression-5.0.11.RELEASE.jar;C:\Users\User\.m2\repository\org\springframework\boot\spring-boot-starter-data-jpa\2.0.7.RELEASE\spring-boot-starter-data-jpa-2.0.7.RELEASE.jar;C:\Users\User\.m2\repository\org\springframework\boot\spring-boot-starter-aop\2.0.7.RELEASE\spring-boot-starter-aop-2.0.7.RELEASE.jar;C:\Users\User\.m2\repository\org\aspectj\aspectjweaver\1.8.13\aspectjweaver-1.8.13.jar;C:\Users\User\.m2\repository\javax\transaction\javax.transaction-api\1.2\javax.transaction-api-1.2.jar;C:\Users\User\.m2\repository\org\hibernate\hibernate-core\5.2.17.Final\hibernate-core-5.2.17.Final.jar;C:\Users\User\.m2\repository\org\hibernate\javax\persistence\hibernate-jpa-2.1-api\1.0.2.Final\hibernate-jpa-2.1-api-1.0.2.Final.jar;C:\Users\User\.m2\repository\org\javassist\javassist\3.22.0-GA\javassist-3.22.0-GA.jar;C:\Users\User\.m2\repository\antlr\antlr\2.7.7\antlr-2.7.7.jar;C:\Users\User\.m2\repository\org\jboss\jandex\2.0.3.Final\jandex-2.0.3.Final.jar;C:\Users\User\.m2\repository\dom4j\dom4j\1.6.1\dom4j-1.6.1.jar;C:\Users\User\.m2\repository\org\hibernate\common\hibernate-commons-annotations\5.0.1.Final\hibernate-commons-annotations-5.0.1.Final.jar;C:\Users\User\.m2\repository\org\springframework\data\spring-data-jpa\2.0.12.RELEASE\spring-data-jpa-2.0.12.RELEASE.jar;C:\Users\User\.m2\repository\org\springframework\data\spring-data-commons\2.0.12.RELEASE\spring-data-commons-2.0.12.RELEASE.jar;C:\Users\User\.m2\repository\org\springframework\spring-orm\5.0.11.RELEASE\spring-orm-5.0.11.RELEASE.jar;C:\Users\User\.m2\repository\org\springframework\spring-tx\5.0.11.RELEASE\spring-tx-5.0.11.RELEASE.jar;C:\Users\User\.m2\repository\org\springframework\spring-aspects\5.0.11.RELEASE\spring-aspects-5.0.11.RELEASE.jar;C:\Users\User\.m2\repository\org\springframework\data\spring-data-envers\2.0.12.RELEASE\spring-data-envers-2.0.12.RELEASE.jar;C:\Users\User\.m2\repository\org\hibernate\hibernate-envers\5.2.17.Final\hibernate-envers-5.2.17.Final.jar;C:\Users\User\.m2\repository\joda-time\joda-time\2.9.9\joda-time-2.9.9.jar;C:\Users\User\.m2\repository\org\slf4j\slf4j-api\1.7.25\slf4j-api-1.7.25.jar;C:\Users\User\.m2\repository\org\springframework\boot\spring-boot-starter-jdbc\2.0.7.RELEASE\spring-boot-starter-jdbc-2.0.7.RELEASE.jar;C:\Users\User\.m2\repository\org\springframework\spring-jdbc\5.0.11.RELEASE\spring-jdbc-5.0.11.RELEASE.jar;C:\Users\User\.m2\repository\com\oracle\ojdbc\ojdbc8\19.3.0.0\ojdbc8-19.3.0.0.jar;C:\Users\User\.m2\repository\com\oracle\ojdbc\ucp\19.3.0.0\ucp-19.3.0.0.jar;C:\Users\User\.m2\repository\com\oracle\ojdbc\oraclepki\19.3.0.0\oraclepki-19.3.0.0.jar;C:\Users\User\.m2\repository\com\oracle\ojdbc\osdt_cert\19.3.0.0\osdt_cert-19.3.0.0.jar;C:\Users\User\.m2\repository\com\oracle\ojdbc\osdt_core\19.3.0.0\osdt_core-19.3.0.0.jar;C:\Users\User\.m2\repository\com\oracle\ojdbc\simplefan\19.3.0.0\simplefan-19.3.0.0.jar;C:\Users\User\.m2\repository\com\oracle\ojdbc\ons\19.3.0.0\ons-19.3.0.0.jar;C:\Users\User\.m2\repository\org\springframework\boot\spring-boot-starter-security\2.0.7.RELEASE\spring-boot-starter-security-2.0.7.RELEASE.jar;C:\Users\User\.m2\repository\org\springframework\spring-aop\5.0.11.RELEASE\spring-aop-5.0.11.RELEASE.jar;C:\Users\User\.m2\repository\org\springframework\security\spring-security-config\5.0.10.RELEASE\spring-security-config-5.0.10.RELEASE.jar;C:\Users\User\.m2\repository\org\springframework\security\spring-security-core\5.0.10.RELEASE\spring-security-core-5.0.10.RELEASE.jar;C:\Users\User\.m2\repository\org\springframework\security\spring-security-web\5.0.10.RELEASE\spring-security-web-5.0.10.RELEASE.jar;C:\Users\User\.m2\repository\org\thymeleaf\extras\thymeleaf-extras-springsecurity4\3.0.4.RELEASE\thymeleaf-extras-springsecurity4-3.0.4.RELEASE.jar;C:\Users\User\.m2\repository\org\projectlombok\lombok\1.16.22\lombok-1.16.22.jar;C:\Users\User\.m2\repository\org\springframework\boot\spring-boot-starter-test\2.0.7.RELEASE\spring-boot-starter-test-2.0.7.RELEASE.jar;C:\Users\User\.m2\repository\org\springframework\boot\spring-boot-test\2.0.7.RELEASE\spring-boot-test-2.0.7.RELEASE.jar;C:\Users\User\.m2\repository\org\springframework\boot\spring-boot-test-autoconfigure\2.0.7.RELEASE\spring-boot-test-autoconfigure-2.0.7.RELEASE.jar;C:\Users\User\.m2\repository\com\jayway\jsonpath\json-path\2.4.0\json-path-2.4.0.jar;C:\Users\User\.m2\repository\net\minidev\json-smart\2.3\json-smart-2.3.jar;C:\Users\User\.m2\repository\net\minidev\accessors-smart\1.2\accessors-smart-1.2.jar;C:\Users\User\.m2\repository\org\ow2\asm\asm\5.0.4\asm-5.0.4.jar;C:\Users\User\.m2\repository\junit\junit\4.12\junit-4.12.jar;C:\Users\User\.m2\repository\org\assertj\assertj-core\3.9.1\assertj-core-3.9.1.jar;C:\Users\User\.m2\repository\org\mockito\mockito-core\2.15.0\mockito-core-2.15.0.jar;C:\Users\User\.m2\repository\net\bytebuddy\byte-buddy\1.7.11\byte-buddy-1.7.11.jar;C:\Users\User\.m2\repository\net\bytebuddy\byte-buddy-agent\1.7.11\byte-buddy-agent-1.7.11.jar;C:\Users\User\.m2\repository\org\objenesis\objenesis\2.6\objenesis-2.6.jar;C:\Users\User\.m2\repository\org\hamcrest\hamcrest-core\1.3\hamcrest-core-1.3.jar;C:\Users\User\.m2\repository\org\hamcrest\hamcrest-library\1.3\hamcrest-library-1.3.jar;C:\Users\User\.m2\repository\org\skyscreamer\jsonassert\1.5.0\jsonassert-1.5.0.jar;C:\Users\User\.m2\repository\com\vaadin\external\google\android-json\0.0.20131108.vaadin1\android-json-0.0.20131108.vaadin1.jar;C:\Users\User\.m2\repository\org\springframework\spring-core\5.0.11.RELEASE\spring-core-5.0.11.RELEASE.jar;C:\Users\User\.m2\repository\org\springframework\spring-jcl\5.0.11.RELEASE\spring-jcl-5.0.11.RELEASE.jar;C:\Users\User\.m2\repository\org\springframework\spring-test\5.0.11.RELEASE\spring-test-5.0.11.RELEASE.jar;C:\Users\User\.m2\repository\org\xmlunit\xmlunit-core\2.5.1\xmlunit-core-2.5.1.jar;C:\Users\User\.m2\repository\commons-fileupload\commons-fileupload\1.4\commons-fileupload-1.4.jar;C:\Users\User\.m2\repository\org\springframework\boot\spring-boot-starter-mail\2.0.7.RELEASE\spring-boot-starter-mail-2.0.7.RELEASE.jar;C:\Users\User\.m2\repository\org\springframework\spring-context\5.0.11.RELEASE\spring-context-5.0.11.RELEASE.jar;C:\Users\User\.m2\repository\org\springframework\spring-context-support\5.0.11.RELEASE\spring-context-support-5.0.11.RELEASE.jar;C:\Users\User\.m2\repository\com\sun\mail\javax.mail\1.6.2\javax.mail-1.6.2.jar;C:\Users\User\.m2\repository\javax\activation\activation\1.1\activation-1.1.jar;C:\Users\User\.m2\repository\javax\mail\javax.mail-api\1.6.2\javax.mail-api-1.6.2.jar;C:\Users\User\.m2\repository\com\google\code\gson\gson\2.8.5\gson-2.8.5.jar;C:\Users\User\.m2\repository\commons-io\commons-io\2.6\commons-io-2.6.jar;C:\Users\User\.m2\repository\org\apache\chemistry\opencmis\chemistry-opencmis-client-impl\1.0.0\chemistry-opencmis-client-impl-1.0.0.jar;C:\Users\User\.m2\repository\org\apache\chemistry\opencmis\chemistry-opencmis-client-api\1.0.0\chemistry-opencmis-client-api-1.0.0.jar;C:\Users\User\.m2\repository\org\apache\chemistry\opencmis\chemistry-opencmis-commons-api\1.0.0\chemistry-opencmis-commons-api-1.0.0.jar;C:\Users\User\.m2\repository\org\apache\chemistry\opencmis\chemistry-opencmis-commons-impl\1.0.0\chemistry-opencmis-commons-impl-1.0.0.jar;C:\Users\User\.m2\repository\org\codehaus\woodstox\woodstox-core-asl\4.4.1\woodstox-core-asl-4.4.1.jar;C:\Users\User\.m2\repository\org\apache\chemistry\opencmis\chemistry-opencmis-client-bindings\1.0.0\chemistry-opencmis-client-bindings-1.0.0.jar;C:\Users\User\.m2\repository\org\apache\cxf\cxf-rt-frontend-jaxws\3.0.10\cxf-rt-frontend-jaxws-3.0.10.jar;C:\Users\User\.m2\repository\xml-resolver\xml-resolver\1.2\xml-resolver-1.2.jar;C:\Users\User\.m2\repository\asm\asm\3.3.1\asm-3.3.1.jar;C:\Users\User\.m2\repository\org\apache\cxf\cxf-core\3.0.10\cxf-core-3.0.10.jar;C:\Users\User\.m2\repository\org\apache\ws\xmlschema\xmlschema-core\2.2.1\xmlschema-core-2.2.1.jar;C:\Users\User\.m2\repository\org\apache\cxf\cxf-rt-bindings-soap\3.0.10\cxf-rt-bindings-soap-3.0.10.jar;C:\Users\User\.m2\repository\org\apache\cxf\cxf-rt-wsdl\3.0.10\cxf-rt-wsdl-3.0.10.jar;C:\Users\User\.m2\repository\org\apache\cxf\cxf-rt-databinding-jaxb\3.0.10\cxf-rt-databinding-jaxb-3.0.10.jar;C:\Users\User\.m2\repository\com\sun\xml\bind\jaxb-impl\2.2.11\jaxb-impl-2.2.11.jar;C:\Users\User\.m2\repository\com\sun\xml\bind\jaxb-core\2.2.11\jaxb-core-2.2.11.jar;C:\Users\User\.m2\repository\org\apache\cxf\cxf-rt-bindings-xml\3.0.10\cxf-rt-bindings-xml-3.0.10.jar;C:\Users\User\.m2\repository\org\apache\cxf\cxf-rt-frontend-simple\3.0.10\cxf-rt-frontend-simple-3.0.10.jar;C:\Users\User\.m2\repository\org\apache\cxf\cxf-rt-ws-addr\3.0.10\cxf-rt-ws-addr-3.0.10.jar;C:\Users\User\.m2\repository\org\apache\cxf\cxf-rt-transports-http\3.0.10\cxf-rt-transports-http-3.0.10.jar;C:\Users\User\.m2\repository\org\apache\cxf\cxf-rt-ws-policy\3.0.10\cxf-rt-ws-policy-3.0.10.jar;C:\Users\User\.m2\repository\wsdl4j\wsdl4j\1.6.3\wsdl4j-1.6.3.jar;C:\Users\User\.m2\repository\org\apache\neethi\neethi\3.0.3\neethi-3.0.3.jar;C:\Users\User\.m2\repository\org\apache\httpcomponents\fluent-hc\4.5.3\fluent-hc-4.5.3.jar;C:\Users\User\.m2\repository\commons-logging\commons-logging\1.2\commons-logging-1.2.jar;C:\Users\User\.m2\repository\org\apache\poi\poi-ooxml\3.12\poi-ooxml-3.12.jar;C:\Users\User\.m2\repository\org\apache\poi\poi\3.12\poi-3.12.jar;C:\Users\User\.m2\repository\org\apache\poi\poi-ooxml-schemas\3.12\poi-ooxml-schemas-3.12.jar;C:\Users\User\.m2\repository\org\apache\xmlbeans\xmlbeans\2.6.0\xmlbeans-2.6.0.jar;C:\Users\User\.m2\repository\stax\stax-api\1.0.1\stax-api-1.0.1.jar;C:\Users\User\.m2\repository\com\zaxxer\HikariCP\4.0.3\HikariCP-4.0.3.jar;C:\Users\User\.m2\repository\org\webjars\bootstrap\3.3.7\bootstrap-3.3.7.jar;C:\Users\User\.m2\repository\org\webjars\jquery\1.11.1\jquery-1.11.1.jar;C:\Users\User\.m2\repository\com\fasterxml\jackson\core\jackson-databind\2.9.8\jackson-databind-2.9.8.jar;C:\Users\User\.m2\repository\com\fasterxml\jackson\core\jackson-annotations\2.9.0\jackson-annotations-2.9.0.jar;C:\Users\User\.m2\repository\com\fasterxml\jackson\core\jackson-core\2.9.7\jackson-core-2.9.7.jar;C:\Users\User\.m2\repository\net\sf\jasperreports\jasperreports\6.6.0\jasperreports-6.6.0.jar;C:\Users\User\.m2\repository\commons-beanutils\commons-beanutils\1.9.3\commons-beanutils-1.9.3.jar;C:\Users\User\.m2\repository\commons-collections\commons-collections\3.2.2\commons-collections-3.2.2.jar;C:\Users\User\.m2\repository\commons-digester\commons-digester\2.1\commons-digester-2.1.jar;C:\Users\User\.m2\repository\com\lowagie\itext\2.1.7.js6\itext-2.1.7.js6.jar;C:\Users\User\.m2\repository\org\bouncycastle\bcprov-jdk15on\1.52\bcprov-jdk15on-1.52.jar;C:\Users\User\.m2\repository\org\jfree\jcommon\1.0.23\jcommon-1.0.23.jar;C:\Users\User\.m2\repository\org\jfree\jfreechart\1.0.19\jfreechart-1.0.19.jar;C:\Users\User\.m2\repository\org\eclipse\jdt\core\compiler\ecj\4.4.2\ecj-4.4.2.jar;C:\Users\User\.m2\repository\org\codehaus\castor\castor-xml\1.3.3\castor-xml-1.3.3.jar;C:\Users\User\.m2\repository\org\codehaus\castor\castor-core\1.3.3\castor-core-1.3.3.jar;C:\Users\User\.m2\repository\javax\inject\javax.inject\1\javax.inject-1.jar;C:\Users\User\.m2\repository\stax\stax\1.2.0\stax-1.2.0.jar;C:\Users\User\.m2\repository\javax\xml\stream\stax-api\1.0-2\stax-api-1.0-2.jar;C:\Users\User\.m2\repository\com\ibm\icu\icu4j\57.1\icu4j-57.1.jar;C:\Users\User\.m2\repository\org\thymeleaf\extras\thymeleaf-extras-java8time\3.0.1.RELEASE\thymeleaf-extras-java8time-3.0.1.RELEASE.jar;C:\Users\User\.m2\repository\com\fasterxml\jackson\dataformat\jackson-dataformat-xml\2.9.9\jackson-dataformat-xml-2.9.9.jar;C:\Users\User\.m2\repository\com\fasterxml\jackson\module\jackson-module-jaxb-annotations\2.9.7\jackson-module-jaxb-annotations-2.9.7.jar;C:\Users\User\.m2\repository\org\codehaus\woodstox\stax2-api\3.1.4\stax2-api-3.1.4.jar;C:\Users\User\.m2\repository\com\fasterxml\woodstox\woodstox-core\5.1.0\woodstox-core-5.1.0.jar;C:\Users\User\.m2\repository\org\springframework\boot\spring-boot-starter-web-services\2.0.7.RELEASE\spring-boot-starter-web-services-2.0.7.RELEASE.jar;C:\Users\User\.m2\repository\org\springframework\spring-oxm\5.0.11.RELEASE\spring-oxm-5.0.11.RELEASE.jar;C:\Users\User\.m2\repository\org\springframework\ws\spring-ws-core\3.0.4.RELEASE\spring-ws-core-3.0.4.RELEASE.jar;C:\Users\User\.m2\repository\org\springframework\ws\spring-xml\3.0.4.RELEASE\spring-xml-3.0.4.RELEASE.jar;C:\Users\User\.m2\repository\com\github\ulisesbocchio\jasypt-spring-boot-starter\3.0.3\jasypt-spring-boot-starter-3.0.3.jar;C:\Users\User\.m2\repository\com\github\ulisesbocchio\jasypt-spring-boot\3.0.3\jasypt-spring-boot-3.0.3.jar;C:\Users\User\.m2\repository\org\jasypt\jasypt\1.9.3\jasypt-1.9.3.jar;C:\Users\User\.m2\repository\org\json\json\20180130\json-20180130.jar;, user.name=User, java.vm.specification.version=1.8, sun.java.command=C:\Users\User\AppData\Local\Temp\surefire5125157228918733205\surefirebooter2695171537084089234.jar C:\Users\User\AppData\Local\Temp\surefire5125157228918733205 2022-11-21T11-26-48_591-jvmRun1 surefire7799154978787324522tmp surefire_0952219748281942044tmp, java.home=C:\Program Files\Java\jdk1.8.0_202\jre, sun.arch.data.model=64, user.language=en, java.specification.vendor=Oracle Corporation, awt.toolkit=sun.awt.windows.WToolkit, java.vm.info=mixed mode, java.version=1.8.0_202, java.ext.dirs=C:\Program Files\Java\jdk1.8.0_202\jre\lib\ext;C:\Windows\Sun\Java\lib\ext, sun.boot.class.path=C:\Program Files\Java\jdk1.8.0_202\jre\lib\resources.jar;C:\Program Files\Java\jdk1.8.0_202\jre\lib\rt.jar;C:\Program Files\Java\jdk1.8.0_202\jre\lib\sunrsasign.jar;C:\Program Files\Java\jdk1.8.0_202\jre\lib\jsse.jar;C:\Program Files\Java\jdk1.8.0_202\jre\lib\jce.jar;C:\Program Files\Java\jdk1.8.0_202\jre\lib\charsets.jar;C:\Program Files\Java\jdk1.8.0_202\jre\lib\jfr.jar;C:\Program Files\Java\jdk1.8.0_202\jre\classes, java.vendor=Oracle Corporation, localRepository=C:\Users\User\.m2\repository, file.separator=\, java.vendor.url.bug=http://bugreport.sun.com/bugreport/, sun.io.unicode.encoding=UnicodeLittle, sun.cpu.endian=little, sun.desktop=windows, sun.cpu.isalist=amd64}}, SystemEnvironmentPropertySource@346224929 {name='systemEnvironment', properties={PATH=D:\oracle\db_home\bin;C:\Program Files (x86)\Common Files\Oracle\Java\javapath;C:\Windows\system32;C:\Windows;C:\Windows\System32\Wbem;C:\Windows\System32\WindowsPowerShell\v1.0\;C:\Windows\System32\OpenSSH\;C:\Program Files\Java\jdk1.8.0_202\bin;C:\mavenApp\apache-maven-3.8.5\bin;C:\Program Files\Git\cmd;C:\Program Files\nodejs\;C:\Program Files\MySQL\MySQL Shell 8.0\bin\;C:\Users\User\AppData\Local\Microsoft\WindowsApps;C:\Program Files\heroku\bin;C:\Users\User\AppData\Local\GitHubDesktop\bin;C:\Users\User\AppData\Local\Programs\Microsoft VS Code\bin;C:\Users\User\AppData\Roaming\npm, USERDOMAIN_ROAMINGPROFILE=NB3648ABDULLAH, LOCALAPPDATA=C:\Users\User\AppData\Local, PROCESSOR_LEVEL=6, SYSTEMDRIVE=C:, COMMONPROGRAMFILES(X86)=C:\Program Files (x86)\Common Files, USERDOMAIN=NB3648ABDULLAH, FPS_BROWSER_APP_PROFILE_STRING=Internet Explorer, LOGONSERVER=\\NB3648ABDULLAH, JAVA_HOME=C:\Program Files\Java\jdk1.8.0_202, PROMPT=$P$G, SESSIONNAME=Console, ALLUSERSPROFILE=C:\ProgramData, PROGRAMFILES(X86)=C:\Program Files (x86), PROCESSOR_ARCHITECTURE=AMD64, DRIVERDATA=C:\Windows\System32\Drivers\DriverData, =E:=E:\work\projects\IFIC_Collection, MAVEN_HOME=C:\mavenApp\apache-maven-3.8.5, PROGRAMFILES=C:\Program Files, APPDATA=C:\Users\User\AppData\Roaming, PSMODULEPATH=C:\Program Files\WindowsPowerShell\Modules;C:\Windows\system32\WindowsPowerShell\v1.0\Modules, PROGRAMW6432=C:\Program Files, PROGRAMDATA=C:\ProgramData, SYSTEMROOT=C:\Windows, USERNAME=User, FPS_BROWSER_USER_PROFILE_STRING=Default, ONEDRIVE=C:\Users\User\OneDrive, PATHEXT=.COM;.EXE;.BAT;.CMD;.VBS;.VBE;.JS;.JSE;.WSF;.WSH;.MSC, OS=Windows_NT, COMMONPROGRAMW6432=C:\Program Files\Common Files, COMPUTERNAME=NB3648ABDULLAH, COMMONPROGRAMFILES=C:\Program Files\Common Files, COMSPEC=C:\Windows\system32\cmd.exe, PROCESSOR_REVISION=8c01, WINDIR=C:\Windows, HOMEPATH=\Users\User, TEMP=C:\Users\User\AppData\Local\Temp, HOMEDRIVE=C:, PROCESSOR_IDENTIFIER=Intel64 Family 6 Model 140 Stepping 1, GenuineIntel, USERPROFILE=C:\Users\User, TMP=C:\Users\User\AppData\Local\Temp, PUBLIC=C:\Users\Public, NUMBER_OF_PROCESSORS=8, =::=::\}}]
11:26:50.204 [main] DEBUG org.springframework.core.io.support.PathMatchingResourcePatternResolver - Resolved classpath location [com/unisoft/csinfotechbd/] to resources [URL [file:/E:/work/projects/IFIC_Collection/target/test-classes/com/unisoft/csinfotechbd/]]
11:26:50.204 [main] DEBUG org.springframework.core.io.support.PathMatchingResourcePatternResolver - Looking for matching resources in directory tree [E:\work\projects\IFIC_Collection\target\test-classes\com\unisoft\csinfotechbd]
11:26:50.204 [main] DEBUG org.springframework.core.io.support.PathMatchingResourcePatternResolver - Searching directory [E:\work\projects\IFIC_Collection\target\test-classes\com\unisoft\csinfotechbd] for files matching pattern [E:/work/projects/IFIC_Collection/target/test-classes/com/unisoft/csinfotechbd/*.class]
11:26:50.204 [main] DEBUG org.springframework.core.io.support.PathMatchingResourcePatternResolver - Resolved location pattern [classpath*:com/unisoft/csinfotechbd/*.class] to resources [file [E:\work\projects\IFIC_Collection\target\test-classes\com\unisoft\csinfotechbd\CsinfotechbdApplicationTests.class]]
11:26:50.251 [main] DEBUG org.springframework.core.io.support.PathMatchingResourcePatternResolver - Resolved classpath location [com/unisoft/] to resources [URL [file:/E:/work/projects/IFIC_Collection/target/test-classes/com/unisoft/], URL [file:/E:/work/projects/IFIC_Collection/target/classes/com/unisoft/]]
11:26:50.251 [main] DEBUG org.springframework.core.io.support.PathMatchingResourcePatternResolver - Looking for matching resources in directory tree [E:\work\projects\IFIC_Collection\target\test-classes\com\unisoft]
11:26:50.251 [main] DEBUG org.springframework.core.io.support.PathMatchingResourcePatternResolver - Searching directory [E:\work\projects\IFIC_Collection\target\test-classes\com\unisoft] for files matching pattern [E:/work/projects/IFIC_Collection/target/test-classes/com/unisoft/*.class]
11:26:50.251 [main] DEBUG org.springframework.core.io.support.PathMatchingResourcePatternResolver - Looking for matching resources in directory tree [E:\work\projects\IFIC_Collection\target\classes\com\unisoft]
11:26:50.251 [main] DEBUG org.springframework.core.io.support.PathMatchingResourcePatternResolver - Searching directory [E:\work\projects\IFIC_Collection\target\classes\com\unisoft] for files matching pattern [E:/work/projects/IFIC_Collection/target/classes/com/unisoft/*.class]
11:26:50.266 [main] DEBUG org.springframework.core.io.support.PathMatchingResourcePatternResolver - Resolved location pattern [classpath*:com/unisoft/*.class] to resources [file [E:\work\projects\IFIC_Collection\target\classes\com\unisoft\UnisoftApplication.class]]
11:26:50.313 [main] DEBUG org.springframework.context.annotation.ClassPathScanningCandidateComponentProvider - Identified candidate component class: file [E:\work\projects\IFIC_Collection\target\classes\com\unisoft\UnisoftApplication.class]
11:26:50.313 [main] INFO org.springframework.boot.test.context.SpringBootTestContextBootstrapper - Found @SpringBootConfiguration com.unisoft.UnisoftApplication for test class com.unisoft.csinfotechbd.CsinfotechbdApplicationTests
11:26:50.610 [main] DEBUG org.springframework.boot.test.context.SpringBootTestContextBootstrapper - @TestExecutionListeners is not present for class [com.unisoft.csinfotechbd.CsinfotechbdApplicationTests]: using defaults.
11:26:50.610 [main] INFO org.springframework.boot.test.context.SpringBootTestContextBootstrapper - Loaded default TestExecutionListener class names from location [META-INF/spring.factories]: [org.springframework.boot.test.mock.mockito.MockitoTestExecutionListener, org.springframework.boot.test.mock.mockito.ResetMocksTestExecutionListener, org.springframework.boot.test.autoconfigure.restdocs.RestDocsTestExecutionListener, org.springframework.boot.test.autoconfigure.web.client.MockRestServiceServerResetTestExecutionListener, org.springframework.boot.test.autoconfigure.web.servlet.MockMvcPrintOnlyOnFailureTestExecutionListener, org.springframework.boot.test.autoconfigure.web.servlet.WebDriverTestExecutionListener, org.springframework.test.context.web.ServletTestExecutionListener, org.springframework.test.context.support.DirtiesContextBeforeModesTestExecutionListener, org.springframework.test.context.support.DependencyInjectionTestExecutionListener, org.springframework.test.context.support.DirtiesContextTestExecutionListener, org.springframework.test.context.transaction.TransactionalTestExecutionListener, org.springframework.test.context.jdbc.SqlScriptsTestExecutionListener]
11:26:50.641 [main] INFO org.springframework.boot.test.context.SpringBootTestContextBootstrapper - Using TestExecutionListeners: [org.springframework.test.context.web.ServletTestExecutionListener@6bedbc4d, org.springframework.test.context.support.DirtiesContextBeforeModesTestExecutionListener@932bc4a, org.springframework.boot.test.mock.mockito.MockitoTestExecutionListener@d29f28, org.springframework.boot.test.autoconfigure.SpringBootDependencyInjectionTestExecutionListener@2fd1433e, org.springframework.test.context.support.DirtiesContextTestExecutionListener@29d89d5d, org.springframework.test.context.transaction.TransactionalTestExecutionListener@3514a4c0, org.springframework.test.context.jdbc.SqlScriptsTestExecutionListener@212b5695, org.springframework.boot.test.mock.mockito.ResetMocksTestExecutionListener@446293d, org.springframework.boot.test.autoconfigure.restdocs.RestDocsTestExecutionListener@69997e9d, org.springframework.boot.test.autoconfigure.web.client.MockRestServiceServerResetTestExecutionListener@793be5ca, org.springframework.boot.test.autoconfigure.web.servlet.MockMvcPrintOnlyOnFailureTestExecutionListener@2df9b86, org.springframework.boot.test.autoconfigure.web.servlet.WebDriverTestExecutionListener@37654521]
11:26:50.641 [main] DEBUG org.springframework.test.annotation.ProfileValueUtils - Retrieved @ProfileValueSourceConfiguration [null] for test class [com.unisoft.csinfotechbd.CsinfotechbdApplicationTests]
11:26:50.641 [main] DEBUG org.springframework.test.annotation.ProfileValueUtils - Retrieved ProfileValueSource type [class org.springframework.test.annotation.SystemProfileValueSource] for class [com.unisoft.csinfotechbd.CsinfotechbdApplicationTests]
11:26:50.657 [main] DEBUG org.springframework.test.annotation.ProfileValueUtils - Retrieved @ProfileValueSourceConfiguration [null] for test class [com.unisoft.csinfotechbd.CsinfotechbdApplicationTests]
11:26:50.657 [main] DEBUG org.springframework.test.annotation.ProfileValueUtils - Retrieved ProfileValueSource type [class org.springframework.test.annotation.SystemProfileValueSource] for class [com.unisoft.csinfotechbd.CsinfotechbdApplicationTests]
11:26:50.657 [main] DEBUG org.springframework.test.annotation.ProfileValueUtils - Retrieved @ProfileValueSourceConfiguration [null] for test class [com.unisoft.csinfotechbd.CsinfotechbdApplicationTests]
11:26:50.657 [main] DEBUG org.springframework.test.annotation.ProfileValueUtils - Retrieved ProfileValueSource type [class org.springframework.test.annotation.SystemProfileValueSource] for class [com.unisoft.csinfotechbd.CsinfotechbdApplicationTests]
11:26:50.657 [main] DEBUG org.springframework.test.context.support.AbstractDirtiesContextTestExecutionListener - Before test class: context [DefaultTestContext@581ac8a8 testClass = CsinfotechbdApplicationTests, testInstance = [null], testMethod = [null], testException = [null], mergedContextConfiguration = [WebMergedContextConfiguration@6d4e5011 testClass = CsinfotechbdApplicationTests, locations = '{}', classes = '{class com.unisoft.UnisoftApplication}', contextInitializerClasses = '[]', activeProfiles = '{}', propertySourceLocations = '{}', propertySourceProperties = '{org.springframework.boot.test.context.SpringBootTestContextBootstrapper=true}', contextCustomizers = set[org.springframework.boot.test.context.filter.ExcludeFilterContextCustomizer@78a2da20, org.springframework.boot.test.json.DuplicateJsonObjectContextCustomizerFactory$DuplicateJsonObjectContextCustomizer@58fdd99, org.springframework.boot.test.mock.mockito.MockitoContextCustomizer@0, org.springframework.boot.test.web.client.TestRestTemplateContextCustomizer@1dd92fe2, org.springframework.boot.test.autoconfigure.properties.PropertyMappingContextCustomizer@0, org.springframework.boot.test.autoconfigure.web.servlet.WebDriverContextCustomizerFactory$Customizer@7f77e91b], resourceBasePath = 'src/main/webapp', contextLoader = 'org.springframework.boot.test.context.SpringBootContextLoader', parent = [null]], attributes = map['org.springframework.test.context.web.ServletTestExecutionListener.activateListener' -> true]], class annotated with @DirtiesContext [false] with mode [null].
11:26:50.657 [main] DEBUG org.springframework.test.annotation.ProfileValueUtils - Retrieved @ProfileValueSourceConfiguration [null] for test class [com.unisoft.csinfotechbd.CsinfotechbdApplicationTests]
11:26:50.657 [main] DEBUG org.springframework.test.annotation.ProfileValueUtils - Retrieved ProfileValueSource type [class org.springframework.test.annotation.SystemProfileValueSource] for class [com.unisoft.csinfotechbd.CsinfotechbdApplicationTests]
11:26:50.688 [main] DEBUG org.springframework.core.env.StandardEnvironment - Adding PropertySource 'systemProperties' with lowest search precedence
11:26:50.688 [main] DEBUG org.springframework.core.env.StandardEnvironment - Adding PropertySource 'systemEnvironment' with lowest search precedence
11:26:50.688 [main] DEBUG org.springframework.core.env.StandardEnvironment - Initialized StandardEnvironment with PropertySources [MapPropertySource@671471369 {name='systemProperties', properties={idea.version=2018.2.3, java.runtime.name=Java(TM) SE Runtime Environment, sun.boot.library.path=C:\Program Files\Java\jdk1.8.0_202\jre\bin, java.vm.version=25.202-b08, java.vm.vendor=Oracle Corporation, java.vendor.url=http://java.oracle.com/, path.separator=;, java.vm.name=Java HotSpot(TM) 64-Bit Server VM, file.encoding.pkg=sun.io, user.country=US, user.script=, sun.java.launcher=SUN_STANDARD, sun.os.patch.level=, java.vm.specification.name=Java Virtual Machine Specification, user.dir=E:\work\projects\IFIC_Collection, java.runtime.version=1.8.0_202-b08, basedir=E:\work\projects\IFIC_Collection, java.awt.graphicsenv=sun.awt.Win32GraphicsEnvironment, java.endorsed.dirs=C:\Program Files\Java\jdk1.8.0_202\jre\lib\endorsed, os.arch=amd64, surefire.real.class.path=C:\Users\User\AppData\Local\Temp\surefire5125157228918733205\surefirebooter2695171537084089234.jar, java.io.tmpdir=C:\Users\User\AppData\Local\Temp\, line.separator=
, java.vm.specification.vendor=Oracle Corporation, user.variant=, os.name=Windows 10, sun.jnu.encoding=Cp1252, java.library.path=C:\Program Files\Java\jdk1.8.0_202\jre\bin;C:\Windows\Sun\Java\bin;C:\Windows\system32;C:\Windows;D:\oracle\db_home\bin;C:\Program Files (x86)\Common Files\Oracle\Java\javapath;C:\Windows\system32;C:\Windows;C:\Windows\System32\Wbem;C:\Windows\System32\WindowsPowerShell\v1.0\;C:\Windows\System32\OpenSSH\;C:\Program Files\Java\jdk1.8.0_202\bin;C:\mavenApp\apache-maven-3.8.5\bin;C:\Program Files\Git\cmd;C:\Program Files\nodejs\;C:\Program Files\MySQL\MySQL Shell 8.0\bin\;C:\Users\User\AppData\Local\Microsoft\WindowsApps;C:\Program Files\heroku\bin;C:\Users\User\AppData\Local\GitHubDesktop\bin;C:\Users\User\AppData\Local\Programs\Microsoft VS Code\bin;C:\Users\User\AppData\Roaming\npm;., surefire.test.class.path=E:\work\projects\IFIC_Collection\target\test-classes;E:\work\projects\IFIC_Collection\target\classes;C:\Users\User\.m2\repository\org\springframework\boot\spring-boot-starter-thymeleaf\2.0.7.RELEASE\spring-boot-starter-thymeleaf-2.0.7.RELEASE.jar;C:\Users\User\.m2\repository\org\springframework\boot\spring-boot-starter\2.0.7.RELEASE\spring-boot-starter-2.0.7.RELEASE.jar;C:\Users\User\.m2\repository\org\springframework\boot\spring-boot\2.0.7.RELEASE\spring-boot-2.0.7.RELEASE.jar;C:\Users\User\.m2\repository\org\springframework\boot\spring-boot-autoconfigure\2.0.7.RELEASE\spring-boot-autoconfigure-2.0.7.RELEASE.jar;C:\Users\User\.m2\repository\org\springframework\boot\spring-boot-starter-logging\2.0.7.RELEASE\spring-boot-starter-logging-2.0.7.RELEASE.jar;C:\Users\User\.m2\repository\ch\qos\logback\logback-classic\1.2.3\logback-classic-1.2.3.jar;C:\Users\User\.m2\repository\ch\qos\logback\logback-core\1.2.3\logback-core-1.2.3.jar;C:\Users\User\.m2\repository\org\apache\logging\log4j\log4j-to-slf4j\2.10.0\log4j-to-slf4j-2.10.0.jar;C:\Users\User\.m2\repository\org\apache\logging\log4j\log4j-api\2.10.0\log4j-api-2.10.0.jar;C:\Users\User\.m2\repository\org\slf4j\jul-to-slf4j\1.7.25\jul-to-slf4j-1.7.25.jar;C:\Users\User\.m2\repository\javax\annotation\javax.annotation-api\1.3.2\javax.annotation-api-1.3.2.jar;C:\Users\User\.m2\repository\org\yaml\snakeyaml\1.19\snakeyaml-1.19.jar;C:\Users\User\.m2\repository\org\thymeleaf\thymeleaf-spring5\3.0.11.RELEASE\thymeleaf-spring5-3.0.11.RELEASE.jar;C:\Users\User\.m2\repository\com\twilio\sdk\twilio-java-sdk\3.4.5\twilio-java-sdk-3.4.5.jar;C:\Users\User\.m2\repository\org\apache\httpcomponents\httpclient\4.5.6\httpclient-4.5.6.jar;C:\Users\User\.m2\repository\org\apache\httpcomponents\httpcore\4.4.10\httpcore-4.4.10.jar;C:\Users\User\.m2\repository\commons-codec\commons-codec\1.11\commons-codec-1.11.jar;C:\Users\User\.m2\repository\commons-lang\commons-lang\2.6\commons-lang-2.6.jar;C:\Users\User\.m2\repository\com\googlecode\json-simple\json-simple\1.1.1\json-simple-1.1.1.jar;C:\Users\User\.m2\repository\org\codehaus\jackson\jackson-mapper-asl\1.9.3\jackson-mapper-asl-1.9.3.jar;C:\Users\User\.m2\repository\org\codehaus\jackson\jackson-core-asl\1.9.3\jackson-core-asl-1.9.3.jar;C:\Users\User\.m2\repository\org\springframework\boot\spring-boot-starter-actuator\2.0.7.RELEASE\spring-boot-starter-actuator-2.0.7.RELEASE.jar;C:\Users\User\.m2\repository\org\springframework\boot\spring-boot-actuator-autoconfigure\2.0.7.RELEASE\spring-boot-actuator-autoconfigure-2.0.7.RELEASE.jar;C:\Users\User\.m2\repository\org\springframework\boot\spring-boot-actuator\2.0.7.RELEASE\spring-boot-actuator-2.0.7.RELEASE.jar;C:\Users\User\.m2\repository\com\fasterxml\jackson\datatype\jackson-datatype-jsr310\2.9.7\jackson-datatype-jsr310-2.9.7.jar;C:\Users\User\.m2\repository\io\micrometer\micrometer-core\1.0.8\micrometer-core-1.0.8.jar;C:\Users\User\.m2\repository\org\hdrhistogram\HdrHistogram\2.1.10\HdrHistogram-2.1.10.jar;C:\Users\User\.m2\repository\org\latencyutils\LatencyUtils\2.0.3\LatencyUtils-2.0.3.jar;C:\Users\User\.m2\repository\nz\net\ultraq\thymeleaf\thymeleaf-layout-dialect\2.3.0\thymeleaf-layout-dialect-2.3.0.jar;C:\Users\User\.m2\repository\nz\net\ultraq\thymeleaf\thymeleaf-expression-processor\1.1.3\thymeleaf-expression-processor-1.1.3.jar;C:\Users\User\.m2\repository\org\codehaus\groovy\groovy\2.4.15\groovy-2.4.15.jar;C:\Users\User\.m2\repository\org\thymeleaf\thymeleaf\3.0.11.RELEASE\thymeleaf-3.0.11.RELEASE.jar;C:\Users\User\.m2\repository\ognl\ognl\3.1.12\ognl-3.1.12.jar;C:\Users\User\.m2\repository\org\attoparser\attoparser\2.0.5.RELEASE\attoparser-2.0.5.RELEASE.jar;C:\Users\User\.m2\repository\org\unbescape\unbescape\1.1.6.RELEASE\unbescape-1.1.6.RELEASE.jar;C:\Users\User\.m2\repository\org\springframework\boot\spring-boot-starter-web\2.0.7.RELEASE\spring-boot-starter-web-2.0.7.RELEASE.jar;C:\Users\User\.m2\repository\org\springframework\boot\spring-boot-starter-json\2.0.7.RELEASE\spring-boot-starter-json-2.0.7.RELEASE.jar;C:\Users\User\.m2\repository\com\fasterxml\jackson\datatype\jackson-datatype-jdk8\2.9.7\jackson-datatype-jdk8-2.9.7.jar;C:\Users\User\.m2\repository\com\fasterxml\jackson\module\jackson-module-parameter-names\2.9.7\jackson-module-parameter-names-2.9.7.jar;C:\Users\User\.m2\repository\org\springframework\boot\spring-boot-starter-tomcat\2.0.7.RELEASE\spring-boot-starter-tomcat-2.0.7.RELEASE.jar;C:\Users\User\.m2\repository\org\apache\tomcat\embed\tomcat-embed-core\9.0.12\tomcat-embed-core-9.0.12.jar;C:\Users\User\.m2\repository\org\apache\tomcat\embed\tomcat-embed-el\9.0.12\tomcat-embed-el-9.0.12.jar;C:\Users\User\.m2\repository\org\apache\tomcat\embed\tomcat-embed-websocket\9.0.12\tomcat-embed-websocket-9.0.12.jar;C:\Users\User\.m2\repository\org\hibernate\validator\hibernate-validator\6.0.13.Final\hibernate-validator-6.0.13.Final.jar;C:\Users\User\.m2\repository\javax\validation\validation-api\2.0.1.Final\validation-api-2.0.1.Final.jar;C:\Users\User\.m2\repository\org\jboss\logging\jboss-logging\3.3.2.Final\jboss-logging-3.3.2.Final.jar;C:\Users\User\.m2\repository\com\fasterxml\classmate\1.3.4\classmate-1.3.4.jar;C:\Users\User\.m2\repository\org\springframework\spring-web\5.0.11.RELEASE\spring-web-5.0.11.RELEASE.jar;C:\Users\User\.m2\repository\org\springframework\spring-beans\5.0.11.RELEASE\spring-beans-5.0.11.RELEASE.jar;C:\Users\User\.m2\repository\org\springframework\spring-webmvc\5.0.11.RELEASE\spring-webmvc-5.0.11.RELEASE.jar;C:\Users\User\.m2\repository\org\springframework\spring-expression\5.0.11.RELEASE\spring-expression-5.0.11.RELEASE.jar;C:\Users\User\.m2\repository\org\springframework\boot\spring-boot-starter-data-jpa\2.0.7.RELEASE\spring-boot-starter-data-jpa-2.0.7.RELEASE.jar;C:\Users\User\.m2\repository\org\springframework\boot\spring-boot-starter-aop\2.0.7.RELEASE\spring-boot-starter-aop-2.0.7.RELEASE.jar;C:\Users\User\.m2\repository\org\aspectj\aspectjweaver\1.8.13\aspectjweaver-1.8.13.jar;C:\Users\User\.m2\repository\javax\transaction\javax.transaction-api\1.2\javax.transaction-api-1.2.jar;C:\Users\User\.m2\repository\org\hibernate\hibernate-core\5.2.17.Final\hibernate-core-5.2.17.Final.jar;C:\Users\User\.m2\repository\org\hibernate\javax\persistence\hibernate-jpa-2.1-api\1.0.2.Final\hibernate-jpa-2.1-api-1.0.2.Final.jar;C:\Users\User\.m2\repository\org\javassist\javassist\3.22.0-GA\javassist-3.22.0-GA.jar;C:\Users\User\.m2\repository\antlr\antlr\2.7.7\antlr-2.7.7.jar;C:\Users\User\.m2\repository\org\jboss\jandex\2.0.3.Final\jandex-2.0.3.Final.jar;C:\Users\User\.m2\repository\dom4j\dom4j\1.6.1\dom4j-1.6.1.jar;C:\Users\User\.m2\repository\org\hibernate\common\hibernate-commons-annotations\5.0.1.Final\hibernate-commons-annotations-5.0.1.Final.jar;C:\Users\User\.m2\repository\org\springframework\data\spring-data-jpa\2.0.12.RELEASE\spring-data-jpa-2.0.12.RELEASE.jar;C:\Users\User\.m2\repository\org\springframework\data\spring-data-commons\2.0.12.RELEASE\spring-data-commons-2.0.12.RELEASE.jar;C:\Users\User\.m2\repository\org\springframework\spring-orm\5.0.11.RELEASE\spring-orm-5.0.11.RELEASE.jar;C:\Users\User\.m2\repository\org\springframework\spring-tx\5.0.11.RELEASE\spring-tx-5.0.11.RELEASE.jar;C:\Users\User\.m2\repository\org\springframework\spring-aspects\5.0.11.RELEASE\spring-aspects-5.0.11.RELEASE.jar;C:\Users\User\.m2\repository\org\springframework\data\spring-data-envers\2.0.12.RELEASE\spring-data-envers-2.0.12.RELEASE.jar;C:\Users\User\.m2\repository\org\hibernate\hibernate-envers\5.2.17.Final\hibernate-envers-5.2.17.Final.jar;C:\Users\User\.m2\repository\joda-time\joda-time\2.9.9\joda-time-2.9.9.jar;C:\Users\User\.m2\repository\org\slf4j\slf4j-api\1.7.25\slf4j-api-1.7.25.jar;C:\Users\User\.m2\repository\org\springframework\boot\spring-boot-starter-jdbc\2.0.7.RELEASE\spring-boot-starter-jdbc-2.0.7.RELEASE.jar;C:\Users\User\.m2\repository\org\springframework\spring-jdbc\5.0.11.RELEASE\spring-jdbc-5.0.11.RELEASE.jar;C:\Users\User\.m2\repository\com\oracle\ojdbc\ojdbc8\19.3.0.0\ojdbc8-19.3.0.0.jar;C:\Users\User\.m2\repository\com\oracle\ojdbc\ucp\19.3.0.0\ucp-19.3.0.0.jar;C:\Users\User\.m2\repository\com\oracle\ojdbc\oraclepki\19.3.0.0\oraclepki-19.3.0.0.jar;C:\Users\User\.m2\repository\com\oracle\ojdbc\osdt_cert\19.3.0.0\osdt_cert-19.3.0.0.jar;C:\Users\User\.m2\repository\com\oracle\ojdbc\osdt_core\19.3.0.0\osdt_core-19.3.0.0.jar;C:\Users\User\.m2\repository\com\oracle\ojdbc\simplefan\19.3.0.0\simplefan-19.3.0.0.jar;C:\Users\User\.m2\repository\com\oracle\ojdbc\ons\19.3.0.0\ons-19.3.0.0.jar;C:\Users\User\.m2\repository\org\springframework\boot\spring-boot-starter-security\2.0.7.RELEASE\spring-boot-starter-security-2.0.7.RELEASE.jar;C:\Users\User\.m2\repository\org\springframework\spring-aop\5.0.11.RELEASE\spring-aop-5.0.11.RELEASE.jar;C:\Users\User\.m2\repository\org\springframework\security\spring-security-config\5.0.10.RELEASE\spring-security-config-5.0.10.RELEASE.jar;C:\Users\User\.m2\repository\org\springframework\security\spring-security-core\5.0.10.RELEASE\spring-security-core-5.0.10.RELEASE.jar;C:\Users\User\.m2\repository\org\springframework\security\spring-security-web\5.0.10.RELEASE\spring-security-web-5.0.10.RELEASE.jar;C:\Users\User\.m2\repository\org\thymeleaf\extras\thymeleaf-extras-springsecurity4\3.0.4.RELEASE\thymeleaf-extras-springsecurity4-3.0.4.RELEASE.jar;C:\Users\User\.m2\repository\org\projectlombok\lombok\1.16.22\lombok-1.16.22.jar;C:\Users\User\.m2\repository\org\springframework\boot\spring-boot-starter-test\2.0.7.RELEASE\spring-boot-starter-test-2.0.7.RELEASE.jar;C:\Users\User\.m2\repository\org\springframework\boot\spring-boot-test\2.0.7.RELEASE\spring-boot-test-2.0.7.RELEASE.jar;C:\Users\User\.m2\repository\org\springframework\boot\spring-boot-test-autoconfigure\2.0.7.RELEASE\spring-boot-test-autoconfigure-2.0.7.RELEASE.jar;C:\Users\User\.m2\repository\com\jayway\jsonpath\json-path\2.4.0\json-path-2.4.0.jar;C:\Users\User\.m2\repository\net\minidev\json-smart\2.3\json-smart-2.3.jar;C:\Users\User\.m2\repository\net\minidev\accessors-smart\1.2\accessors-smart-1.2.jar;C:\Users\User\.m2\repository\org\ow2\asm\asm\5.0.4\asm-5.0.4.jar;C:\Users\User\.m2\repository\junit\junit\4.12\junit-4.12.jar;C:\Users\User\.m2\repository\org\assertj\assertj-core\3.9.1\assertj-core-3.9.1.jar;C:\Users\User\.m2\repository\org\mockito\mockito-core\2.15.0\mockito-core-2.15.0.jar;C:\Users\User\.m2\repository\net\bytebuddy\byte-buddy\1.7.11\byte-buddy-1.7.11.jar;C:\Users\User\.m2\repository\net\bytebuddy\byte-buddy-agent\1.7.11\byte-buddy-agent-1.7.11.jar;C:\Users\User\.m2\repository\org\objenesis\objenesis\2.6\objenesis-2.6.jar;C:\Users\User\.m2\repository\org\hamcrest\hamcrest-core\1.3\hamcrest-core-1.3.jar;C:\Users\User\.m2\repository\org\hamcrest\hamcrest-library\1.3\hamcrest-library-1.3.jar;C:\Users\User\.m2\repository\org\skyscreamer\jsonassert\1.5.0\jsonassert-1.5.0.jar;C:\Users\User\.m2\repository\com\vaadin\external\google\android-json\0.0.20131108.vaadin1\android-json-0.0.20131108.vaadin1.jar;C:\Users\User\.m2\repository\org\springframework\spring-core\5.0.11.RELEASE\spring-core-5.0.11.RELEASE.jar;C:\Users\User\.m2\repository\org\springframework\spring-jcl\5.0.11.RELEASE\spring-jcl-5.0.11.RELEASE.jar;C:\Users\User\.m2\repository\org\springframework\spring-test\5.0.11.RELEASE\spring-test-5.0.11.RELEASE.jar;C:\Users\User\.m2\repository\org\xmlunit\xmlunit-core\2.5.1\xmlunit-core-2.5.1.jar;C:\Users\User\.m2\repository\commons-fileupload\commons-fileupload\1.4\commons-fileupload-1.4.jar;C:\Users\User\.m2\repository\org\springframework\boot\spring-boot-starter-mail\2.0.7.RELEASE\spring-boot-starter-mail-2.0.7.RELEASE.jar;C:\Users\User\.m2\repository\org\springframework\spring-context\5.0.11.RELEASE\spring-context-5.0.11.RELEASE.jar;C:\Users\User\.m2\repository\org\springframework\spring-context-support\5.0.11.RELEASE\spring-context-support-5.0.11.RELEASE.jar;C:\Users\User\.m2\repository\com\sun\mail\javax.mail\1.6.2\javax.mail-1.6.2.jar;C:\Users\User\.m2\repository\javax\activation\activation\1.1\activation-1.1.jar;C:\Users\User\.m2\repository\javax\mail\javax.mail-api\1.6.2\javax.mail-api-1.6.2.jar;C:\Users\User\.m2\repository\com\google\code\gson\gson\2.8.5\gson-2.8.5.jar;C:\Users\User\.m2\repository\commons-io\commons-io\2.6\commons-io-2.6.jar;C:\Users\User\.m2\repository\org\apache\chemistry\opencmis\chemistry-opencmis-client-impl\1.0.0\chemistry-opencmis-client-impl-1.0.0.jar;C:\Users\User\.m2\repository\org\apache\chemistry\opencmis\chemistry-opencmis-client-api\1.0.0\chemistry-opencmis-client-api-1.0.0.jar;C:\Users\User\.m2\repository\org\apache\chemistry\opencmis\chemistry-opencmis-commons-api\1.0.0\chemistry-opencmis-commons-api-1.0.0.jar;C:\Users\User\.m2\repository\org\apache\chemistry\opencmis\chemistry-opencmis-commons-impl\1.0.0\chemistry-opencmis-commons-impl-1.0.0.jar;C:\Users\User\.m2\repository\org\codehaus\woodstox\woodstox-core-asl\4.4.1\woodstox-core-asl-4.4.1.jar;C:\Users\User\.m2\repository\org\apache\chemistry\opencmis\chemistry-opencmis-client-bindings\1.0.0\chemistry-opencmis-client-bindings-1.0.0.jar;C:\Users\User\.m2\repository\org\apache\cxf\cxf-rt-frontend-jaxws\3.0.10\cxf-rt-frontend-jaxws-3.0.10.jar;C:\Users\User\.m2\repository\xml-resolver\xml-resolver\1.2\xml-resolver-1.2.jar;C:\Users\User\.m2\repository\asm\asm\3.3.1\asm-3.3.1.jar;C:\Users\User\.m2\repository\org\apache\cxf\cxf-core\3.0.10\cxf-core-3.0.10.jar;C:\Users\User\.m2\repository\org\apache\ws\xmlschema\xmlschema-core\2.2.1\xmlschema-core-2.2.1.jar;C:\Users\User\.m2\repository\org\apache\cxf\cxf-rt-bindings-soap\3.0.10\cxf-rt-bindings-soap-3.0.10.jar;C:\Users\User\.m2\repository\org\apache\cxf\cxf-rt-wsdl\3.0.10\cxf-rt-wsdl-3.0.10.jar;C:\Users\User\.m2\repository\org\apache\cxf\cxf-rt-databinding-jaxb\3.0.10\cxf-rt-databinding-jaxb-3.0.10.jar;C:\Users\User\.m2\repository\com\sun\xml\bind\jaxb-impl\2.2.11\jaxb-impl-2.2.11.jar;C:\Users\User\.m2\repository\com\sun\xml\bind\jaxb-core\2.2.11\jaxb-core-2.2.11.jar;C:\Users\User\.m2\repository\org\apache\cxf\cxf-rt-bindings-xml\3.0.10\cxf-rt-bindings-xml-3.0.10.jar;C:\Users\User\.m2\repository\org\apache\cxf\cxf-rt-frontend-simple\3.0.10\cxf-rt-frontend-simple-3.0.10.jar;C:\Users\User\.m2\repository\org\apache\cxf\cxf-rt-ws-addr\3.0.10\cxf-rt-ws-addr-3.0.10.jar;C:\Users\User\.m2\repository\org\apache\cxf\cxf-rt-transports-http\3.0.10\cxf-rt-transports-http-3.0.10.jar;C:\Users\User\.m2\repository\org\apache\cxf\cxf-rt-ws-policy\3.0.10\cxf-rt-ws-policy-3.0.10.jar;C:\Users\User\.m2\repository\wsdl4j\wsdl4j\1.6.3\wsdl4j-1.6.3.jar;C:\Users\User\.m2\repository\org\apache\neethi\neethi\3.0.3\neethi-3.0.3.jar;C:\Users\User\.m2\repository\org\apache\httpcomponents\fluent-hc\4.5.3\fluent-hc-4.5.3.jar;C:\Users\User\.m2\repository\commons-logging\commons-logging\1.2\commons-logging-1.2.jar;C:\Users\User\.m2\repository\org\apache\poi\poi-ooxml\3.12\poi-ooxml-3.12.jar;C:\Users\User\.m2\repository\org\apache\poi\poi\3.12\poi-3.12.jar;C:\Users\User\.m2\repository\org\apache\poi\poi-ooxml-schemas\3.12\poi-ooxml-schemas-3.12.jar;C:\Users\User\.m2\repository\org\apache\xmlbeans\xmlbeans\2.6.0\xmlbeans-2.6.0.jar;C:\Users\User\.m2\repository\stax\stax-api\1.0.1\stax-api-1.0.1.jar;C:\Users\User\.m2\repository\com\zaxxer\HikariCP\4.0.3\HikariCP-4.0.3.jar;C:\Users\User\.m2\repository\org\webjars\bootstrap\3.3.7\bootstrap-3.3.7.jar;C:\Users\User\.m2\repository\org\webjars\jquery\1.11.1\jquery-1.11.1.jar;C:\Users\User\.m2\repository\com\fasterxml\jackson\core\jackson-databind\2.9.8\jackson-databind-2.9.8.jar;C:\Users\User\.m2\repository\com\fasterxml\jackson\core\jackson-annotations\2.9.0\jackson-annotations-2.9.0.jar;C:\Users\User\.m2\repository\com\fasterxml\jackson\core\jackson-core\2.9.7\jackson-core-2.9.7.jar;C:\Users\User\.m2\repository\net\sf\jasperreports\jasperreports\6.6.0\jasperreports-6.6.0.jar;C:\Users\User\.m2\repository\commons-beanutils\commons-beanutils\1.9.3\commons-beanutils-1.9.3.jar;C:\Users\User\.m2\repository\commons-collections\commons-collections\3.2.2\commons-collections-3.2.2.jar;C:\Users\User\.m2\repository\commons-digester\commons-digester\2.1\commons-digester-2.1.jar;C:\Users\User\.m2\repository\com\lowagie\itext\2.1.7.js6\itext-2.1.7.js6.jar;C:\Users\User\.m2\repository\org\bouncycastle\bcprov-jdk15on\1.52\bcprov-jdk15on-1.52.jar;C:\Users\User\.m2\repository\org\jfree\jcommon\1.0.23\jcommon-1.0.23.jar;C:\Users\User\.m2\repository\org\jfree\jfreechart\1.0.19\jfreechart-1.0.19.jar;C:\Users\User\.m2\repository\org\eclipse\jdt\core\compiler\ecj\4.4.2\ecj-4.4.2.jar;C:\Users\User\.m2\repository\org\codehaus\castor\castor-xml\1.3.3\castor-xml-1.3.3.jar;C:\Users\User\.m2\repository\org\codehaus\castor\castor-core\1.3.3\castor-core-1.3.3.jar;C:\Users\User\.m2\repository\javax\inject\javax.inject\1\javax.inject-1.jar;C:\Users\User\.m2\repository\stax\stax\1.2.0\stax-1.2.0.jar;C:\Users\User\.m2\repository\javax\xml\stream\stax-api\1.0-2\stax-api-1.0-2.jar;C:\Users\User\.m2\repository\com\ibm\icu\icu4j\57.1\icu4j-57.1.jar;C:\Users\User\.m2\repository\org\thymeleaf\extras\thymeleaf-extras-java8time\3.0.1.RELEASE\thymeleaf-extras-java8time-3.0.1.RELEASE.jar;C:\Users\User\.m2\repository\com\fasterxml\jackson\dataformat\jackson-dataformat-xml\2.9.9\jackson-dataformat-xml-2.9.9.jar;C:\Users\User\.m2\repository\com\fasterxml\jackson\module\jackson-module-jaxb-annotations\2.9.7\jackson-module-jaxb-annotations-2.9.7.jar;C:\Users\User\.m2\repository\org\codehaus\woodstox\stax2-api\3.1.4\stax2-api-3.1.4.jar;C:\Users\User\.m2\repository\com\fasterxml\woodstox\woodstox-core\5.1.0\woodstox-core-5.1.0.jar;C:\Users\User\.m2\repository\org\springframework\boot\spring-boot-starter-web-services\2.0.7.RELEASE\spring-boot-starter-web-services-2.0.7.RELEASE.jar;C:\Users\User\.m2\repository\org\springframework\spring-oxm\5.0.11.RELEASE\spring-oxm-5.0.11.RELEASE.jar;C:\Users\User\.m2\repository\org\springframework\ws\spring-ws-core\3.0.4.RELEASE\spring-ws-core-3.0.4.RELEASE.jar;C:\Users\User\.m2\repository\org\springframework\ws\spring-xml\3.0.4.RELEASE\spring-xml-3.0.4.RELEASE.jar;C:\Users\User\.m2\repository\com\github\ulisesbocchio\jasypt-spring-boot-starter\3.0.3\jasypt-spring-boot-starter-3.0.3.jar;C:\Users\User\.m2\repository\com\github\ulisesbocchio\jasypt-spring-boot\3.0.3\jasypt-spring-boot-3.0.3.jar;C:\Users\User\.m2\repository\org\jasypt\jasypt\1.9.3\jasypt-1.9.3.jar;C:\Users\User\.m2\repository\org\json\json\20180130\json-20180130.jar;, java.specification.name=Java Platform API Specification, java.class.version=52.0, sun.management.compiler=HotSpot 64-Bit Tiered Compilers, os.version=10.0, user.home=C:\Users\User, user.timezone=Asia/Dhaka, java.awt.printerjob=sun.awt.windows.WPrinterJob, file.encoding=Cp1252, java.specification.version=1.8, java.class.path=E:\work\projects\IFIC_Collection\target\test-classes;E:\work\projects\IFIC_Collection\target\classes;C:\Users\User\.m2\repository\org\springframework\boot\spring-boot-starter-thymeleaf\2.0.7.RELEASE\spring-boot-starter-thymeleaf-2.0.7.RELEASE.jar;C:\Users\User\.m2\repository\org\springframework\boot\spring-boot-starter\2.0.7.RELEASE\spring-boot-starter-2.0.7.RELEASE.jar;C:\Users\User\.m2\repository\org\springframework\boot\spring-boot\2.0.7.RELEASE\spring-boot-2.0.7.RELEASE.jar;C:\Users\User\.m2\repository\org\springframework\boot\spring-boot-autoconfigure\2.0.7.RELEASE\spring-boot-autoconfigure-2.0.7.RELEASE.jar;C:\Users\User\.m2\repository\org\springframework\boot\spring-boot-starter-logging\2.0.7.RELEASE\spring-boot-starter-logging-2.0.7.RELEASE.jar;C:\Users\User\.m2\repository\ch\qos\logback\logback-classic\1.2.3\logback-classic-1.2.3.jar;C:\Users\User\.m2\repository\ch\qos\logback\logback-core\1.2.3\logback-core-1.2.3.jar;C:\Users\User\.m2\repository\org\apache\logging\log4j\log4j-to-slf4j\2.10.0\log4j-to-slf4j-2.10.0.jar;C:\Users\User\.m2\repository\org\apache\logging\log4j\log4j-api\2.10.0\log4j-api-2.10.0.jar;C:\Users\User\.m2\repository\org\slf4j\jul-to-slf4j\1.7.25\jul-to-slf4j-1.7.25.jar;C:\Users\User\.m2\repository\javax\annotation\javax.annotation-api\1.3.2\javax.annotation-api-1.3.2.jar;C:\Users\User\.m2\repository\org\yaml\snakeyaml\1.19\snakeyaml-1.19.jar;C:\Users\User\.m2\repository\org\thymeleaf\thymeleaf-spring5\3.0.11.RELEASE\thymeleaf-spring5-3.0.11.RELEASE.jar;C:\Users\User\.m2\repository\com\twilio\sdk\twilio-java-sdk\3.4.5\twilio-java-sdk-3.4.5.jar;C:\Users\User\.m2\repository\org\apache\httpcomponents\httpclient\4.5.6\httpclient-4.5.6.jar;C:\Users\User\.m2\repository\org\apache\httpcomponents\httpcore\4.4.10\httpcore-4.4.10.jar;C:\Users\User\.m2\repository\commons-codec\commons-codec\1.11\commons-codec-1.11.jar;C:\Users\User\.m2\repository\commons-lang\commons-lang\2.6\commons-lang-2.6.jar;C:\Users\User\.m2\repository\com\googlecode\json-simple\json-simple\1.1.1\json-simple-1.1.1.jar;C:\Users\User\.m2\repository\org\codehaus\jackson\jackson-mapper-asl\1.9.3\jackson-mapper-asl-1.9.3.jar;C:\Users\User\.m2\repository\org\codehaus\jackson\jackson-core-asl\1.9.3\jackson-core-asl-1.9.3.jar;C:\Users\User\.m2\repository\org\springframework\boot\spring-boot-starter-actuator\2.0.7.RELEASE\spring-boot-starter-actuator-2.0.7.RELEASE.jar;C:\Users\User\.m2\repository\org\springframework\boot\spring-boot-actuator-autoconfigure\2.0.7.RELEASE\spring-boot-actuator-autoconfigure-2.0.7.RELEASE.jar;C:\Users\User\.m2\repository\org\springframework\boot\spring-boot-actuator\2.0.7.RELEASE\spring-boot-actuator-2.0.7.RELEASE.jar;C:\Users\User\.m2\repository\com\fasterxml\jackson\datatype\jackson-datatype-jsr310\2.9.7\jackson-datatype-jsr310-2.9.7.jar;C:\Users\User\.m2\repository\io\micrometer\micrometer-core\1.0.8\micrometer-core-1.0.8.jar;C:\Users\User\.m2\repository\org\hdrhistogram\HdrHistogram\2.1.10\HdrHistogram-2.1.10.jar;C:\Users\User\.m2\repository\org\latencyutils\LatencyUtils\2.0.3\LatencyUtils-2.0.3.jar;C:\Users\User\.m2\repository\nz\net\ultraq\thymeleaf\thymeleaf-layout-dialect\2.3.0\thymeleaf-layout-dialect-2.3.0.jar;C:\Users\User\.m2\repository\nz\net\ultraq\thymeleaf\thymeleaf-expression-processor\1.1.3\thymeleaf-expression-processor-1.1.3.jar;C:\Users\User\.m2\repository\org\codehaus\groovy\groovy\2.4.15\groovy-2.4.15.jar;C:\Users\User\.m2\repository\org\thymeleaf\thymeleaf\3.0.11.RELEASE\thymeleaf-3.0.11.RELEASE.jar;C:\Users\User\.m2\repository\ognl\ognl\3.1.12\ognl-3.1.12.jar;C:\Users\User\.m2\repository\org\attoparser\attoparser\2.0.5.RELEASE\attoparser-2.0.5.RELEASE.jar;C:\Users\User\.m2\repository\org\unbescape\unbescape\1.1.6.RELEASE\unbescape-1.1.6.RELEASE.jar;C:\Users\User\.m2\repository\org\springframework\boot\spring-boot-starter-web\2.0.7.RELEASE\spring-boot-starter-web-2.0.7.RELEASE.jar;C:\Users\User\.m2\repository\org\springframework\boot\spring-boot-starter-json\2.0.7.RELEASE\spring-boot-starter-json-2.0.7.RELEASE.jar;C:\Users\User\.m2\repository\com\fasterxml\jackson\datatype\jackson-datatype-jdk8\2.9.7\jackson-datatype-jdk8-2.9.7.jar;C:\Users\User\.m2\repository\com\fasterxml\jackson\module\jackson-module-parameter-names\2.9.7\jackson-module-parameter-names-2.9.7.jar;C:\Users\User\.m2\repository\org\springframework\boot\spring-boot-starter-tomcat\2.0.7.RELEASE\spring-boot-starter-tomcat-2.0.7.RELEASE.jar;C:\Users\User\.m2\repository\org\apache\tomcat\embed\tomcat-embed-core\9.0.12\tomcat-embed-core-9.0.12.jar;C:\Users\User\.m2\repository\org\apache\tomcat\embed\tomcat-embed-el\9.0.12\tomcat-embed-el-9.0.12.jar;C:\Users\User\.m2\repository\org\apache\tomcat\embed\tomcat-embed-websocket\9.0.12\tomcat-embed-websocket-9.0.12.jar;C:\Users\User\.m2\repository\org\hibernate\validator\hibernate-validator\6.0.13.Final\hibernate-validator-6.0.13.Final.jar;C:\Users\User\.m2\repository\javax\validation\validation-api\2.0.1.Final\validation-api-2.0.1.Final.jar;C:\Users\User\.m2\repository\org\jboss\logging\jboss-logging\3.3.2.Final\jboss-logging-3.3.2.Final.jar;C:\Users\User\.m2\repository\com\fasterxml\classmate\1.3.4\classmate-1.3.4.jar;C:\Users\User\.m2\repository\org\springframework\spring-web\5.0.11.RELEASE\spring-web-5.0.11.RELEASE.jar;C:\Users\User\.m2\repository\org\springframework\spring-beans\5.0.11.RELEASE\spring-beans-5.0.11.RELEASE.jar;C:\Users\User\.m2\repository\org\springframework\spring-webmvc\5.0.11.RELEASE\spring-webmvc-5.0.11.RELEASE.jar;C:\Users\User\.m2\repository\org\springframework\spring-expression\5.0.11.RELEASE\spring-expression-5.0.11.RELEASE.jar;C:\Users\User\.m2\repository\org\springframework\boot\spring-boot-starter-data-jpa\2.0.7.RELEASE\spring-boot-starter-data-jpa-2.0.7.RELEASE.jar;C:\Users\User\.m2\repository\org\springframework\boot\spring-boot-starter-aop\2.0.7.RELEASE\spring-boot-starter-aop-2.0.7.RELEASE.jar;C:\Users\User\.m2\repository\org\aspectj\aspectjweaver\1.8.13\aspectjweaver-1.8.13.jar;C:\Users\User\.m2\repository\javax\transaction\javax.transaction-api\1.2\javax.transaction-api-1.2.jar;C:\Users\User\.m2\repository\org\hibernate\hibernate-core\5.2.17.Final\hibernate-core-5.2.17.Final.jar;C:\Users\User\.m2\repository\org\hibernate\javax\persistence\hibernate-jpa-2.1-api\1.0.2.Final\hibernate-jpa-2.1-api-1.0.2.Final.jar;C:\Users\User\.m2\repository\org\javassist\javassist\3.22.0-GA\javassist-3.22.0-GA.jar;C:\Users\User\.m2\repository\antlr\antlr\2.7.7\antlr-2.7.7.jar;C:\Users\User\.m2\repository\org\jboss\jandex\2.0.3.Final\jandex-2.0.3.Final.jar;C:\Users\User\.m2\repository\dom4j\dom4j\1.6.1\dom4j-1.6.1.jar;C:\Users\User\.m2\repository\org\hibernate\common\hibernate-commons-annotations\5.0.1.Final\hibernate-commons-annotations-5.0.1.Final.jar;C:\Users\User\.m2\repository\org\springframework\data\spring-data-jpa\2.0.12.RELEASE\spring-data-jpa-2.0.12.RELEASE.jar;C:\Users\User\.m2\repository\org\springframework\data\spring-data-commons\2.0.12.RELEASE\spring-data-commons-2.0.12.RELEASE.jar;C:\Users\User\.m2\repository\org\springframework\spring-orm\5.0.11.RELEASE\spring-orm-5.0.11.RELEASE.jar;C:\Users\User\.m2\repository\org\springframework\spring-tx\5.0.11.RELEASE\spring-tx-5.0.11.RELEASE.jar;C:\Users\User\.m2\repository\org\springframework\spring-aspects\5.0.11.RELEASE\spring-aspects-5.0.11.RELEASE.jar;C:\Users\User\.m2\repository\org\springframework\data\spring-data-envers\2.0.12.RELEASE\spring-data-envers-2.0.12.RELEASE.jar;C:\Users\User\.m2\repository\org\hibernate\hibernate-envers\5.2.17.Final\hibernate-envers-5.2.17.Final.jar;C:\Users\User\.m2\repository\joda-time\joda-time\2.9.9\joda-time-2.9.9.jar;C:\Users\User\.m2\repository\org\slf4j\slf4j-api\1.7.25\slf4j-api-1.7.25.jar;C:\Users\User\.m2\repository\org\springframework\boot\spring-boot-starter-jdbc\2.0.7.RELEASE\spring-boot-starter-jdbc-2.0.7.RELEASE.jar;C:\Users\User\.m2\repository\org\springframework\spring-jdbc\5.0.11.RELEASE\spring-jdbc-5.0.11.RELEASE.jar;C:\Users\User\.m2\repository\com\oracle\ojdbc\ojdbc8\19.3.0.0\ojdbc8-19.3.0.0.jar;C:\Users\User\.m2\repository\com\oracle\ojdbc\ucp\19.3.0.0\ucp-19.3.0.0.jar;C:\Users\User\.m2\repository\com\oracle\ojdbc\oraclepki\19.3.0.0\oraclepki-19.3.0.0.jar;C:\Users\User\.m2\repository\com\oracle\ojdbc\osdt_cert\19.3.0.0\osdt_cert-19.3.0.0.jar;C:\Users\User\.m2\repository\com\oracle\ojdbc\osdt_core\19.3.0.0\osdt_core-19.3.0.0.jar;C:\Users\User\.m2\repository\com\oracle\ojdbc\simplefan\19.3.0.0\simplefan-19.3.0.0.jar;C:\Users\User\.m2\repository\com\oracle\ojdbc\ons\19.3.0.0\ons-19.3.0.0.jar;C:\Users\User\.m2\repository\org\springframework\boot\spring-boot-starter-security\2.0.7.RELEASE\spring-boot-starter-security-2.0.7.RELEASE.jar;C:\Users\User\.m2\repository\org\springframework\spring-aop\5.0.11.RELEASE\spring-aop-5.0.11.RELEASE.jar;C:\Users\User\.m2\repository\org\springframework\security\spring-security-config\5.0.10.RELEASE\spring-security-config-5.0.10.RELEASE.jar;C:\Users\User\.m2\repository\org\springframework\security\spring-security-core\5.0.10.RELEASE\spring-security-core-5.0.10.RELEASE.jar;C:\Users\User\.m2\repository\org\springframework\security\spring-security-web\5.0.10.RELEASE\spring-security-web-5.0.10.RELEASE.jar;C:\Users\User\.m2\repository\org\thymeleaf\extras\thymeleaf-extras-springsecurity4\3.0.4.RELEASE\thymeleaf-extras-springsecurity4-3.0.4.RELEASE.jar;C:\Users\User\.m2\repository\org\projectlombok\lombok\1.16.22\lombok-1.16.22.jar;C:\Users\User\.m2\repository\org\springframework\boot\spring-boot-starter-test\2.0.7.RELEASE\spring-boot-starter-test-2.0.7.RELEASE.jar;C:\Users\User\.m2\repository\org\springframework\boot\spring-boot-test\2.0.7.RELEASE\spring-boot-test-2.0.7.RELEASE.jar;C:\Users\User\.m2\repository\org\springframework\boot\spring-boot-test-autoconfigure\2.0.7.RELEASE\spring-boot-test-autoconfigure-2.0.7.RELEASE.jar;C:\Users\User\.m2\repository\com\jayway\jsonpath\json-path\2.4.0\json-path-2.4.0.jar;C:\Users\User\.m2\repository\net\minidev\json-smart\2.3\json-smart-2.3.jar;C:\Users\User\.m2\repository\net\minidev\accessors-smart\1.2\accessors-smart-1.2.jar;C:\Users\User\.m2\repository\org\ow2\asm\asm\5.0.4\asm-5.0.4.jar;C:\Users\User\.m2\repository\junit\junit\4.12\junit-4.12.jar;C:\Users\User\.m2\repository\org\assertj\assertj-core\3.9.1\assertj-core-3.9.1.jar;C:\Users\User\.m2\repository\org\mockito\mockito-core\2.15.0\mockito-core-2.15.0.jar;C:\Users\User\.m2\repository\net\bytebuddy\byte-buddy\1.7.11\byte-buddy-1.7.11.jar;C:\Users\User\.m2\repository\net\bytebuddy\byte-buddy-agent\1.7.11\byte-buddy-agent-1.7.11.jar;C:\Users\User\.m2\repository\org\objenesis\objenesis\2.6\objenesis-2.6.jar;C:\Users\User\.m2\repository\org\hamcrest\hamcrest-core\1.3\hamcrest-core-1.3.jar;C:\Users\User\.m2\repository\org\hamcrest\hamcrest-library\1.3\hamcrest-library-1.3.jar;C:\Users\User\.m2\repository\org\skyscreamer\jsonassert\1.5.0\jsonassert-1.5.0.jar;C:\Users\User\.m2\repository\com\vaadin\external\google\android-json\0.0.20131108.vaadin1\android-json-0.0.20131108.vaadin1.jar;C:\Users\User\.m2\repository\org\springframework\spring-core\5.0.11.RELEASE\spring-core-5.0.11.RELEASE.jar;C:\Users\User\.m2\repository\org\springframework\spring-jcl\5.0.11.RELEASE\spring-jcl-5.0.11.RELEASE.jar;C:\Users\User\.m2\repository\org\springframework\spring-test\5.0.11.RELEASE\spring-test-5.0.11.RELEASE.jar;C:\Users\User\.m2\repository\org\xmlunit\xmlunit-core\2.5.1\xmlunit-core-2.5.1.jar;C:\Users\User\.m2\repository\commons-fileupload\commons-fileupload\1.4\commons-fileupload-1.4.jar;C:\Users\User\.m2\repository\org\springframework\boot\spring-boot-starter-mail\2.0.7.RELEASE\spring-boot-starter-mail-2.0.7.RELEASE.jar;C:\Users\User\.m2\repository\org\springframework\spring-context\5.0.11.RELEASE\spring-context-5.0.11.RELEASE.jar;C:\Users\User\.m2\repository\org\springframework\spring-context-support\5.0.11.RELEASE\spring-context-support-5.0.11.RELEASE.jar;C:\Users\User\.m2\repository\com\sun\mail\javax.mail\1.6.2\javax.mail-1.6.2.jar;C:\Users\User\.m2\repository\javax\activation\activation\1.1\activation-1.1.jar;C:\Users\User\.m2\repository\javax\mail\javax.mail-api\1.6.2\javax.mail-api-1.6.2.jar;C:\Users\User\.m2\repository\com\google\code\gson\gson\2.8.5\gson-2.8.5.jar;C:\Users\User\.m2\repository\commons-io\commons-io\2.6\commons-io-2.6.jar;C:\Users\User\.m2\repository\org\apache\chemistry\opencmis\chemistry-opencmis-client-impl\1.0.0\chemistry-opencmis-client-impl-1.0.0.jar;C:\Users\User\.m2\repository\org\apache\chemistry\opencmis\chemistry-opencmis-client-api\1.0.0\chemistry-opencmis-client-api-1.0.0.jar;C:\Users\User\.m2\repository\org\apache\chemistry\opencmis\chemistry-opencmis-commons-api\1.0.0\chemistry-opencmis-commons-api-1.0.0.jar;C:\Users\User\.m2\repository\org\apache\chemistry\opencmis\chemistry-opencmis-commons-impl\1.0.0\chemistry-opencmis-commons-impl-1.0.0.jar;C:\Users\User\.m2\repository\org\codehaus\woodstox\woodstox-core-asl\4.4.1\woodstox-core-asl-4.4.1.jar;C:\Users\User\.m2\repository\org\apache\chemistry\opencmis\chemistry-opencmis-client-bindings\1.0.0\chemistry-opencmis-client-bindings-1.0.0.jar;C:\Users\User\.m2\repository\org\apache\cxf\cxf-rt-frontend-jaxws\3.0.10\cxf-rt-frontend-jaxws-3.0.10.jar;C:\Users\User\.m2\repository\xml-resolver\xml-resolver\1.2\xml-resolver-1.2.jar;C:\Users\User\.m2\repository\asm\asm\3.3.1\asm-3.3.1.jar;C:\Users\User\.m2\repository\org\apache\cxf\cxf-core\3.0.10\cxf-core-3.0.10.jar;C:\Users\User\.m2\repository\org\apache\ws\xmlschema\xmlschema-core\2.2.1\xmlschema-core-2.2.1.jar;C:\Users\User\.m2\repository\org\apache\cxf\cxf-rt-bindings-soap\3.0.10\cxf-rt-bindings-soap-3.0.10.jar;C:\Users\User\.m2\repository\org\apache\cxf\cxf-rt-wsdl\3.0.10\cxf-rt-wsdl-3.0.10.jar;C:\Users\User\.m2\repository\org\apache\cxf\cxf-rt-databinding-jaxb\3.0.10\cxf-rt-databinding-jaxb-3.0.10.jar;C:\Users\User\.m2\repository\com\sun\xml\bind\jaxb-impl\2.2.11\jaxb-impl-2.2.11.jar;C:\Users\User\.m2\repository\com\sun\xml\bind\jaxb-core\2.2.11\jaxb-core-2.2.11.jar;C:\Users\User\.m2\repository\org\apache\cxf\cxf-rt-bindings-xml\3.0.10\cxf-rt-bindings-xml-3.0.10.jar;C:\Users\User\.m2\repository\org\apache\cxf\cxf-rt-frontend-simple\3.0.10\cxf-rt-frontend-simple-3.0.10.jar;C:\Users\User\.m2\repository\org\apache\cxf\cxf-rt-ws-addr\3.0.10\cxf-rt-ws-addr-3.0.10.jar;C:\Users\User\.m2\repository\org\apache\cxf\cxf-rt-transports-http\3.0.10\cxf-rt-transports-http-3.0.10.jar;C:\Users\User\.m2\repository\org\apache\cxf\cxf-rt-ws-policy\3.0.10\cxf-rt-ws-policy-3.0.10.jar;C:\Users\User\.m2\repository\wsdl4j\wsdl4j\1.6.3\wsdl4j-1.6.3.jar;C:\Users\User\.m2\repository\org\apache\neethi\neethi\3.0.3\neethi-3.0.3.jar;C:\Users\User\.m2\repository\org\apache\httpcomponents\fluent-hc\4.5.3\fluent-hc-4.5.3.jar;C:\Users\User\.m2\repository\commons-logging\commons-logging\1.2\commons-logging-1.2.jar;C:\Users\User\.m2\repository\org\apache\poi\poi-ooxml\3.12\poi-ooxml-3.12.jar;C:\Users\User\.m2\repository\org\apache\poi\poi\3.12\poi-3.12.jar;C:\Users\User\.m2\repository\org\apache\poi\poi-ooxml-schemas\3.12\poi-ooxml-schemas-3.12.jar;C:\Users\User\.m2\repository\org\apache\xmlbeans\xmlbeans\2.6.0\xmlbeans-2.6.0.jar;C:\Users\User\.m2\repository\stax\stax-api\1.0.1\stax-api-1.0.1.jar;C:\Users\User\.m2\repository\com\zaxxer\HikariCP\4.0.3\HikariCP-4.0.3.jar;C:\Users\User\.m2\repository\org\webjars\bootstrap\3.3.7\bootstrap-3.3.7.jar;C:\Users\User\.m2\repository\org\webjars\jquery\1.11.1\jquery-1.11.1.jar;C:\Users\User\.m2\repository\com\fasterxml\jackson\core\jackson-databind\2.9.8\jackson-databind-2.9.8.jar;C:\Users\User\.m2\repository\com\fasterxml\jackson\core\jackson-annotations\2.9.0\jackson-annotations-2.9.0.jar;C:\Users\User\.m2\repository\com\fasterxml\jackson\core\jackson-core\2.9.7\jackson-core-2.9.7.jar;C:\Users\User\.m2\repository\net\sf\jasperreports\jasperreports\6.6.0\jasperreports-6.6.0.jar;C:\Users\User\.m2\repository\commons-beanutils\commons-beanutils\1.9.3\commons-beanutils-1.9.3.jar;C:\Users\User\.m2\repository\commons-collections\commons-collections\3.2.2\commons-collections-3.2.2.jar;C:\Users\User\.m2\repository\commons-digester\commons-digester\2.1\commons-digester-2.1.jar;C:\Users\User\.m2\repository\com\lowagie\itext\2.1.7.js6\itext-2.1.7.js6.jar;C:\Users\User\.m2\repository\org\bouncycastle\bcprov-jdk15on\1.52\bcprov-jdk15on-1.52.jar;C:\Users\User\.m2\repository\org\jfree\jcommon\1.0.23\jcommon-1.0.23.jar;C:\Users\User\.m2\repository\org\jfree\jfreechart\1.0.19\jfreechart-1.0.19.jar;C:\Users\User\.m2\repository\org\eclipse\jdt\core\compiler\ecj\4.4.2\ecj-4.4.2.jar;C:\Users\User\.m2\repository\org\codehaus\castor\castor-xml\1.3.3\castor-xml-1.3.3.jar;C:\Users\User\.m2\repository\org\codehaus\castor\castor-core\1.3.3\castor-core-1.3.3.jar;C:\Users\User\.m2\repository\javax\inject\javax.inject\1\javax.inject-1.jar;C:\Users\User\.m2\repository\stax\stax\1.2.0\stax-1.2.0.jar;C:\Users\User\.m2\repository\javax\xml\stream\stax-api\1.0-2\stax-api-1.0-2.jar;C:\Users\User\.m2\repository\com\ibm\icu\icu4j\57.1\icu4j-57.1.jar;C:\Users\User\.m2\repository\org\thymeleaf\extras\thymeleaf-extras-java8time\3.0.1.RELEASE\thymeleaf-extras-java8time-3.0.1.RELEASE.jar;C:\Users\User\.m2\repository\com\fasterxml\jackson\dataformat\jackson-dataformat-xml\2.9.9\jackson-dataformat-xml-2.9.9.jar;C:\Users\User\.m2\repository\com\fasterxml\jackson\module\jackson-module-jaxb-annotations\2.9.7\jackson-module-jaxb-annotations-2.9.7.jar;C:\Users\User\.m2\repository\org\codehaus\woodstox\stax2-api\3.1.4\stax2-api-3.1.4.jar;C:\Users\User\.m2\repository\com\fasterxml\woodstox\woodstox-core\5.1.0\woodstox-core-5.1.0.jar;C:\Users\User\.m2\repository\org\springframework\boot\spring-boot-starter-web-services\2.0.7.RELEASE\spring-boot-starter-web-services-2.0.7.RELEASE.jar;C:\Users\User\.m2\repository\org\springframework\spring-oxm\5.0.11.RELEASE\spring-oxm-5.0.11.RELEASE.jar;C:\Users\User\.m2\repository\org\springframework\ws\spring-ws-core\3.0.4.RELEASE\spring-ws-core-3.0.4.RELEASE.jar;C:\Users\User\.m2\repository\org\springframework\ws\spring-xml\3.0.4.RELEASE\spring-xml-3.0.4.RELEASE.jar;C:\Users\User\.m2\repository\com\github\ulisesbocchio\jasypt-spring-boot-starter\3.0.3\jasypt-spring-boot-starter-3.0.3.jar;C:\Users\User\.m2\repository\com\github\ulisesbocchio\jasypt-spring-boot\3.0.3\jasypt-spring-boot-3.0.3.jar;C:\Users\User\.m2\repository\org\jasypt\jasypt\1.9.3\jasypt-1.9.3.jar;C:\Users\User\.m2\repository\org\json\json\20180130\json-20180130.jar;, user.name=User, java.vm.specification.version=1.8, sun.java.command=C:\Users\User\AppData\Local\Temp\surefire5125157228918733205\surefirebooter2695171537084089234.jar C:\Users\User\AppData\Local\Temp\surefire5125157228918733205 2022-11-21T11-26-48_591-jvmRun1 surefire7799154978787324522tmp surefire_0952219748281942044tmp, java.home=C:\Program Files\Java\jdk1.8.0_202\jre, sun.arch.data.model=64, user.language=en, java.specification.vendor=Oracle Corporation, awt.toolkit=sun.awt.windows.WToolkit, java.vm.info=mixed mode, java.version=1.8.0_202, java.ext.dirs=C:\Program Files\Java\jdk1.8.0_202\jre\lib\ext;C:\Windows\Sun\Java\lib\ext, sun.boot.class.path=C:\Program Files\Java\jdk1.8.0_202\jre\lib\resources.jar;C:\Program Files\Java\jdk1.8.0_202\jre\lib\rt.jar;C:\Program Files\Java\jdk1.8.0_202\jre\lib\sunrsasign.jar;C:\Program Files\Java\jdk1.8.0_202\jre\lib\jsse.jar;C:\Program Files\Java\jdk1.8.0_202\jre\lib\jce.jar;C:\Program Files\Java\jdk1.8.0_202\jre\lib\charsets.jar;C:\Program Files\Java\jdk1.8.0_202\jre\lib\jfr.jar;C:\Program Files\Java\jdk1.8.0_202\jre\classes, java.vendor=Oracle Corporation, localRepository=C:\Users\User\.m2\repository, file.separator=\, java.vendor.url.bug=http://bugreport.sun.com/bugreport/, sun.io.unicode.encoding=UnicodeLittle, sun.cpu.endian=little, sun.desktop=windows, sun.cpu.isalist=amd64}}, SystemEnvironmentPropertySource@1055096410 {name='systemEnvironment', properties={PATH=D:\oracle\db_home\bin;C:\Program Files (x86)\Common Files\Oracle\Java\javapath;C:\Windows\system32;C:\Windows;C:\Windows\System32\Wbem;C:\Windows\System32\WindowsPowerShell\v1.0\;C:\Windows\System32\OpenSSH\;C:\Program Files\Java\jdk1.8.0_202\bin;C:\mavenApp\apache-maven-3.8.5\bin;C:\Program Files\Git\cmd;C:\Program Files\nodejs\;C:\Program Files\MySQL\MySQL Shell 8.0\bin\;C:\Users\User\AppData\Local\Microsoft\WindowsApps;C:\Program Files\heroku\bin;C:\Users\User\AppData\Local\GitHubDesktop\bin;C:\Users\User\AppData\Local\Programs\Microsoft VS Code\bin;C:\Users\User\AppData\Roaming\npm, USERDOMAIN_ROAMINGPROFILE=NB3648ABDULLAH, LOCALAPPDATA=C:\Users\User\AppData\Local, PROCESSOR_LEVEL=6, SYSTEMDRIVE=C:, COMMONPROGRAMFILES(X86)=C:\Program Files (x86)\Common Files, USERDOMAIN=NB3648ABDULLAH, FPS_BROWSER_APP_PROFILE_STRING=Internet Explorer, LOGONSERVER=\\NB3648ABDULLAH, JAVA_HOME=C:\Program Files\Java\jdk1.8.0_202, PROMPT=$P$G, SESSIONNAME=Console, ALLUSERSPROFILE=C:\ProgramData, PROGRAMFILES(X86)=C:\Program Files (x86), PROCESSOR_ARCHITECTURE=AMD64, DRIVERDATA=C:\Windows\System32\Drivers\DriverData, =E:=E:\work\projects\IFIC_Collection, MAVEN_HOME=C:\mavenApp\apache-maven-3.8.5, PROGRAMFILES=C:\Program Files, APPDATA=C:\Users\User\AppData\Roaming, PSMODULEPATH=C:\Program Files\WindowsPowerShell\Modules;C:\Windows\system32\WindowsPowerShell\v1.0\Modules, PROGRAMW6432=C:\Program Files, PROGRAMDATA=C:\ProgramData, SYSTEMROOT=C:\Windows, USERNAME=User, FPS_BROWSER_USER_PROFILE_STRING=Default, ONEDRIVE=C:\Users\User\OneDrive, PATHEXT=.COM;.EXE;.BAT;.CMD;.VBS;.VBE;.JS;.JSE;.WSF;.WSH;.MSC, OS=Windows_NT, COMMONPROGRAMW6432=C:\Program Files\Common Files, COMPUTERNAME=NB3648ABDULLAH, COMMONPROGRAMFILES=C:\Program Files\Common Files, COMSPEC=C:\Windows\system32\cmd.exe, PROCESSOR_REVISION=8c01, WINDIR=C:\Windows, HOMEPATH=\Users\User, TEMP=C:\Users\User\AppData\Local\Temp, HOMEDRIVE=C:, PROCESSOR_IDENTIFIER=Intel64 Family 6 Model 140 Stepping 1, GenuineIntel, USERPROFILE=C:\Users\User, TMP=C:\Users\User\AppData\Local\Temp, PUBLIC=C:\Users\Public, NUMBER_OF_PROCESSORS=8, =::=::\}}]
11:26:50.704 [main] DEBUG org.springframework.test.context.support.TestPropertySourceUtils - Adding inlined properties to environment: {spring.jmx.enabled=false, org.springframework.boot.test.context.SpringBootTestContextBootstrapper=true, server.port=-1}
11:26:50.704 [main] DEBUG org.springframework.core.env.StandardEnvironment - Adding PropertySource 'Inlined Test Properties' with highest search precedence

  .   ____          _            __ _ _
 /\\ / ___'_ __ _ _(_)_ __  __ _ \ \ \ \
( ( )\___ | '_ | '_| | '_ \/ _` | \ \ \ \
 \\/  ___)| |_)| | | | | || (_| |  ) ) ) )
  '  |____| .__|_| |_|_| |_\__, | / / / /
 =========|_|==============|___/=/_/_/_/
 :: Spring Boot ::        (v2.0.7.RELEASE)

2022-11-21 11:26:51.157  WARN 11712 --- [           main] ory$DuplicateJsonObjectContextCustomizer : 

Found multiple occurrences of org.json.JSONObject on the class path:

	jar:file:/C:/Users/User/.m2/repository/com/vaadin/external/google/android-json/0.0.20131108.vaadin1/android-json-0.0.20131108.vaadin1.jar!/org/json/JSONObject.class
	jar:file:/C:/Users/User/.m2/repository/org/json/json/20180130/json-20180130.jar!/org/json/JSONObject.class

You may wish to exclude one of them to ensure predictable runtime behavior

2022-11-21 11:26:51.173  INFO 11712 --- [           main] c.u.c.CsinfotechbdApplicationTests       : Starting CsinfotechbdApplicationTests on NB3648ABDULLAH with PID 11712 (started by User in E:\work\projects\IFIC_Collection)
2022-11-21 11:26:51.173  INFO 11712 --- [           main] c.u.c.CsinfotechbdApplicationTests       : The following profiles are active: sabbir
2022-11-21 11:26:51.550  INFO 11712 --- [           main] o.s.w.c.s.GenericWebApplicationContext   : Refreshing org.springframework.web.context.support.GenericWebApplicationContext@5f0fd5a0: startup date [Mon Nov 21 11:26:51 BDT 2022]; root of context hierarchy
2022-11-21 11:26:59.787  INFO 11712 --- [           main] ptablePropertiesBeanFactoryPostProcessor : Post-processing PropertySource instances
2022-11-21 11:26:59.849  INFO 11712 --- [           main] c.u.j.EncryptablePropertySourceConverter : Converting PropertySource configurationProperties [org.springframework.boot.context.properties.source.ConfigurationPropertySourcesPropertySource] to AOP Proxy
2022-11-21 11:26:59.849  INFO 11712 --- [           main] c.u.j.EncryptablePropertySourceConverter : Converting PropertySource Inlined Test Properties [org.springframework.core.env.MapPropertySource] to EncryptableMapPropertySourceWrapper
2022-11-21 11:26:59.849  INFO 11712 --- [           main] c.u.j.EncryptablePropertySourceConverter : Converting PropertySource systemProperties [org.springframework.core.env.MapPropertySource] to EncryptableMapPropertySourceWrapper
2022-11-21 11:26:59.849  INFO 11712 --- [           main] c.u.j.EncryptablePropertySourceConverter : Converting PropertySource systemEnvironment [org.springframework.boot.env.SystemEnvironmentPropertySourceEnvironmentPostProcessor$OriginAwareSystemEnvironmentPropertySource] to EncryptableSystemEnvironmentPropertySourceWrapper
2022-11-21 11:26:59.849  INFO 11712 --- [           main] c.u.j.EncryptablePropertySourceConverter : Converting PropertySource random [org.springframework.boot.env.RandomValuePropertySource] to EncryptablePropertySourceWrapper
2022-11-21 11:26:59.849  INFO 11712 --- [           main] c.u.j.EncryptablePropertySourceConverter : Converting PropertySource applicationConfig: [classpath:/application-sabbir.properties] [org.springframework.boot.env.OriginTrackedMapPropertySource] to EncryptableMapPropertySourceWrapper
2022-11-21 11:26:59.849  INFO 11712 --- [           main] c.u.j.EncryptablePropertySourceConverter : Converting PropertySource applicationConfig: [classpath:/application.properties] [org.springframework.boot.env.OriginTrackedMapPropertySource] to EncryptableMapPropertySourceWrapper
2022-11-21 11:27:00.193  INFO 11712 --- [           main] f.a.AutowiredAnnotationBeanPostProcessor : JSR-330 'javax.inject.Inject' annotation found and supported for autowiring
2022-11-21 11:27:00.349  INFO 11712 --- [           main] c.u.j.filter.DefaultLazyPropertyFilter   : Property Filter custom Bean not found with name 'encryptablePropertyFilter'. Initializing Default Property Filter
2022-11-21 11:27:00.427  INFO 11712 --- [           main] trationDelegate$BeanPostProcessorChecker : Bean 'org.springframework.ws.config.annotation.DelegatingWsConfiguration' of type [org.springframework.ws.config.annotation.DelegatingWsConfiguration$$EnhancerBySpringCGLIB$$6c3359b1] is not eligible for getting processed by all BeanPostProcessors (for example: not eligible for auto-proxying)
2022-11-21 11:27:00.490  INFO 11712 --- [           main] .w.s.a.s.AnnotationActionEndpointMapping : Supporting [WS-Addressing August 2004, WS-Addressing 1.0]
2022-11-21 11:27:00.552  INFO 11712 --- [           main] trationDelegate$BeanPostProcessorChecker : Bean 'org.springframework.transaction.annotation.ProxyTransactionManagementConfiguration' of type [org.springframework.transaction.annotation.ProxyTransactionManagementConfiguration$$EnhancerBySpringCGLIB$$c79b94b2] is not eligible for getting processed by all BeanPostProcessors (for example: not eligible for auto-proxying)
2022-11-21 11:27:00.662  INFO 11712 --- [           main] trationDelegate$BeanPostProcessorChecker : Bean 'org.springframework.security.config.annotation.configuration.ObjectPostProcessorConfiguration' of type [org.springframework.security.config.annotation.configuration.ObjectPostProcessorConfiguration$$EnhancerBySpringCGLIB$$60495cec] is not eligible for getting processed by all BeanPostProcessors (for example: not eligible for auto-proxying)
2022-11-21 11:27:00.693  INFO 11712 --- [           main] trationDelegate$BeanPostProcessorChecker : Bean 'objectPostProcessor' of type [org.springframework.security.config.annotation.configuration.AutowireBeanFactoryObjectPostProcessor] is not eligible for getting processed by all BeanPostProcessors (for example: not eligible for auto-proxying)
2022-11-21 11:27:00.693  INFO 11712 --- [           main] trationDelegate$BeanPostProcessorChecker : Bean 'org.springframework.security.access.expression.method.DefaultMethodSecurityExpressionHandler@7b95bdb0' of type [org.springframework.security.access.expression.method.DefaultMethodSecurityExpressionHandler] is not eligible for getting processed by all BeanPostProcessors (for example: not eligible for auto-proxying)
2022-11-21 11:27:00.693  INFO 11712 --- [           main] trationDelegate$BeanPostProcessorChecker : Bean 'org.springframework.security.config.annotation.method.configuration.GlobalMethodSecurityConfiguration' of type [org.springframework.security.config.annotation.method.configuration.GlobalMethodSecurityConfiguration$$EnhancerBySpringCGLIB$$851dff9e] is not eligible for getting processed by all BeanPostProcessors (for example: not eligible for auto-proxying)
2022-11-21 11:27:00.709  INFO 11712 --- [           main] trationDelegate$BeanPostProcessorChecker : Bean 'methodSecurityMetadataSource' of type [org.springframework.security.access.method.DelegatingMethodSecurityMetadataSource] is not eligible for getting processed by all BeanPostProcessors (for example: not eligible for auto-proxying)
2022-11-21 11:27:00.880  INFO 11712 --- [           main] c.u.j.r.DefaultLazyPropertyResolver      : Property Resolver custom Bean not found with name 'encryptablePropertyResolver'. Initializing Default Property Resolver
2022-11-21 11:27:00.896  INFO 11712 --- [           main] c.u.j.d.DefaultLazyPropertyDetector      : Property Detector custom Bean not found with name 'encryptablePropertyDetector'. Initializing Default Property Detector
2022-11-21 11:27:01.630  INFO 11712 --- [           main] com.zaxxer.hikari.HikariDataSource       : HikariPool-1 - Starting...
2022-11-21 11:27:01.646  WARN 11712 --- [           main] com.zaxxer.hikari.util.DriverDataSource  : Registered driver with driverClassName=oracle.jdbc.driver.OracleDriver was not found, trying direct instantiation.
2022-11-21 11:27:02.880  INFO 11712 --- [           main] com.zaxxer.hikari.HikariDataSource       : HikariPool-1 - Start completed.
2022-11-21 11:27:03.115  INFO 11712 --- [           main] j.LocalContainerEntityManagerFactoryBean : Building JPA container EntityManagerFactory for persistence unit 'default'
2022-11-21 11:27:31.531  INFO 11712 --- [           main] j.LocalContainerEntityManagerFactoryBean : Initialized JPA EntityManagerFactory for persistence unit 'default'
2022-11-21 11:27:46.223  WARN 11712 --- [           main] o.s.w.c.s.GenericWebApplicationContext   : Exception encountered during context initialization - cancelling refresh attempt: org.springframework.beans.factory.UnsatisfiedDependencyException: Error creating bean with name 'accountInformationController': Unsatisfied dependency expressed through field 'accountInformationService'; nested exception is org.springframework.beans.factory.UnsatisfiedDependencyException: Error creating bean with name 'accountInformationService': Unsatisfied dependency expressed through field 'accountInformationDao'; nested exception is org.springframework.beans.factory.UnsatisfiedDependencyException: Error creating bean with name 'accountInformationDao': Unsatisfied dependency expressed through field 'clientDbServerIfic'; nested exception is org.springframework.beans.factory.BeanCreationException: Error creating bean with name 'clientDbServerIfic' defined in class path resource [com/unisoft/config/ClientDbServerConfig.class]: Bean instantiation via factory method failed; nested exception is org.springframework.beans.BeanInstantiationException: Failed to instantiate [javax.sql.DataSource]: Factory method 'ificClientDBDataSource' threw exception; nested exception is org.springframework.boot.autoconfigure.jdbc.DataSourceProperties$DataSourceBeanCreationException: Failed to determine a suitable driver class
2022-11-21 11:27:46.426  INFO 11712 --- [           main] j.LocalContainerEntityManagerFactoryBean : Closing JPA EntityManagerFactory for persistence unit 'default'
2022-11-21 11:27:46.442  INFO 11712 --- [           main] com.zaxxer.hikari.HikariDataSource       : HikariPool-1 - Shutdown initiated...
2022-11-21 11:27:46.473  WARN 11712 --- [           main] o.s.b.f.support.DisposableBeanAdapter    : Destroy method 'close' on bean with name 'primaryDbSource' threw an exception: java.lang.NoSuchMethodError: io.micrometer.core.instrument.MeterRegistry.remove(Lio/micrometer/core/instrument/Meter;)Lio/micrometer/core/instrument/Meter;
2022-11-21 11:27:46.504  INFO 11712 --- [           main] ConditionEvaluationReportLoggingListener : 

Error starting ApplicationContext. To display the conditions report re-run your application with 'debug' enabled.
2022-11-21 11:27:46.504 ERROR 11712 --- [           main] o.s.b.d.LoggingFailureAnalysisReporter   : 

***************************
APPLICATION FAILED TO START
***************************

Description:

Failed to configure a DataSource: 'url' attribute is not specified and no embedded datasource could be configured.

Reason: Failed to determine a suitable driver class


Action:

Consider the following:
	If you want an embedded database (H2, HSQL or Derby), please put it on the classpath.
	If you have database settings to be loaded from a particular profile you may need to activate it (no profiles are currently active).

2022-11-21 11:27:46.520 ERROR 11712 --- [           main] o.s.test.context.TestContextManager      : Caught exception while allowing TestExecutionListener [org.springframework.test.context.web.ServletTestExecutionListener@6bedbc4d] to prepare test instance [com.unisoft.csinfotechbd.CsinfotechbdApplicationTests@467c785d]

java.lang.IllegalStateException: Failed to load ApplicationContext
	at org.springframework.test.context.cache.DefaultCacheAwareContextLoaderDelegate.loadContext(DefaultCacheAwareContextLoaderDelegate.java:125) ~[spring-test-5.0.11.RELEASE.jar:5.0.11.RELEASE]
	at org.springframework.test.context.support.DefaultTestContext.getApplicationContext(DefaultTestContext.java:108) ~[spring-test-5.0.11.RELEASE.jar:5.0.11.RELEASE]
	at org.springframework.test.context.web.ServletTestExecutionListener.setUpRequestContextIfNecessary(ServletTestExecutionListener.java:190) ~[spring-test-5.0.11.RELEASE.jar:5.0.11.RELEASE]
	at org.springframework.test.context.web.ServletTestExecutionListener.prepareTestInstance(ServletTestExecutionListener.java:132) ~[spring-test-5.0.11.RELEASE.jar:5.0.11.RELEASE]
	at org.springframework.test.context.TestContextManager.prepareTestInstance(TestContextManager.java:246) ~[spring-test-5.0.11.RELEASE.jar:5.0.11.RELEASE]
	at org.springframework.test.context.junit4.SpringJUnit4ClassRunner.createTest(SpringJUnit4ClassRunner.java:227) [spring-test-5.0.11.RELEASE.jar:5.0.11.RELEASE]
	at org.springframework.test.context.junit4.SpringJUnit4ClassRunner$1.runReflectiveCall(SpringJUnit4ClassRunner.java:289) [spring-test-5.0.11.RELEASE.jar:5.0.11.RELEASE]
	at org.junit.internal.runners.model.ReflectiveCallable.run(ReflectiveCallable.java:12) [junit-4.12.jar:4.12]
	at org.springframework.test.context.junit4.SpringJUnit4ClassRunner.methodBlock(SpringJUnit4ClassRunner.java:291) [spring-test-5.0.11.RELEASE.jar:5.0.11.RELEASE]
	at org.springframework.test.context.junit4.SpringJUnit4ClassRunner.runChild(SpringJUnit4ClassRunner.java:246) [spring-test-5.0.11.RELEASE.jar:5.0.11.RELEASE]
	at org.springframework.test.context.junit4.SpringJUnit4ClassRunner.runChild(SpringJUnit4ClassRunner.java:97) [spring-test-5.0.11.RELEASE.jar:5.0.11.RELEASE]
	at org.junit.runners.ParentRunner$3.run(ParentRunner.java:290) [junit-4.12.jar:4.12]
	at org.junit.runners.ParentRunner$1.schedule(ParentRunner.java:71) [junit-4.12.jar:4.12]
	at org.junit.runners.ParentRunner.runChildren(ParentRunner.java:288) [junit-4.12.jar:4.12]
	at org.junit.runners.ParentRunner.access$000(ParentRunner.java:58) [junit-4.12.jar:4.12]
	at org.junit.runners.ParentRunner$2.evaluate(ParentRunner.java:268) [junit-4.12.jar:4.12]
	at org.springframework.test.context.junit4.statements.RunBeforeTestClassCallbacks.evaluate(RunBeforeTestClassCallbacks.java:61) [spring-test-5.0.11.RELEASE.jar:5.0.11.RELEASE]
	at org.springframework.test.context.junit4.statements.RunAfterTestClassCallbacks.evaluate(RunAfterTestClassCallbacks.java:70) [spring-test-5.0.11.RELEASE.jar:5.0.11.RELEASE]
	at org.junit.runners.ParentRunner.run(ParentRunner.java:363) [junit-4.12.jar:4.12]
	at org.springframework.test.context.junit4.SpringJUnit4ClassRunner.run(SpringJUnit4ClassRunner.java:190) [spring-test-5.0.11.RELEASE.jar:5.0.11.RELEASE]
	at org.apache.maven.surefire.junit4.JUnit4Provider.execute(JUnit4Provider.java:365) [surefire-junit4-2.21.0.jar:2.21.0]
	at org.apache.maven.surefire.junit4.JUnit4Provider.executeWithRerun(JUnit4Provider.java:273) [surefire-junit4-2.21.0.jar:2.21.0]
	at org.apache.maven.surefire.junit4.JUnit4Provider.executeTestSet(JUnit4Provider.java:238) [surefire-junit4-2.21.0.jar:2.21.0]
	at org.apache.maven.surefire.junit4.JUnit4Provider.invoke(JUnit4Provider.java:159) [surefire-junit4-2.21.0.jar:2.21.0]
	at org.apache.maven.surefire.booter.ForkedBooter.invokeProviderInSameClassLoader(ForkedBooter.java:379) [surefire-booter-2.21.0.jar:2.21.0]
	at org.apache.maven.surefire.booter.ForkedBooter.runSuitesInProcess(ForkedBooter.java:340) [surefire-booter-2.21.0.jar:2.21.0]
	at org.apache.maven.surefire.booter.ForkedBooter.execute(ForkedBooter.java:125) [surefire-booter-2.21.0.jar:2.21.0]
	at org.apache.maven.surefire.booter.ForkedBooter.main(ForkedBooter.java:413) [surefire-booter-2.21.0.jar:2.21.0]
Caused by: org.springframework.beans.factory.UnsatisfiedDependencyException: Error creating bean with name 'accountInformationController': Unsatisfied dependency expressed through field 'accountInformationService'; nested exception is org.springframework.beans.factory.UnsatisfiedDependencyException: Error creating bean with name 'accountInformationService': Unsatisfied dependency expressed through field 'accountInformationDao'; nested exception is org.springframework.beans.factory.UnsatisfiedDependencyException: Error creating bean with name 'accountInformationDao': Unsatisfied dependency expressed through field 'clientDbServerIfic'; nested exception is org.springframework.beans.factory.BeanCreationException: Error creating bean with name 'clientDbServerIfic' defined in class path resource [com/unisoft/config/ClientDbServerConfig.class]: Bean instantiation via factory method failed; nested exception is org.springframework.beans.BeanInstantiationException: Failed to instantiate [javax.sql.DataSource]: Factory method 'ificClientDBDataSource' threw exception; nested exception is org.springframework.boot.autoconfigure.jdbc.DataSourceProperties$DataSourceBeanCreationException: Failed to determine a suitable driver class
	at org.springframework.beans.factory.annotation.AutowiredAnnotationBeanPostProcessor$AutowiredFieldElement.inject(AutowiredAnnotationBeanPostProcessor.java:584) ~[spring-beans-5.0.11.RELEASE.jar:5.0.11.RELEASE]
	at org.springframework.beans.factory.annotation.InjectionMetadata.inject(InjectionMetadata.java:90) ~[spring-beans-5.0.11.RELEASE.jar:5.0.11.RELEASE]
	at org.springframework.beans.factory.annotation.AutowiredAnnotationBeanPostProcessor.postProcessPropertyValues(AutowiredAnnotationBeanPostProcessor.java:370) ~[spring-beans-5.0.11.RELEASE.jar:5.0.11.RELEASE]
	at org.springframework.beans.factory.support.AbstractAutowireCapableBeanFactory.populateBean(AbstractAutowireCapableBeanFactory.java:1336) ~[spring-beans-5.0.11.RELEASE.jar:5.0.11.RELEASE]
	at org.springframework.beans.factory.support.AbstractAutowireCapableBeanFactory.doCreateBean(AbstractAutowireCapableBeanFactory.java:572) ~[spring-beans-5.0.11.RELEASE.jar:5.0.11.RELEASE]
	at org.springframework.beans.factory.support.AbstractAutowireCapableBeanFactory.createBean(AbstractAutowireCapableBeanFactory.java:495) ~[spring-beans-5.0.11.RELEASE.jar:5.0.11.RELEASE]
	at org.springframework.beans.factory.support.AbstractBeanFactory.lambda$doGetBean$0(AbstractBeanFactory.java:317) ~[spring-beans-5.0.11.RELEASE.jar:5.0.11.RELEASE]
	at org.springframework.beans.factory.support.DefaultSingletonBeanRegistry.getSingleton(DefaultSingletonBeanRegistry.java:222) ~[spring-beans-5.0.11.RELEASE.jar:5.0.11.RELEASE]
	at org.springframework.beans.factory.support.AbstractBeanFactory.doGetBean(AbstractBeanFactory.java:315) ~[spring-beans-5.0.11.RELEASE.jar:5.0.11.RELEASE]
	at org.springframework.beans.factory.support.AbstractBeanFactory.getBean(AbstractBeanFactory.java:199) ~[spring-beans-5.0.11.RELEASE.jar:5.0.11.RELEASE]
	at org.springframework.beans.factory.support.DefaultListableBeanFactory.preInstantiateSingletons(DefaultListableBeanFactory.java:759) ~[spring-beans-5.0.11.RELEASE.jar:5.0.11.RELEASE]
	at org.springframework.context.support.AbstractApplicationContext.finishBeanFactoryInitialization(AbstractApplicationContext.java:867) ~[spring-context-5.0.11.RELEASE.jar:5.0.11.RELEASE]
	at org.springframework.context.support.AbstractApplicationContext.refresh(AbstractApplicationContext.java:548) ~[spring-context-5.0.11.RELEASE.jar:5.0.11.RELEASE]
	at org.springframework.boot.SpringApplication.refresh(SpringApplication.java:754) ~[spring-boot-2.0.7.RELEASE.jar:2.0.7.RELEASE]
	at org.springframework.boot.SpringApplication.refreshContext(SpringApplication.java:386) ~[spring-boot-2.0.7.RELEASE.jar:2.0.7.RELEASE]
	at org.springframework.boot.SpringApplication.run(SpringApplication.java:307) ~[spring-boot-2.0.7.RELEASE.jar:2.0.7.RELEASE]
	at org.springframework.boot.test.context.SpringBootContextLoader.loadContext(SpringBootContextLoader.java:127) ~[spring-boot-test-2.0.7.RELEASE.jar:2.0.7.RELEASE]
	at org.springframework.test.context.cache.DefaultCacheAwareContextLoaderDelegate.loadContextInternal(DefaultCacheAwareContextLoaderDelegate.java:99) ~[spring-test-5.0.11.RELEASE.jar:5.0.11.RELEASE]
	at org.springframework.test.context.cache.DefaultCacheAwareContextLoaderDelegate.loadContext(DefaultCacheAwareContextLoaderDelegate.java:117) ~[spring-test-5.0.11.RELEASE.jar:5.0.11.RELEASE]
	... 27 common frames omitted
Caused by: org.springframework.beans.factory.UnsatisfiedDependencyException: Error creating bean with name 'accountInformationService': Unsatisfied dependency expressed through field 'accountInformationDao'; nested exception is org.springframework.beans.factory.UnsatisfiedDependencyException: Error creating bean with name 'accountInformationDao': Unsatisfied dependency expressed through field 'clientDbServerIfic'; nested exception is org.springframework.beans.factory.BeanCreationException: Error creating bean with name 'clientDbServerIfic' defined in class path resource [com/unisoft/config/ClientDbServerConfig.class]: Bean instantiation via factory method failed; nested exception is org.springframework.beans.BeanInstantiationException: Failed to instantiate [javax.sql.DataSource]: Factory method 'ificClientDBDataSource' threw exception; nested exception is org.springframework.boot.autoconfigure.jdbc.DataSourceProperties$DataSourceBeanCreationException: Failed to determine a suitable driver class
	at org.springframework.beans.factory.annotation.AutowiredAnnotationBeanPostProcessor$AutowiredFieldElement.inject(AutowiredAnnotationBeanPostProcessor.java:584) ~[spring-beans-5.0.11.RELEASE.jar:5.0.11.RELEASE]
	at org.springframework.beans.factory.annotation.InjectionMetadata.inject(InjectionMetadata.java:90) ~[spring-beans-5.0.11.RELEASE.jar:5.0.11.RELEASE]
	at org.springframework.beans.factory.annotation.AutowiredAnnotationBeanPostProcessor.postProcessPropertyValues(AutowiredAnnotationBeanPostProcessor.java:370) ~[spring-beans-5.0.11.RELEASE.jar:5.0.11.RELEASE]
	at org.springframework.beans.factory.support.AbstractAutowireCapableBeanFactory.populateBean(AbstractAutowireCapableBeanFactory.java:1336) ~[spring-beans-5.0.11.RELEASE.jar:5.0.11.RELEASE]
	at org.springframework.beans.factory.support.AbstractAutowireCapableBeanFactory.doCreateBean(AbstractAutowireCapableBeanFactory.java:572) ~[spring-beans-5.0.11.RELEASE.jar:5.0.11.RELEASE]
	at org.springframework.beans.factory.support.AbstractAutowireCapableBeanFactory.createBean(AbstractAutowireCapableBeanFactory.java:495) ~[spring-beans-5.0.11.RELEASE.jar:5.0.11.RELEASE]
	at org.springframework.beans.factory.support.AbstractBeanFactory.lambda$doGetBean$0(AbstractBeanFactory.java:317) ~[spring-beans-5.0.11.RELEASE.jar:5.0.11.RELEASE]
	at org.springframework.beans.factory.support.DefaultSingletonBeanRegistry.getSingleton(DefaultSingletonBeanRegistry.java:222) ~[spring-beans-5.0.11.RELEASE.jar:5.0.11.RELEASE]
	at org.springframework.beans.factory.support.AbstractBeanFactory.doGetBean(AbstractBeanFactory.java:315) ~[spring-beans-5.0.11.RELEASE.jar:5.0.11.RELEASE]
	at org.springframework.beans.factory.support.AbstractBeanFactory.getBean(AbstractBeanFactory.java:199) ~[spring-beans-5.0.11.RELEASE.jar:5.0.11.RELEASE]
	at org.springframework.beans.factory.config.DependencyDescriptor.resolveCandidate(DependencyDescriptor.java:251) ~[spring-beans-5.0.11.RELEASE.jar:5.0.11.RELEASE]
	at org.springframework.beans.factory.support.DefaultListableBeanFactory.doResolveDependency(DefaultListableBeanFactory.java:1135) ~[spring-beans-5.0.11.RELEASE.jar:5.0.11.RELEASE]
	at org.springframework.beans.factory.support.DefaultListableBeanFactory.resolveDependency(DefaultListableBeanFactory.java:1062) ~[spring-beans-5.0.11.RELEASE.jar:5.0.11.RELEASE]
	at org.springframework.beans.factory.annotation.AutowiredAnnotationBeanPostProcessor$AutowiredFieldElement.inject(AutowiredAnnotationBeanPostProcessor.java:581) ~[spring-beans-5.0.11.RELEASE.jar:5.0.11.RELEASE]
	... 45 common frames omitted
Caused by: org.springframework.beans.factory.UnsatisfiedDependencyException: Error creating bean with name 'accountInformationDao': Unsatisfied dependency expressed through field 'clientDbServerIfic'; nested exception is org.springframework.beans.factory.BeanCreationException: Error creating bean with name 'clientDbServerIfic' defined in class path resource [com/unisoft/config/ClientDbServerConfig.class]: Bean instantiation via factory method failed; nested exception is org.springframework.beans.BeanInstantiationException: Failed to instantiate [javax.sql.DataSource]: Factory method 'ificClientDBDataSource' threw exception; nested exception is org.springframework.boot.autoconfigure.jdbc.DataSourceProperties$DataSourceBeanCreationException: Failed to determine a suitable driver class
	at org.springframework.beans.factory.annotation.AutowiredAnnotationBeanPostProcessor$AutowiredFieldElement.inject(AutowiredAnnotationBeanPostProcessor.java:584) ~[spring-beans-5.0.11.RELEASE.jar:5.0.11.RELEASE]
	at org.springframework.beans.factory.annotation.InjectionMetadata.inject(InjectionMetadata.java:90) ~[spring-beans-5.0.11.RELEASE.jar:5.0.11.RELEASE]
	at org.springframework.beans.factory.annotation.AutowiredAnnotationBeanPostProcessor.postProcessPropertyValues(AutowiredAnnotationBeanPostProcessor.java:370) ~[spring-beans-5.0.11.RELEASE.jar:5.0.11.RELEASE]
	at org.springframework.beans.factory.support.AbstractAutowireCapableBeanFactory.populateBean(AbstractAutowireCapableBeanFactory.java:1336) ~[spring-beans-5.0.11.RELEASE.jar:5.0.11.RELEASE]
	at org.springframework.beans.factory.support.AbstractAutowireCapableBeanFactory.doCreateBean(AbstractAutowireCapableBeanFactory.java:572) ~[spring-beans-5.0.11.RELEASE.jar:5.0.11.RELEASE]
	at org.springframework.beans.factory.support.AbstractAutowireCapableBeanFactory.createBean(AbstractAutowireCapableBeanFactory.java:495) ~[spring-beans-5.0.11.RELEASE.jar:5.0.11.RELEASE]
	at org.springframework.beans.factory.support.AbstractBeanFactory.lambda$doGetBean$0(AbstractBeanFactory.java:317) ~[spring-beans-5.0.11.RELEASE.jar:5.0.11.RELEASE]
	at org.springframework.beans.factory.support.DefaultSingletonBeanRegistry.getSingleton(DefaultSingletonBeanRegistry.java:222) ~[spring-beans-5.0.11.RELEASE.jar:5.0.11.RELEASE]
	at org.springframework.beans.factory.support.AbstractBeanFactory.doGetBean(AbstractBeanFactory.java:315) ~[spring-beans-5.0.11.RELEASE.jar:5.0.11.RELEASE]
	at org.springframework.beans.factory.support.AbstractBeanFactory.getBean(AbstractBeanFactory.java:199) ~[spring-beans-5.0.11.RELEASE.jar:5.0.11.RELEASE]
	at org.springframework.beans.factory.config.DependencyDescriptor.resolveCandidate(DependencyDescriptor.java:251) ~[spring-beans-5.0.11.RELEASE.jar:5.0.11.RELEASE]
	at org.springframework.beans.factory.support.DefaultListableBeanFactory.doResolveDependency(DefaultListableBeanFactory.java:1135) ~[spring-beans-5.0.11.RELEASE.jar:5.0.11.RELEASE]
	at org.springframework.beans.factory.support.DefaultListableBeanFactory.resolveDependency(DefaultListableBeanFactory.java:1062) ~[spring-beans-5.0.11.RELEASE.jar:5.0.11.RELEASE]
	at org.springframework.beans.factory.annotation.AutowiredAnnotationBeanPostProcessor$AutowiredFieldElement.inject(AutowiredAnnotationBeanPostProcessor.java:581) ~[spring-beans-5.0.11.RELEASE.jar:5.0.11.RELEASE]
	... 58 common frames omitted
Caused by: org.springframework.beans.factory.BeanCreationException: Error creating bean with name 'clientDbServerIfic' defined in class path resource [com/unisoft/config/ClientDbServerConfig.class]: Bean instantiation via factory method failed; nested exception is org.springframework.beans.BeanInstantiationException: Failed to instantiate [javax.sql.DataSource]: Factory method 'ificClientDBDataSource' threw exception; nested exception is org.springframework.boot.autoconfigure.jdbc.DataSourceProperties$DataSourceBeanCreationException: Failed to determine a suitable driver class
	at org.springframework.beans.factory.support.ConstructorResolver.instantiateUsingFactoryMethod(ConstructorResolver.java:591) ~[spring-beans-5.0.11.RELEASE.jar:5.0.11.RELEASE]
	at org.springframework.beans.factory.support.AbstractAutowireCapableBeanFactory.instantiateUsingFactoryMethod(AbstractAutowireCapableBeanFactory.java:1246) ~[spring-beans-5.0.11.RELEASE.jar:5.0.11.RELEASE]
	at org.springframework.beans.factory.support.AbstractAutowireCapableBeanFactory.createBeanInstance(AbstractAutowireCapableBeanFactory.java:1096) ~[spring-beans-5.0.11.RELEASE.jar:5.0.11.RELEASE]
	at org.springframework.beans.factory.support.AbstractAutowireCapableBeanFactory.doCreateBean(AbstractAutowireCapableBeanFactory.java:535) ~[spring-beans-5.0.11.RELEASE.jar:5.0.11.RELEASE]
	at org.springframework.beans.factory.support.AbstractAutowireCapableBeanFactory.createBean(AbstractAutowireCapableBeanFactory.java:495) ~[spring-beans-5.0.11.RELEASE.jar:5.0.11.RELEASE]
	at org.springframework.beans.factory.support.AbstractBeanFactory.lambda$doGetBean$0(AbstractBeanFactory.java:317) ~[spring-beans-5.0.11.RELEASE.jar:5.0.11.RELEASE]
	at org.springframework.beans.factory.support.DefaultSingletonBeanRegistry.getSingleton(DefaultSingletonBeanRegistry.java:222) ~[spring-beans-5.0.11.RELEASE.jar:5.0.11.RELEASE]
	at org.springframework.beans.factory.support.AbstractBeanFactory.doGetBean(AbstractBeanFactory.java:315) ~[spring-beans-5.0.11.RELEASE.jar:5.0.11.RELEASE]
	at org.springframework.beans.factory.support.AbstractBeanFactory.getBean(AbstractBeanFactory.java:199) ~[spring-beans-5.0.11.RELEASE.jar:5.0.11.RELEASE]
	at org.springframework.beans.factory.config.DependencyDescriptor.resolveCandidate(DependencyDescriptor.java:251) ~[spring-beans-5.0.11.RELEASE.jar:5.0.11.RELEASE]
	at org.springframework.beans.factory.support.DefaultListableBeanFactory.doResolveDependency(DefaultListableBeanFactory.java:1135) ~[spring-beans-5.0.11.RELEASE.jar:5.0.11.RELEASE]
	at org.springframework.beans.factory.support.DefaultListableBeanFactory.resolveDependency(DefaultListableBeanFactory.java:1062) ~[spring-beans-5.0.11.RELEASE.jar:5.0.11.RELEASE]
	at org.springframework.beans.factory.annotation.AutowiredAnnotationBeanPostProcessor$AutowiredFieldElement.inject(AutowiredAnnotationBeanPostProcessor.java:581) ~[spring-beans-5.0.11.RELEASE.jar:5.0.11.RELEASE]
	... 71 common frames omitted
Caused by: org.springframework.beans.BeanInstantiationException: Failed to instantiate [javax.sql.DataSource]: Factory method 'ificClientDBDataSource' threw exception; nested exception is org.springframework.boot.autoconfigure.jdbc.DataSourceProperties$DataSourceBeanCreationException: Failed to determine a suitable driver class
	at org.springframework.beans.factory.support.SimpleInstantiationStrategy.instantiate(SimpleInstantiationStrategy.java:185) ~[spring-beans-5.0.11.RELEASE.jar:5.0.11.RELEASE]
	at org.springframework.beans.factory.support.ConstructorResolver.instantiateUsingFactoryMethod(ConstructorResolver.java:583) ~[spring-beans-5.0.11.RELEASE.jar:5.0.11.RELEASE]
	... 83 common frames omitted
Caused by: org.springframework.boot.autoconfigure.jdbc.DataSourceProperties$DataSourceBeanCreationException: Failed to determine a suitable driver class
	at org.springframework.boot.autoconfigure.jdbc.DataSourceProperties.determineDriverClassName(DataSourceProperties.java:236) ~[spring-boot-autoconfigure-2.0.7.RELEASE.jar:2.0.7.RELEASE]
	at org.springframework.boot.autoconfigure.jdbc.DataSourceProperties.initializeDataSourceBuilder(DataSourceProperties.java:176) ~[spring-boot-autoconfigure-2.0.7.RELEASE.jar:2.0.7.RELEASE]
	at com.unisoft.config.ClientDbServerConfig.ificClientDBDataSource(ClientDbServerConfig.java:72) ~[classes/:na]
	at com.unisoft.config.ClientDbServerConfig$$EnhancerBySpringCGLIB$$fbd15570.CGLIB$ificClientDBDataSource$2(<generated>) ~[classes/:na]
	at com.unisoft.config.ClientDbServerConfig$$EnhancerBySpringCGLIB$$fbd15570$$FastClassBySpringCGLIB$$58632f22.invoke(<generated>) ~[classes/:na]
	at org.springframework.cglib.proxy.MethodProxy.invokeSuper(MethodProxy.java:228) ~[spring-core-5.0.11.RELEASE.jar:5.0.11.RELEASE]
	at org.springframework.context.annotation.ConfigurationClassEnhancer$BeanMethodInterceptor.intercept(ConfigurationClassEnhancer.java:365) ~[spring-context-5.0.11.RELEASE.jar:5.0.11.RELEASE]
	at com.unisoft.config.ClientDbServerConfig$$EnhancerBySpringCGLIB$$fbd15570.ificClientDBDataSource(<generated>) ~[classes/:na]
	at sun.reflect.NativeMethodAccessorImpl.invoke0(Native Method) ~[na:1.8.0_202]
	at sun.reflect.NativeMethodAccessorImpl.invoke(NativeMethodAccessorImpl.java:62) ~[na:1.8.0_202]
	at sun.reflect.DelegatingMethodAccessorImpl.invoke(DelegatingMethodAccessorImpl.java:43) ~[na:1.8.0_202]
	at java.lang.reflect.Method.invoke(Method.java:498) ~[na:1.8.0_202]
	at org.springframework.beans.factory.support.SimpleInstantiationStrategy.instantiate(SimpleInstantiationStrategy.java:154) ~[spring-beans-5.0.11.RELEASE.jar:5.0.11.RELEASE]
	... 84 common frames omitted

]]></system-out>
  </testcase>
</testsuite>